CRITICAL - 2022-05-19 02:24:30 --> Too few arguments to function CodeIgniter\Database\BaseBuilder::join(), 1 passed in C:\xampp\htdocs\sistem-presensi\vendor\codeigniter4\framework\system\Model.php on line 720 and at least 2 expected
#0 C:\xampp\htdocs\sistem-presensi\vendor\codeigniter4\framework\system\Model.php(720): CodeIgniter\Database\BaseBuilder->join('kelas,kelas.id_...')
#1 C:\xampp\htdocs\sistem-presensi\app\Controllers\Admin.php(593): CodeIgniter\Model->__call('join', Array)
#2 C:\xampp\htdocs\sistem-presensi\vendor\codeigniter4\framework\system\CodeIgniter.php(802): App\Controllers\Admin->resultsiswa()
#3 C:\xampp\htdocs\sistem-presensi\vendor\codeigniter4\framework\system\CodeIgniter.php(399): CodeIgniter\CodeIgniter->runController(Object(App\Controllers\Admin))
#4 C:\xampp\htdocs\sistem-presensi\vendor\codeigniter4\framework\system\CodeIgniter.php(317): CodeIgniter\CodeIgniter->handleRequest(NULL, Object(Config\Cache), false)
#5 C:\xampp\htdocs\sistem-presensi\public\index.php(37): CodeIgniter\CodeIgniter->run()
#6 C:\xampp\htdocs\sistem-presensi\vendor\codeigniter4\framework\system\Commands\Server\rewrite.php(43): require_once('C:\\xampp\\htdocs...')
#7 {main}
CRITICAL - 2022-05-19 02:25:07 --> Too few arguments to function CodeIgniter\Database\BaseBuilder::join(), 1 passed in C:\xampp\htdocs\sistem-presensi\vendor\codeigniter4\framework\system\Model.php on line 720 and at least 2 expected
#0 C:\xampp\htdocs\sistem-presensi\vendor\codeigniter4\framework\system\Model.php(720): CodeIgniter\Database\BaseBuilder->join('kelas,kelas.id_...')
#1 C:\xampp\htdocs\sistem-presensi\app\Controllers\Admin.php(593): CodeIgniter\Model->__call('join', Array)
#2 C:\xampp\htdocs\sistem-presensi\vendor\codeigniter4\framework\system\CodeIgniter.php(802): App\Controllers\Admin->resultsiswa()
#3 C:\xampp\htdocs\sistem-presensi\vendor\codeigniter4\framework\system\CodeIgniter.php(399): CodeIgniter\CodeIgniter->runController(Object(App\Controllers\Admin))
#4 C:\xampp\htdocs\sistem-presensi\vendor\codeigniter4\framework\system\CodeIgniter.php(317): CodeIgniter\CodeIgniter->handleRequest(NULL, Object(Config\Cache), false)
#5 C:\xampp\htdocs\sistem-presensi\public\index.php(37): CodeIgniter\CodeIgniter->run()
#6 C:\xampp\htdocs\sistem-presensi\vendor\codeigniter4\framework\system\Commands\Server\rewrite.php(43): require_once('C:\\xampp\\htdocs...')
#7 {main}
CRITICAL - 2022-05-19 02:25:12 --> Too few arguments to function CodeIgniter\Database\BaseBuilder::join(), 1 passed in C:\xampp\htdocs\sistem-presensi\vendor\codeigniter4\framework\system\Model.php on line 720 and at least 2 expected
#0 C:\xampp\htdocs\sistem-presensi\vendor\codeigniter4\framework\system\Model.php(720): CodeIgniter\Database\BaseBuilder->join('kelas,kelas.id_...')
#1 C:\xampp\htdocs\sistem-presensi\app\Controllers\Admin.php(593): CodeIgniter\Model->__call('join', Array)
#2 C:\xampp\htdocs\sistem-presensi\vendor\codeigniter4\framework\system\CodeIgniter.php(802): App\Controllers\Admin->resultsiswa()
#3 C:\xampp\htdocs\sistem-presensi\vendor\codeigniter4\framework\system\CodeIgniter.php(399): CodeIgniter\CodeIgniter->runController(Object(App\Controllers\Admin))
#4 C:\xampp\htdocs\sistem-presensi\vendor\codeigniter4\framework\system\CodeIgniter.php(317): CodeIgniter\CodeIgniter->handleRequest(NULL, Object(Config\Cache), false)
#5 C:\xampp\htdocs\sistem-presensi\public\index.php(37): CodeIgniter\CodeIgniter->run()
#6 C:\xampp\htdocs\sistem-presensi\vendor\codeigniter4\framework\system\Commands\Server\rewrite.php(43): require_once('C:\\xampp\\htdocs...')
#7 {main}
CRITICAL - 2022-05-19 02:27:24 --> Too few arguments to function CodeIgniter\Database\BaseBuilder::join(), 1 passed in C:\xampp\htdocs\sistem-presensi\vendor\codeigniter4\framework\system\Model.php on line 720 and at least 2 expected
#0 C:\xampp\htdocs\sistem-presensi\vendor\codeigniter4\framework\system\Model.php(720): CodeIgniter\Database\BaseBuilder->join('kelas,kelas.id_...')
#1 C:\xampp\htdocs\sistem-presensi\app\Controllers\Admin.php(593): CodeIgniter\Model->__call('join', Array)
#2 C:\xampp\htdocs\sistem-presensi\vendor\codeigniter4\framework\system\CodeIgniter.php(802): App\Controllers\Admin->resultsiswa()
#3 C:\xampp\htdocs\sistem-presensi\vendor\codeigniter4\framework\system\CodeIgniter.php(399): CodeIgniter\CodeIgniter->runController(Object(App\Controllers\Admin))
#4 C:\xampp\htdocs\sistem-presensi\vendor\codeigniter4\framework\system\CodeIgniter.php(317): CodeIgniter\CodeIgniter->handleRequest(NULL, Object(Config\Cache), false)
#5 C:\xampp\htdocs\sistem-presensi\public\index.php(37): CodeIgniter\CodeIgniter->run()
#6 C:\xampp\htdocs\sistem-presensi\vendor\codeigniter4\framework\system\Commands\Server\rewrite.php(43): require_once('C:\\xampp\\htdocs...')
#7 {main}
CRITICAL - 2022-05-19 02:27:30 --> Too few arguments to function CodeIgniter\Database\BaseBuilder::join(), 1 passed in C:\xampp\htdocs\sistem-presensi\vendor\codeigniter4\framework\system\Model.php on line 720 and at least 2 expected
#0 C:\xampp\htdocs\sistem-presensi\vendor\codeigniter4\framework\system\Model.php(720): CodeIgniter\Database\BaseBuilder->join('kelas,kelas.id_...')
#1 C:\xampp\htdocs\sistem-presensi\app\Controllers\Admin.php(593): CodeIgniter\Model->__call('join', Array)
#2 C:\xampp\htdocs\sistem-presensi\vendor\codeigniter4\framework\system\CodeIgniter.php(802): App\Controllers\Admin->resultsiswa()
#3 C:\xampp\htdocs\sistem-presensi\vendor\codeigniter4\framework\system\CodeIgniter.php(399): CodeIgniter\CodeIgniter->runController(Object(App\Controllers\Admin))
#4 C:\xampp\htdocs\sistem-presensi\vendor\codeigniter4\framework\system\CodeIgniter.php(317): CodeIgniter\CodeIgniter->handleRequest(NULL, Object(Config\Cache), false)
#5 C:\xampp\htdocs\sistem-presensi\public\index.php(37): CodeIgniter\CodeIgniter->run()
#6 C:\xampp\htdocs\sistem-presensi\vendor\codeigniter4\framework\system\Commands\Server\rewrite.php(43): require_once('C:\\xampp\\htdocs...')
#7 {main}
ERROR - 2022-05-19 02:28:32 --> Unknown column 'data_siswa.id_kelas' in 'on clause'
CRITICAL - 2022-05-19 02:28:32 --> Unknown column 'data_siswa.id_kelas' in 'on clause'
#0 C:\xampp\htdocs\sistem-presensi\vendor\codeigniter4\framework\system\Database\MySQLi\Connection.php(280): mysqli->query('SELECT COUNT(*)...')
#1 C:\xampp\htdocs\sistem-presensi\vendor\codeigniter4\framework\system\Database\BaseConnection.php(663): CodeIgniter\Database\MySQLi\Connection->execute('SELECT COUNT(*)...')
#2 C:\xampp\htdocs\sistem-presensi\vendor\codeigniter4\framework\system\Database\BaseConnection.php(591): CodeIgniter\Database\BaseConnection->simpleQuery('SELECT COUNT(*)...')
#3 C:\xampp\htdocs\sistem-presensi\vendor\codeigniter4\framework\system\Database\BaseBuilder.php(1512): CodeIgniter\Database\BaseConnection->query('SELECT COUNT(*)...', Array, false)
#4 C:\xampp\htdocs\sistem-presensi\vendor\codeigniter4\framework\system\Model.php(509): CodeIgniter\Database\BaseBuilder->countAllResults(false)
#5 C:\xampp\htdocs\sistem-presensi\vendor\codeigniter4\framework\system\BaseModel.php(1080): CodeIgniter\Model->countAllResults(false)
#6 C:\xampp\htdocs\sistem-presensi\app\Controllers\Admin.php(594): CodeIgniter\BaseModel->paginate(5, 'resultsiswa')
#7 C:\xampp\htdocs\sistem-presensi\vendor\codeigniter4\framework\system\CodeIgniter.php(802): App\Controllers\Admin->resultsiswa()
#8 C:\xampp\htdocs\sistem-presensi\vendor\codeigniter4\framework\system\CodeIgniter.php(399): CodeIgniter\CodeIgniter->runController(Object(App\Controllers\Admin))
#9 C:\xampp\htdocs\sistem-presensi\vendor\codeigniter4\framework\system\CodeIgniter.php(317): CodeIgniter\CodeIgniter->handleRequest(NULL, Object(Config\Cache), false)
#10 C:\xampp\htdocs\sistem-presensi\public\index.php(37): CodeIgniter\CodeIgniter->run()
#11 C:\xampp\htdocs\sistem-presensi\vendor\codeigniter4\framework\system\Commands\Server\rewrite.php(43): require_once('C:\\xampp\\htdocs...')
#12 {main}
ERROR - 2022-05-19 02:31:04 --> Unknown column 'data_siswa.id_kelas' in 'on clause'
CRITICAL - 2022-05-19 02:31:04 --> Unknown column 'data_siswa.id_kelas' in 'on clause'
#0 C:\xampp\htdocs\sistem-presensi\vendor\codeigniter4\framework\system\Database\MySQLi\Connection.php(280): mysqli->query('SELECT COUNT(*)...')
#1 C:\xampp\htdocs\sistem-presensi\vendor\codeigniter4\framework\system\Database\BaseConnection.php(663): CodeIgniter\Database\MySQLi\Connection->execute('SELECT COUNT(*)...')
#2 C:\xampp\htdocs\sistem-presensi\vendor\codeigniter4\framework\system\Database\BaseConnection.php(591): CodeIgniter\Database\BaseConnection->simpleQuery('SELECT COUNT(*)...')
#3 C:\xampp\htdocs\sistem-presensi\vendor\codeigniter4\framework\system\Database\BaseBuilder.php(1512): CodeIgniter\Database\BaseConnection->query('SELECT COUNT(*)...', Array, false)
#4 C:\xampp\htdocs\sistem-presensi\vendor\codeigniter4\framework\system\Model.php(509): CodeIgniter\Database\BaseBuilder->countAllResults(false)
#5 C:\xampp\htdocs\sistem-presensi\vendor\codeigniter4\framework\system\BaseModel.php(1080): CodeIgniter\Model->countAllResults(false)
#6 C:\xampp\htdocs\sistem-presensi\app\Controllers\Admin.php(594): CodeIgniter\BaseModel->paginate(5, 'resultsiswa')
#7 C:\xampp\htdocs\sistem-presensi\vendor\codeigniter4\framework\system\CodeIgniter.php(802): App\Controllers\Admin->resultsiswa()
#8 C:\xampp\htdocs\sistem-presensi\vendor\codeigniter4\framework\system\CodeIgniter.php(399): CodeIgniter\CodeIgniter->runController(Object(App\Controllers\Admin))
#9 C:\xampp\htdocs\sistem-presensi\vendor\codeigniter4\framework\system\CodeIgniter.php(317): CodeIgniter\CodeIgniter->handleRequest(NULL, Object(Config\Cache), false)
#10 C:\xampp\htdocs\sistem-presensi\public\index.php(37): CodeIgniter\CodeIgniter->run()
#11 C:\xampp\htdocs\sistem-presensi\vendor\codeigniter4\framework\system\Commands\Server\rewrite.php(43): require_once('C:\\xampp\\htdocs...')
#12 {main}
ERROR - 2022-05-19 02:31:10 --> Unknown column 'data_siswa.id_kelas' in 'on clause'
CRITICAL - 2022-05-19 02:31:10 --> Unknown column 'data_siswa.id_kelas' in 'on clause'
#0 C:\xampp\htdocs\sistem-presensi\vendor\codeigniter4\framework\system\Database\MySQLi\Connection.php(280): mysqli->query('SELECT COUNT(*)...')
#1 C:\xampp\htdocs\sistem-presensi\vendor\codeigniter4\framework\system\Database\BaseConnection.php(663): CodeIgniter\Database\MySQLi\Connection->execute('SELECT COUNT(*)...')
#2 C:\xampp\htdocs\sistem-presensi\vendor\codeigniter4\framework\system\Database\BaseConnection.php(591): CodeIgniter\Database\BaseConnection->simpleQuery('SELECT COUNT(*)...')
#3 C:\xampp\htdocs\sistem-presensi\vendor\codeigniter4\framework\system\Database\BaseBuilder.php(1512): CodeIgniter\Database\BaseConnection->query('SELECT COUNT(*)...', Array, false)
#4 C:\xampp\htdocs\sistem-presensi\vendor\codeigniter4\framework\system\Model.php(509): CodeIgniter\Database\BaseBuilder->countAllResults(false)
#5 C:\xampp\htdocs\sistem-presensi\vendor\codeigniter4\framework\system\BaseModel.php(1080): CodeIgniter\Model->countAllResults(false)
#6 C:\xampp\htdocs\sistem-presensi\app\Controllers\Admin.php(594): CodeIgniter\BaseModel->paginate(5, 'resultsiswa')
#7 C:\xampp\htdocs\sistem-presensi\vendor\codeigniter4\framework\system\CodeIgniter.php(802): App\Controllers\Admin->resultsiswa()
#8 C:\xampp\htdocs\sistem-presensi\vendor\codeigniter4\framework\system\CodeIgniter.php(399): CodeIgniter\CodeIgniter->runController(Object(App\Controllers\Admin))
#9 C:\xampp\htdocs\sistem-presensi\vendor\codeigniter4\framework\system\CodeIgniter.php(317): CodeIgniter\CodeIgniter->handleRequest(NULL, Object(Config\Cache), false)
#10 C:\xampp\htdocs\sistem-presensi\public\index.php(37): CodeIgniter\CodeIgniter->run()
#11 C:\xampp\htdocs\sistem-presensi\vendor\codeigniter4\framework\system\Commands\Server\rewrite.php(43): require_once('C:\\xampp\\htdocs...')
#12 {main}
ERROR - 2022-05-19 02:31:51 --> Unknown column 'data_siswa.id_kelas' in 'on clause'
CRITICAL - 2022-05-19 02:31:51 --> Unknown column 'data_siswa.id_kelas' in 'on clause'
#0 C:\xampp\htdocs\sistem-presensi\vendor\codeigniter4\framework\system\Database\MySQLi\Connection.php(280): mysqli->query('SELECT COUNT(*)...')
#1 C:\xampp\htdocs\sistem-presensi\vendor\codeigniter4\framework\system\Database\BaseConnection.php(663): CodeIgniter\Database\MySQLi\Connection->execute('SELECT COUNT(*)...')
#2 C:\xampp\htdocs\sistem-presensi\vendor\codeigniter4\framework\system\Database\BaseConnection.php(591): CodeIgniter\Database\BaseConnection->simpleQuery('SELECT COUNT(*)...')
#3 C:\xampp\htdocs\sistem-presensi\vendor\codeigniter4\framework\system\Database\BaseBuilder.php(1512): CodeIgniter\Database\BaseConnection->query('SELECT COUNT(*)...', Array, false)
#4 C:\xampp\htdocs\sistem-presensi\vendor\codeigniter4\framework\system\Model.php(509): CodeIgniter\Database\BaseBuilder->countAllResults(false)
#5 C:\xampp\htdocs\sistem-presensi\vendor\codeigniter4\framework\system\BaseModel.php(1080): CodeIgniter\Model->countAllResults(false)
#6 C:\xampp\htdocs\sistem-presensi\app\Controllers\Admin.php(594): CodeIgniter\BaseModel->paginate(5, 'resultsiswa')
#7 C:\xampp\htdocs\sistem-presensi\vendor\codeigniter4\framework\system\CodeIgniter.php(802): App\Controllers\Admin->resultsiswa()
#8 C:\xampp\htdocs\sistem-presensi\vendor\codeigniter4\framework\system\CodeIgniter.php(399): CodeIgniter\CodeIgniter->runController(Object(App\Controllers\Admin))
#9 C:\xampp\htdocs\sistem-presensi\vendor\codeigniter4\framework\system\CodeIgniter.php(317): CodeIgniter\CodeIgniter->handleRequest(NULL, Object(Config\Cache), false)
#10 C:\xampp\htdocs\sistem-presensi\public\index.php(37): CodeIgniter\CodeIgniter->run()
#11 C:\xampp\htdocs\sistem-presensi\vendor\codeigniter4\framework\system\Commands\Server\rewrite.php(43): require_once('C:\\xampp\\htdocs...')
#12 {main}
ERROR - 2022-05-19 02:33:15 --> Not unique table/alias: 'presensi_siswa'
CRITICAL - 2022-05-19 02:33:15 --> Not unique table/alias: 'presensi_siswa'
#0 C:\xampp\htdocs\sistem-presensi\vendor\codeigniter4\framework\system\Database\MySQLi\Connection.php(280): mysqli->query('SELECT COUNT(*)...')
#1 C:\xampp\htdocs\sistem-presensi\vendor\codeigniter4\framework\system\Database\BaseConnection.php(663): CodeIgniter\Database\MySQLi\Connection->execute('SELECT COUNT(*)...')
#2 C:\xampp\htdocs\sistem-presensi\vendor\codeigniter4\framework\system\Database\BaseConnection.php(591): CodeIgniter\Database\BaseConnection->simpleQuery('SELECT COUNT(*)...')
#3 C:\xampp\htdocs\sistem-presensi\vendor\codeigniter4\framework\system\Database\BaseBuilder.php(1512): CodeIgniter\Database\BaseConnection->query('SELECT COUNT(*)...', Array, false)
#4 C:\xampp\htdocs\sistem-presensi\vendor\codeigniter4\framework\system\Model.php(509): CodeIgniter\Database\BaseBuilder->countAllResults(false)
#5 C:\xampp\htdocs\sistem-presensi\vendor\codeigniter4\framework\system\BaseModel.php(1080): CodeIgniter\Model->countAllResults(false)
#6 C:\xampp\htdocs\sistem-presensi\app\Controllers\Admin.php(594): CodeIgniter\BaseModel->paginate(5, 'resultsiswa')
#7 C:\xampp\htdocs\sistem-presensi\vendor\codeigniter4\framework\system\CodeIgniter.php(802): App\Controllers\Admin->resultsiswa()
#8 C:\xampp\htdocs\sistem-presensi\vendor\codeigniter4\framework\system\CodeIgniter.php(399): CodeIgniter\CodeIgniter->runController(Object(App\Controllers\Admin))
#9 C:\xampp\htdocs\sistem-presensi\vendor\codeigniter4\framework\system\CodeIgniter.php(317): CodeIgniter\CodeIgniter->handleRequest(NULL, Object(Config\Cache), false)
#10 C:\xampp\htdocs\sistem-presensi\public\index.php(37): CodeIgniter\CodeIgniter->run()
#11 C:\xampp\htdocs\sistem-presensi\vendor\codeigniter4\framework\system\Commands\Server\rewrite.php(43): require_once('C:\\xampp\\htdocs...')
#12 {main}
ERROR - 2022-05-19 02:36:31 --> Not unique table/alias: 'presensi_siswa'
CRITICAL - 2022-05-19 02:36:31 --> Not unique table/alias: 'presensi_siswa'
#0 C:\xampp\htdocs\sistem-presensi\vendor\codeigniter4\framework\system\Database\MySQLi\Connection.php(280): mysqli->query('SELECT COUNT(*)...')
#1 C:\xampp\htdocs\sistem-presensi\vendor\codeigniter4\framework\system\Database\BaseConnection.php(663): CodeIgniter\Database\MySQLi\Connection->execute('SELECT COUNT(*)...')
#2 C:\xampp\htdocs\sistem-presensi\vendor\codeigniter4\framework\system\Database\BaseConnection.php(591): CodeIgniter\Database\BaseConnection->simpleQuery('SELECT COUNT(*)...')
#3 C:\xampp\htdocs\sistem-presensi\vendor\codeigniter4\framework\system\Database\BaseBuilder.php(1512): CodeIgniter\Database\BaseConnection->query('SELECT COUNT(*)...', Array, false)
#4 C:\xampp\htdocs\sistem-presensi\vendor\codeigniter4\framework\system\Model.php(509): CodeIgniter\Database\BaseBuilder->countAllResults(false)
#5 C:\xampp\htdocs\sistem-presensi\vendor\codeigniter4\framework\system\BaseModel.php(1080): CodeIgniter\Model->countAllResults(false)
#6 C:\xampp\htdocs\sistem-presensi\app\Controllers\Admin.php(594): CodeIgniter\BaseModel->paginate(5, 'resultsiswa')
#7 C:\xampp\htdocs\sistem-presensi\vendor\codeigniter4\framework\system\CodeIgniter.php(802): App\Controllers\Admin->resultsiswa()
#8 C:\xampp\htdocs\sistem-presensi\vendor\codeigniter4\framework\system\CodeIgniter.php(399): CodeIgniter\CodeIgniter->runController(Object(App\Controllers\Admin))
#9 C:\xampp\htdocs\sistem-presensi\vendor\codeigniter4\framework\system\CodeIgniter.php(317): CodeIgniter\CodeIgniter->handleRequest(NULL, Object(Config\Cache), false)
#10 C:\xampp\htdocs\sistem-presensi\public\index.php(37): CodeIgniter\CodeIgniter->run()
#11 C:\xampp\htdocs\sistem-presensi\vendor\codeigniter4\framework\system\Commands\Server\rewrite.php(43): require_once('C:\\xampp\\htdocs...')
#12 {main}
ERROR - 2022-05-19 02:38:20 --> Not unique table/alias: 'presensi_siswa'
CRITICAL - 2022-05-19 02:38:20 --> Not unique table/alias: 'presensi_siswa'
#0 C:\xampp\htdocs\sistem-presensi\vendor\codeigniter4\framework\system\Database\MySQLi\Connection.php(280): mysqli->query('SELECT COUNT(*)...')
#1 C:\xampp\htdocs\sistem-presensi\vendor\codeigniter4\framework\system\Database\BaseConnection.php(663): CodeIgniter\Database\MySQLi\Connection->execute('SELECT COUNT(*)...')
#2 C:\xampp\htdocs\sistem-presensi\vendor\codeigniter4\framework\system\Database\BaseConnection.php(591): CodeIgniter\Database\BaseConnection->simpleQuery('SELECT COUNT(*)...')
#3 C:\xampp\htdocs\sistem-presensi\vendor\codeigniter4\framework\system\Database\BaseBuilder.php(1512): CodeIgniter\Database\BaseConnection->query('SELECT COUNT(*)...', Array, false)
#4 C:\xampp\htdocs\sistem-presensi\vendor\codeigniter4\framework\system\Model.php(509): CodeIgniter\Database\BaseBuilder->countAllResults(false)
#5 C:\xampp\htdocs\sistem-presensi\vendor\codeigniter4\framework\system\BaseModel.php(1080): CodeIgniter\Model->countAllResults(false)
#6 C:\xampp\htdocs\sistem-presensi\app\Controllers\Admin.php(594): CodeIgniter\BaseModel->paginate(5, 'resultsiswa')
#7 C:\xampp\htdocs\sistem-presensi\vendor\codeigniter4\framework\system\CodeIgniter.php(802): App\Controllers\Admin->resultsiswa()
#8 C:\xampp\htdocs\sistem-presensi\vendor\codeigniter4\framework\system\CodeIgniter.php(399): CodeIgniter\CodeIgniter->runController(Object(App\Controllers\Admin))
#9 C:\xampp\htdocs\sistem-presensi\vendor\codeigniter4\framework\system\CodeIgniter.php(317): CodeIgniter\CodeIgniter->handleRequest(NULL, Object(Config\Cache), false)
#10 C:\xampp\htdocs\sistem-presensi\public\index.php(37): CodeIgniter\CodeIgniter->run()
#11 C:\xampp\htdocs\sistem-presensi\vendor\codeigniter4\framework\system\Commands\Server\rewrite.php(43): require_once('C:\\xampp\\htdocs...')
#12 {main}
ERROR - 2022-05-19 02:38:25 --> Not unique table/alias: 'presensi_siswa'
CRITICAL - 2022-05-19 02:38:25 --> Not unique table/alias: 'presensi_siswa'
#0 C:\xampp\htdocs\sistem-presensi\vendor\codeigniter4\framework\system\Database\MySQLi\Connection.php(280): mysqli->query('SELECT COUNT(*)...')
#1 C:\xampp\htdocs\sistem-presensi\vendor\codeigniter4\framework\system\Database\BaseConnection.php(663): CodeIgniter\Database\MySQLi\Connection->execute('SELECT COUNT(*)...')
#2 C:\xampp\htdocs\sistem-presensi\vendor\codeigniter4\framework\system\Database\BaseConnection.php(591): CodeIgniter\Database\BaseConnection->simpleQuery('SELECT COUNT(*)...')
#3 C:\xampp\htdocs\sistem-presensi\vendor\codeigniter4\framework\system\Database\BaseBuilder.php(1512): CodeIgniter\Database\BaseConnection->query('SELECT COUNT(*)...', Array, false)
#4 C:\xampp\htdocs\sistem-presensi\vendor\codeigniter4\framework\system\Model.php(509): CodeIgniter\Database\BaseBuilder->countAllResults(false)
#5 C:\xampp\htdocs\sistem-presensi\vendor\codeigniter4\framework\system\BaseModel.php(1080): CodeIgniter\Model->countAllResults(false)
#6 C:\xampp\htdocs\sistem-presensi\app\Controllers\Admin.php(594): CodeIgniter\BaseModel->paginate(5, 'resultsiswa')
#7 C:\xampp\htdocs\sistem-presensi\vendor\codeigniter4\framework\system\CodeIgniter.php(802): App\Controllers\Admin->resultsiswa()
#8 C:\xampp\htdocs\sistem-presensi\vendor\codeigniter4\framework\system\CodeIgniter.php(399): CodeIgniter\CodeIgniter->runController(Object(App\Controllers\Admin))
#9 C:\xampp\htdocs\sistem-presensi\vendor\codeigniter4\framework\system\CodeIgniter.php(317): CodeIgniter\CodeIgniter->handleRequest(NULL, Object(Config\Cache), false)
#10 C:\xampp\htdocs\sistem-presensi\public\index.php(37): CodeIgniter\CodeIgniter->run()
#11 C:\xampp\htdocs\sistem-presensi\vendor\codeigniter4\framework\system\Commands\Server\rewrite.php(43): require_once('C:\\xampp\\htdocs...')
#12 {main}
ERROR - 2022-05-19 02:39:54 --> Not unique table/alias: 'presensi_siswa'
CRITICAL - 2022-05-19 02:39:54 --> Not unique table/alias: 'presensi_siswa'
#0 C:\xampp\htdocs\sistem-presensi\vendor\codeigniter4\framework\system\Database\MySQLi\Connection.php(280): mysqli->query('SELECT COUNT(*)...')
#1 C:\xampp\htdocs\sistem-presensi\vendor\codeigniter4\framework\system\Database\BaseConnection.php(663): CodeIgniter\Database\MySQLi\Connection->execute('SELECT COUNT(*)...')
#2 C:\xampp\htdocs\sistem-presensi\vendor\codeigniter4\framework\system\Database\BaseConnection.php(591): CodeIgniter\Database\BaseConnection->simpleQuery('SELECT COUNT(*)...')
#3 C:\xampp\htdocs\sistem-presensi\vendor\codeigniter4\framework\system\Database\BaseBuilder.php(1512): CodeIgniter\Database\BaseConnection->query('SELECT COUNT(*)...', Array, false)
#4 C:\xampp\htdocs\sistem-presensi\vendor\codeigniter4\framework\system\Model.php(509): CodeIgniter\Database\BaseBuilder->countAllResults(false)
#5 C:\xampp\htdocs\sistem-presensi\vendor\codeigniter4\framework\system\BaseModel.php(1080): CodeIgniter\Model->countAllResults(false)
#6 C:\xampp\htdocs\sistem-presensi\app\Controllers\Admin.php(594): CodeIgniter\BaseModel->paginate(5, 'resultsiswa')
#7 C:\xampp\htdocs\sistem-presensi\vendor\codeigniter4\framework\system\CodeIgniter.php(802): App\Controllers\Admin->resultsiswa()
#8 C:\xampp\htdocs\sistem-presensi\vendor\codeigniter4\framework\system\CodeIgniter.php(399): CodeIgniter\CodeIgniter->runController(Object(App\Controllers\Admin))
#9 C:\xampp\htdocs\sistem-presensi\vendor\codeigniter4\framework\system\CodeIgniter.php(317): CodeIgniter\CodeIgniter->handleRequest(NULL, Object(Config\Cache), false)
#10 C:\xampp\htdocs\sistem-presensi\public\index.php(37): CodeIgniter\CodeIgniter->run()
#11 C:\xampp\htdocs\sistem-presensi\vendor\codeigniter4\framework\system\Commands\Server\rewrite.php(43): require_once('C:\\xampp\\htdocs...')
#12 {main}
ERROR - 2022-05-19 02:41:44 --> Not unique table/alias: 'presensi_siswa'
CRITICAL - 2022-05-19 02:41:44 --> Not unique table/alias: 'presensi_siswa'
#0 C:\xampp\htdocs\sistem-presensi\vendor\codeigniter4\framework\system\Database\MySQLi\Connection.php(280): mysqli->query('SELECT COUNT(*)...')
#1 C:\xampp\htdocs\sistem-presensi\vendor\codeigniter4\framework\system\Database\BaseConnection.php(663): CodeIgniter\Database\MySQLi\Connection->execute('SELECT COUNT(*)...')
#2 C:\xampp\htdocs\sistem-presensi\vendor\codeigniter4\framework\system\Database\BaseConnection.php(591): CodeIgniter\Database\BaseConnection->simpleQuery('SELECT COUNT(*)...')
#3 C:\xampp\htdocs\sistem-presensi\vendor\codeigniter4\framework\system\Database\BaseBuilder.php(1512): CodeIgniter\Database\BaseConnection->query('SELECT COUNT(*)...', Array, false)
#4 C:\xampp\htdocs\sistem-presensi\vendor\codeigniter4\framework\system\Model.php(509): CodeIgniter\Database\BaseBuilder->countAllResults(false)
#5 C:\xampp\htdocs\sistem-presensi\vendor\codeigniter4\framework\system\BaseModel.php(1080): CodeIgniter\Model->countAllResults(false)
#6 C:\xampp\htdocs\sistem-presensi\app\Controllers\Admin.php(594): CodeIgniter\BaseModel->paginate(5, 'resultsiswa')
#7 C:\xampp\htdocs\sistem-presensi\vendor\codeigniter4\framework\system\CodeIgniter.php(802): App\Controllers\Admin->resultsiswa()
#8 C:\xampp\htdocs\sistem-presensi\vendor\codeigniter4\framework\system\CodeIgniter.php(399): CodeIgniter\CodeIgniter->runController(Object(App\Controllers\Admin))
#9 C:\xampp\htdocs\sistem-presensi\vendor\codeigniter4\framework\system\CodeIgniter.php(317): CodeIgniter\CodeIgniter->handleRequest(NULL, Object(Config\Cache), false)
#10 C:\xampp\htdocs\sistem-presensi\public\index.php(37): CodeIgniter\CodeIgniter->run()
#11 C:\xampp\htdocs\sistem-presensi\vendor\codeigniter4\framework\system\Commands\Server\rewrite.php(43): require_once('C:\\xampp\\htdocs...')
#12 {main}
ERROR - 2022-05-19 02:41:49 --> Not unique table/alias: 'presensi_siswa'
CRITICAL - 2022-05-19 02:41:49 --> Not unique table/alias: 'presensi_siswa'
#0 C:\xampp\htdocs\sistem-presensi\vendor\codeigniter4\framework\system\Database\MySQLi\Connection.php(280): mysqli->query('SELECT COUNT(*)...')
#1 C:\xampp\htdocs\sistem-presensi\vendor\codeigniter4\framework\system\Database\BaseConnection.php(663): CodeIgniter\Database\MySQLi\Connection->execute('SELECT COUNT(*)...')
#2 C:\xampp\htdocs\sistem-presensi\vendor\codeigniter4\framework\system\Database\BaseConnection.php(591): CodeIgniter\Database\BaseConnection->simpleQuery('SELECT COUNT(*)...')
#3 C:\xampp\htdocs\sistem-presensi\vendor\codeigniter4\framework\system\Database\BaseBuilder.php(1512): CodeIgniter\Database\BaseConnection->query('SELECT COUNT(*)...', Array, false)
#4 C:\xampp\htdocs\sistem-presensi\vendor\codeigniter4\framework\system\Model.php(509): CodeIgniter\Database\BaseBuilder->countAllResults(false)
#5 C:\xampp\htdocs\sistem-presensi\vendor\codeigniter4\framework\system\BaseModel.php(1080): CodeIgniter\Model->countAllResults(false)
#6 C:\xampp\htdocs\sistem-presensi\app\Controllers\Admin.php(594): CodeIgniter\BaseModel->paginate(5, 'resultsiswa')
#7 C:\xampp\htdocs\sistem-presensi\vendor\codeigniter4\framework\system\CodeIgniter.php(802): App\Controllers\Admin->resultsiswa()
#8 C:\xampp\htdocs\sistem-presensi\vendor\codeigniter4\framework\system\CodeIgniter.php(399): CodeIgniter\CodeIgniter->runController(Object(App\Controllers\Admin))
#9 C:\xampp\htdocs\sistem-presensi\vendor\codeigniter4\framework\system\CodeIgniter.php(317): CodeIgniter\CodeIgniter->handleRequest(NULL, Object(Config\Cache), false)
#10 C:\xampp\htdocs\sistem-presensi\public\index.php(37): CodeIgniter\CodeIgniter->run()
#11 C:\xampp\htdocs\sistem-presensi\vendor\codeigniter4\framework\system\Commands\Server\rewrite.php(43): require_once('C:\\xampp\\htdocs...')
#12 {main}
ERROR - 2022-05-19 02:45:03 --> Not unique table/alias: 'presensi_siswa'
CRITICAL - 2022-05-19 02:45:03 --> Not unique table/alias: 'presensi_siswa'
#0 C:\xampp\htdocs\sistem-presensi\vendor\codeigniter4\framework\system\Database\MySQLi\Connection.php(280): mysqli->query('SELECT COUNT(*)...')
#1 C:\xampp\htdocs\sistem-presensi\vendor\codeigniter4\framework\system\Database\BaseConnection.php(663): CodeIgniter\Database\MySQLi\Connection->execute('SELECT COUNT(*)...')
#2 C:\xampp\htdocs\sistem-presensi\vendor\codeigniter4\framework\system\Database\BaseConnection.php(591): CodeIgniter\Database\BaseConnection->simpleQuery('SELECT COUNT(*)...')
#3 C:\xampp\htdocs\sistem-presensi\vendor\codeigniter4\framework\system\Database\BaseBuilder.php(1512): CodeIgniter\Database\BaseConnection->query('SELECT COUNT(*)...', Array, false)
#4 C:\xampp\htdocs\sistem-presensi\vendor\codeigniter4\framework\system\Model.php(509): CodeIgniter\Database\BaseBuilder->countAllResults(false)
#5 C:\xampp\htdocs\sistem-presensi\vendor\codeigniter4\framework\system\BaseModel.php(1080): CodeIgniter\Model->countAllResults(false)
#6 C:\xampp\htdocs\sistem-presensi\app\Controllers\Admin.php(594): CodeIgniter\BaseModel->paginate(5, 'resultsiswa')
#7 C:\xampp\htdocs\sistem-presensi\vendor\codeigniter4\framework\system\CodeIgniter.php(802): App\Controllers\Admin->resultsiswa()
#8 C:\xampp\htdocs\sistem-presensi\vendor\codeigniter4\framework\system\CodeIgniter.php(399): CodeIgniter\CodeIgniter->runController(Object(App\Controllers\Admin))
#9 C:\xampp\htdocs\sistem-presensi\vendor\codeigniter4\framework\system\CodeIgniter.php(317): CodeIgniter\CodeIgniter->handleRequest(NULL, Object(Config\Cache), false)
#10 C:\xampp\htdocs\sistem-presensi\public\index.php(37): CodeIgniter\CodeIgniter->run()
#11 C:\xampp\htdocs\sistem-presensi\vendor\codeigniter4\framework\system\Commands\Server\rewrite.php(43): require_once('C:\\xampp\\htdocs...')
#12 {main}
CRITICAL - 2022-05-19 02:45:44 --> Too few arguments to function CodeIgniter\Database\BaseBuilder::join(), 1 passed in C:\xampp\htdocs\sistem-presensi\vendor\codeigniter4\framework\system\Model.php on line 720 and at least 2 expected
#0 C:\xampp\htdocs\sistem-presensi\vendor\codeigniter4\framework\system\Model.php(720): CodeIgniter\Database\BaseBuilder->join('data_siswa.ISN ...')
#1 C:\xampp\htdocs\sistem-presensi\app\Controllers\Admin.php(593): CodeIgniter\Model->__call('join', Array)
#2 C:\xampp\htdocs\sistem-presensi\vendor\codeigniter4\framework\system\CodeIgniter.php(802): App\Controllers\Admin->resultsiswa()
#3 C:\xampp\htdocs\sistem-presensi\vendor\codeigniter4\framework\system\CodeIgniter.php(399): CodeIgniter\CodeIgniter->runController(Object(App\Controllers\Admin))
#4 C:\xampp\htdocs\sistem-presensi\vendor\codeigniter4\framework\system\CodeIgniter.php(317): CodeIgniter\CodeIgniter->handleRequest(NULL, Object(Config\Cache), false)
#5 C:\xampp\htdocs\sistem-presensi\public\index.php(37): CodeIgniter\CodeIgniter->run()
#6 C:\xampp\htdocs\sistem-presensi\vendor\codeigniter4\framework\system\Commands\Server\rewrite.php(43): require_once('C:\\xampp\\htdocs...')
#7 {main}
CRITICAL - 2022-05-19 02:47:57 --> Undefined variable $currentPage
#0 C:\xampp\htdocs\sistem-presensi\app\Views\admin\result_siswa.php(44): CodeIgniter\Debug\Exceptions->errorHandler(2, 'Undefined varia...', 'C:\\xampp\\htdocs...', 44)
#1 C:\xampp\htdocs\sistem-presensi\vendor\codeigniter4\framework\system\View\View.php(214): include('C:\\xampp\\htdocs...')
#2 C:\xampp\htdocs\sistem-presensi\vendor\codeigniter4\framework\system\View\View.php(217): CodeIgniter\View\View->CodeIgniter\View\{closure}()
#3 C:\xampp\htdocs\sistem-presensi\vendor\codeigniter4\framework\system\Common.php(1092): CodeIgniter\View\View->render('admin/result_si...', Array, true)
#4 C:\xampp\htdocs\sistem-presensi\app\Controllers\Admin.php(597): view('admin/result_si...', Array)
#5 C:\xampp\htdocs\sistem-presensi\vendor\codeigniter4\framework\system\CodeIgniter.php(802): App\Controllers\Admin->resultsiswa()
#6 C:\xampp\htdocs\sistem-presensi\vendor\codeigniter4\framework\system\CodeIgniter.php(399): CodeIgniter\CodeIgniter->runController(Object(App\Controllers\Admin))
#7 C:\xampp\htdocs\sistem-presensi\vendor\codeigniter4\framework\system\CodeIgniter.php(317): CodeIgniter\CodeIgniter->handleRequest(NULL, Object(Config\Cache), false)
#8 C:\xampp\htdocs\sistem-presensi\public\index.php(37): CodeIgniter\CodeIgniter->run()
#9 C:\xampp\htdocs\sistem-presensi\vendor\codeigniter4\framework\system\Commands\Server\rewrite.php(43): require_once('C:\\xampp\\htdocs...')
#10 {main}
CRITICAL - 2022-05-19 02:49:12 --> Call to a member function links() on null
#0 C:\xampp\htdocs\sistem-presensi\vendor\codeigniter4\framework\system\View\View.php(214): include()
#1 C:\xampp\htdocs\sistem-presensi\vendor\codeigniter4\framework\system\View\View.php(217): CodeIgniter\View\View->CodeIgniter\View\{closure}()
#2 C:\xampp\htdocs\sistem-presensi\vendor\codeigniter4\framework\system\Common.php(1092): CodeIgniter\View\View->render('admin/result_si...', Array, true)
#3 C:\xampp\htdocs\sistem-presensi\app\Controllers\Admin.php(605): view('admin/result_si...', Array)
#4 C:\xampp\htdocs\sistem-presensi\vendor\codeigniter4\framework\system\CodeIgniter.php(802): App\Controllers\Admin->resultsiswa()
#5 C:\xampp\htdocs\sistem-presensi\vendor\codeigniter4\framework\system\CodeIgniter.php(399): CodeIgniter\CodeIgniter->runController(Object(App\Controllers\Admin))
#6 C:\xampp\htdocs\sistem-presensi\vendor\codeigniter4\framework\system\CodeIgniter.php(317): CodeIgniter\CodeIgniter->handleRequest(NULL, Object(Config\Cache), false)
#7 C:\xampp\htdocs\sistem-presensi\public\index.php(37): CodeIgniter\CodeIgniter->run()
#8 C:\xampp\htdocs\sistem-presensi\vendor\codeigniter4\framework\system\Commands\Server\rewrite.php(43): require_once('C:\\xampp\\htdocs...')
#9 {main}
