ERROR - 2022-07-14 03:50:22 --> Unknown column 'id' in 'where clause'
CRITICAL - 2022-07-14 03:50:22 --> Unknown column 'id' in 'where clause'
#0 C:\xampp\htdocs\sistem-presensi\vendor\codeigniter4\framework\system\Database\MySQLi\Connection.php(280): mysqli->query('SELECT COUNT(*)...')
#1 C:\xampp\htdocs\sistem-presensi\vendor\codeigniter4\framework\system\Database\BaseConnection.php(663): CodeIgniter\Database\MySQLi\Connection->execute('SELECT COUNT(*)...')
#2 C:\xampp\htdocs\sistem-presensi\vendor\codeigniter4\framework\system\Database\BaseConnection.php(591): CodeIgniter\Database\BaseConnection->simpleQuery('SELECT COUNT(*)...')
#3 C:\xampp\htdocs\sistem-presensi\vendor\codeigniter4\framework\system\Database\BaseBuilder.php(1512): CodeIgniter\Database\BaseConnection->query('SELECT COUNT(*)...', Array, false)
#4 C:\xampp\htdocs\sistem-presensi\vendor\codeigniter4\framework\system\Model.php(509): CodeIgniter\Database\BaseBuilder->countAllResults(true)
#5 C:\xampp\htdocs\sistem-presensi\vendor\codeigniter4\framework\system\Model.php(592): CodeIgniter\Model->countAllResults()
#6 C:\xampp\htdocs\sistem-presensi\vendor\codeigniter4\framework\system\BaseModel.php(655): CodeIgniter\Model->shouldUpdate(Array)
#7 C:\xampp\htdocs\sistem-presensi\app\Controllers\Admin.php(369): CodeIgniter\BaseModel->save(Array)
#8 C:\xampp\htdocs\sistem-presensi\vendor\codeigniter4\framework\system\CodeIgniter.php(802): App\Controllers\Admin->kelas()
#9 C:\xampp\htdocs\sistem-presensi\vendor\codeigniter4\framework\system\CodeIgniter.php(399): CodeIgniter\CodeIgniter->runController(Object(App\Controllers\Admin))
#10 C:\xampp\htdocs\sistem-presensi\vendor\codeigniter4\framework\system\CodeIgniter.php(317): CodeIgniter\CodeIgniter->handleRequest(NULL, Object(Config\Cache), false)
#11 C:\xampp\htdocs\sistem-presensi\public\index.php(37): CodeIgniter\CodeIgniter->run()
#12 C:\xampp\htdocs\sistem-presensi\vendor\codeigniter4\framework\system\Commands\Server\rewrite.php(43): require_once('C:\\xampp\\htdocs...')
#13 {main}
ERROR - 2022-07-14 03:52:16 --> Unknown column 'id' in 'where clause'
CRITICAL - 2022-07-14 03:52:16 --> Unknown column 'id' in 'where clause'
#0 C:\xampp\htdocs\sistem-presensi\vendor\codeigniter4\framework\system\Database\MySQLi\Connection.php(280): mysqli->query('SELECT COUNT(*)...')
#1 C:\xampp\htdocs\sistem-presensi\vendor\codeigniter4\framework\system\Database\BaseConnection.php(663): CodeIgniter\Database\MySQLi\Connection->execute('SELECT COUNT(*)...')
#2 C:\xampp\htdocs\sistem-presensi\vendor\codeigniter4\framework\system\Database\BaseConnection.php(591): CodeIgniter\Database\BaseConnection->simpleQuery('SELECT COUNT(*)...')
#3 C:\xampp\htdocs\sistem-presensi\vendor\codeigniter4\framework\system\Database\BaseBuilder.php(1512): CodeIgniter\Database\BaseConnection->query('SELECT COUNT(*)...', Array, false)
#4 C:\xampp\htdocs\sistem-presensi\vendor\codeigniter4\framework\system\Model.php(509): CodeIgniter\Database\BaseBuilder->countAllResults(true)
#5 C:\xampp\htdocs\sistem-presensi\vendor\codeigniter4\framework\system\Model.php(592): CodeIgniter\Model->countAllResults()
#6 C:\xampp\htdocs\sistem-presensi\vendor\codeigniter4\framework\system\BaseModel.php(655): CodeIgniter\Model->shouldUpdate(Array)
#7 C:\xampp\htdocs\sistem-presensi\app\Controllers\Admin.php(369): CodeIgniter\BaseModel->save(Array)
#8 C:\xampp\htdocs\sistem-presensi\vendor\codeigniter4\framework\system\CodeIgniter.php(802): App\Controllers\Admin->kelas()
#9 C:\xampp\htdocs\sistem-presensi\vendor\codeigniter4\framework\system\CodeIgniter.php(399): CodeIgniter\CodeIgniter->runController(Object(App\Controllers\Admin))
#10 C:\xampp\htdocs\sistem-presensi\vendor\codeigniter4\framework\system\CodeIgniter.php(317): CodeIgniter\CodeIgniter->handleRequest(NULL, Object(Config\Cache), false)
#11 C:\xampp\htdocs\sistem-presensi\public\index.php(37): CodeIgniter\CodeIgniter->run()
#12 C:\xampp\htdocs\sistem-presensi\vendor\codeigniter4\framework\system\Commands\Server\rewrite.php(43): require_once('C:\\xampp\\htdocs...')
#13 {main}
ERROR - 2022-07-14 03:53:51 --> Unknown column 'id' in 'where clause'
CRITICAL - 2022-07-14 03:53:51 --> Unknown column 'id' in 'where clause'
#0 C:\xampp\htdocs\sistem-presensi\vendor\codeigniter4\framework\system\Database\MySQLi\Connection.php(280): mysqli->query('SELECT COUNT(*)...')
#1 C:\xampp\htdocs\sistem-presensi\vendor\codeigniter4\framework\system\Database\BaseConnection.php(663): CodeIgniter\Database\MySQLi\Connection->execute('SELECT COUNT(*)...')
#2 C:\xampp\htdocs\sistem-presensi\vendor\codeigniter4\framework\system\Database\BaseConnection.php(591): CodeIgniter\Database\BaseConnection->simpleQuery('SELECT COUNT(*)...')
#3 C:\xampp\htdocs\sistem-presensi\vendor\codeigniter4\framework\system\Database\BaseBuilder.php(1512): CodeIgniter\Database\BaseConnection->query('SELECT COUNT(*)...', Array, false)
#4 C:\xampp\htdocs\sistem-presensi\vendor\codeigniter4\framework\system\Model.php(509): CodeIgniter\Database\BaseBuilder->countAllResults(true)
#5 C:\xampp\htdocs\sistem-presensi\vendor\codeigniter4\framework\system\Model.php(592): CodeIgniter\Model->countAllResults()
#6 C:\xampp\htdocs\sistem-presensi\vendor\codeigniter4\framework\system\BaseModel.php(655): CodeIgniter\Model->shouldUpdate(Array)
#7 C:\xampp\htdocs\sistem-presensi\app\Controllers\Admin.php(369): CodeIgniter\BaseModel->save(Array)
#8 C:\xampp\htdocs\sistem-presensi\vendor\codeigniter4\framework\system\CodeIgniter.php(802): App\Controllers\Admin->kelas()
#9 C:\xampp\htdocs\sistem-presensi\vendor\codeigniter4\framework\system\CodeIgniter.php(399): CodeIgniter\CodeIgniter->runController(Object(App\Controllers\Admin))
#10 C:\xampp\htdocs\sistem-presensi\vendor\codeigniter4\framework\system\CodeIgniter.php(317): CodeIgniter\CodeIgniter->handleRequest(NULL, Object(Config\Cache), false)
#11 C:\xampp\htdocs\sistem-presensi\public\index.php(37): CodeIgniter\CodeIgniter->run()
#12 C:\xampp\htdocs\sistem-presensi\vendor\codeigniter4\framework\system\Commands\Server\rewrite.php(43): require_once('C:\\xampp\\htdocs...')
#13 {main}
