CRITICAL - 2021-11-21 06:54:43 --> Trying to access array offset on value of type null
#0 C:\xampp\htdocs\sistem-admin-test\app\Views\admin\edit_histori.php(7): CodeIgniter\Debug\Exceptions->errorHandler(2, 'Trying to acces...', 'C:\\xampp\\htdocs...', 7)
#1 C:\xampp\htdocs\sistem-admin-test\vendor\codeigniter4\framework\system\View\View.php(214): include('C:\\xampp\\htdocs...')
#2 C:\xampp\htdocs\sistem-admin-test\vendor\codeigniter4\framework\system\View\View.php(217): CodeIgniter\View\View->CodeIgniter\View\{closure}()
#3 C:\xampp\htdocs\sistem-admin-test\vendor\codeigniter4\framework\system\Common.php(1092): CodeIgniter\View\View->render('admin/edit_hist...', Array, true)
#4 C:\xampp\htdocs\sistem-admin-test\app\Controllers\Admin.php(269): view('admin/edit_hist...', Array)
#5 C:\xampp\htdocs\sistem-admin-test\vendor\codeigniter4\framework\system\CodeIgniter.php(802): App\Controllers\Admin->editJabatan('35')
#6 C:\xampp\htdocs\sistem-admin-test\vendor\codeigniter4\framework\system\CodeIgniter.php(399): CodeIgniter\CodeIgniter->runController(Object(App\Controllers\Admin))
#7 C:\xampp\htdocs\sistem-admin-test\vendor\codeigniter4\framework\system\CodeIgniter.php(317): CodeIgniter\CodeIgniter->handleRequest(NULL, Object(Config\Cache), false)
#8 C:\xampp\htdocs\sistem-admin-test\public\index.php(37): CodeIgniter\CodeIgniter->run()
#9 C:\xampp\htdocs\sistem-admin-test\vendor\codeigniter4\framework\system\Commands\Server\rewrite.php(43): require_once('C:\\xampp\\htdocs...')
#10 {main}
CRITICAL - 2021-11-21 06:55:45 --> Trying to access array offset on value of type null
#0 C:\xampp\htdocs\sistem-admin-test\app\Views\admin\edit_histori.php(7): CodeIgniter\Debug\Exceptions->errorHandler(2, 'Trying to acces...', 'C:\\xampp\\htdocs...', 7)
#1 C:\xampp\htdocs\sistem-admin-test\vendor\codeigniter4\framework\system\View\View.php(214): include('C:\\xampp\\htdocs...')
#2 C:\xampp\htdocs\sistem-admin-test\vendor\codeigniter4\framework\system\View\View.php(217): CodeIgniter\View\View->CodeIgniter\View\{closure}()
#3 C:\xampp\htdocs\sistem-admin-test\vendor\codeigniter4\framework\system\Common.php(1092): CodeIgniter\View\View->render('admin/edit_hist...', Array, true)
#4 C:\xampp\htdocs\sistem-admin-test\app\Controllers\Admin.php(269): view('admin/edit_hist...', Array)
#5 C:\xampp\htdocs\sistem-admin-test\vendor\codeigniter4\framework\system\CodeIgniter.php(802): App\Controllers\Admin->editJabatan('35')
#6 C:\xampp\htdocs\sistem-admin-test\vendor\codeigniter4\framework\system\CodeIgniter.php(399): CodeIgniter\CodeIgniter->runController(Object(App\Controllers\Admin))
#7 C:\xampp\htdocs\sistem-admin-test\vendor\codeigniter4\framework\system\CodeIgniter.php(317): CodeIgniter\CodeIgniter->handleRequest(NULL, Object(Config\Cache), false)
#8 C:\xampp\htdocs\sistem-admin-test\public\index.php(37): CodeIgniter\CodeIgniter->run()
#9 C:\xampp\htdocs\sistem-admin-test\vendor\codeigniter4\framework\system\Commands\Server\rewrite.php(43): require_once('C:\\xampp\\htdocs...')
#10 {main}
CRITICAL - 2021-11-21 06:55:47 --> Attempt to read property "id" on array
#0 C:\xampp\htdocs\sistem-admin-test\app\Views\admin\histori.php(55): CodeIgniter\Debug\Exceptions->errorHandler(2, 'Attempt to read...', 'C:\\xampp\\htdocs...', 55)
#1 C:\xampp\htdocs\sistem-admin-test\vendor\codeigniter4\framework\system\View\View.php(214): include('C:\\xampp\\htdocs...')
#2 C:\xampp\htdocs\sistem-admin-test\vendor\codeigniter4\framework\system\View\View.php(217): CodeIgniter\View\View->CodeIgniter\View\{closure}()
#3 C:\xampp\htdocs\sistem-admin-test\vendor\codeigniter4\framework\system\Common.php(1092): CodeIgniter\View\View->render('admin/histori', Array, true)
#4 C:\xampp\htdocs\sistem-admin-test\app\Controllers\Admin.php(377): view('admin/histori', Array)
#5 C:\xampp\htdocs\sistem-admin-test\vendor\codeigniter4\framework\system\CodeIgniter.php(802): App\Controllers\Admin->histori()
#6 C:\xampp\htdocs\sistem-admin-test\vendor\codeigniter4\framework\system\CodeIgniter.php(399): CodeIgniter\CodeIgniter->runController(Object(App\Controllers\Admin))
#7 C:\xampp\htdocs\sistem-admin-test\vendor\codeigniter4\framework\system\CodeIgniter.php(317): CodeIgniter\CodeIgniter->handleRequest(NULL, Object(Config\Cache), false)
#8 C:\xampp\htdocs\sistem-admin-test\public\index.php(37): CodeIgniter\CodeIgniter->run()
#9 C:\xampp\htdocs\sistem-admin-test\vendor\codeigniter4\framework\system\Commands\Server\rewrite.php(43): require_once('C:\\xampp\\htdocs...')
#10 {main}
CRITICAL - 2021-11-21 07:03:00 --> Attempt to read property "histoid" on array
#0 C:\xampp\htdocs\sistem-admin-test\app\Views\admin\histori.php(55): CodeIgniter\Debug\Exceptions->errorHandler(2, 'Attempt to read...', 'C:\\xampp\\htdocs...', 55)
#1 C:\xampp\htdocs\sistem-admin-test\vendor\codeigniter4\framework\system\View\View.php(214): include('C:\\xampp\\htdocs...')
#2 C:\xampp\htdocs\sistem-admin-test\vendor\codeigniter4\framework\system\View\View.php(217): CodeIgniter\View\View->CodeIgniter\View\{closure}()
#3 C:\xampp\htdocs\sistem-admin-test\vendor\codeigniter4\framework\system\Common.php(1092): CodeIgniter\View\View->render('admin/histori', Array, true)
#4 C:\xampp\htdocs\sistem-admin-test\app\Controllers\Admin.php(377): view('admin/histori', Array)
#5 C:\xampp\htdocs\sistem-admin-test\vendor\codeigniter4\framework\system\CodeIgniter.php(802): App\Controllers\Admin->histori()
#6 C:\xampp\htdocs\sistem-admin-test\vendor\codeigniter4\framework\system\CodeIgniter.php(399): CodeIgniter\CodeIgniter->runController(Object(App\Controllers\Admin))
#7 C:\xampp\htdocs\sistem-admin-test\vendor\codeigniter4\framework\system\CodeIgniter.php(317): CodeIgniter\CodeIgniter->handleRequest(NULL, Object(Config\Cache), false)
#8 C:\xampp\htdocs\sistem-admin-test\public\index.php(37): CodeIgniter\CodeIgniter->run()
#9 C:\xampp\htdocs\sistem-admin-test\vendor\codeigniter4\framework\system\Commands\Server\rewrite.php(43): require_once('C:\\xampp\\htdocs...')
#10 {main}
CRITICAL - 2021-11-21 07:06:29 --> Trying to access array offset on value of type null
#0 C:\xampp\htdocs\sistem-admin-test\app\Views\admin\edit_histori.php(7): CodeIgniter\Debug\Exceptions->errorHandler(2, 'Trying to acces...', 'C:\\xampp\\htdocs...', 7)
#1 C:\xampp\htdocs\sistem-admin-test\vendor\codeigniter4\framework\system\View\View.php(214): include('C:\\xampp\\htdocs...')
#2 C:\xampp\htdocs\sistem-admin-test\vendor\codeigniter4\framework\system\View\View.php(217): CodeIgniter\View\View->CodeIgniter\View\{closure}()
#3 C:\xampp\htdocs\sistem-admin-test\vendor\codeigniter4\framework\system\Common.php(1092): CodeIgniter\View\View->render('admin/edit_hist...', Array, true)
#4 C:\xampp\htdocs\sistem-admin-test\app\Controllers\Admin.php(269): view('admin/edit_hist...', Array)
#5 C:\xampp\htdocs\sistem-admin-test\vendor\codeigniter4\framework\system\CodeIgniter.php(802): App\Controllers\Admin->editJabatan('35')
#6 C:\xampp\htdocs\sistem-admin-test\vendor\codeigniter4\framework\system\CodeIgniter.php(399): CodeIgniter\CodeIgniter->runController(Object(App\Controllers\Admin))
#7 C:\xampp\htdocs\sistem-admin-test\vendor\codeigniter4\framework\system\CodeIgniter.php(317): CodeIgniter\CodeIgniter->handleRequest(NULL, Object(Config\Cache), false)
#8 C:\xampp\htdocs\sistem-admin-test\public\index.php(37): CodeIgniter\CodeIgniter->run()
#9 C:\xampp\htdocs\sistem-admin-test\vendor\codeigniter4\framework\system\Commands\Server\rewrite.php(43): require_once('C:\\xampp\\htdocs...')
#10 {main}
CRITICAL - 2021-11-21 07:08:10 --> Trying to access array offset on value of type null
#0 C:\xampp\htdocs\sistem-admin-test\app\Views\admin\edit_histori.php(7): CodeIgniter\Debug\Exceptions->errorHandler(2, 'Trying to acces...', 'C:\\xampp\\htdocs...', 7)
#1 C:\xampp\htdocs\sistem-admin-test\vendor\codeigniter4\framework\system\View\View.php(214): include('C:\\xampp\\htdocs...')
#2 C:\xampp\htdocs\sistem-admin-test\vendor\codeigniter4\framework\system\View\View.php(217): CodeIgniter\View\View->CodeIgniter\View\{closure}()
#3 C:\xampp\htdocs\sistem-admin-test\vendor\codeigniter4\framework\system\Common.php(1092): CodeIgniter\View\View->render('admin/edit_hist...', Array, true)
#4 C:\xampp\htdocs\sistem-admin-test\app\Controllers\Admin.php(269): view('admin/edit_hist...', Array)
#5 C:\xampp\htdocs\sistem-admin-test\vendor\codeigniter4\framework\system\CodeIgniter.php(802): App\Controllers\Admin->editJabatan('35')
#6 C:\xampp\htdocs\sistem-admin-test\vendor\codeigniter4\framework\system\CodeIgniter.php(399): CodeIgniter\CodeIgniter->runController(Object(App\Controllers\Admin))
#7 C:\xampp\htdocs\sistem-admin-test\vendor\codeigniter4\framework\system\CodeIgniter.php(317): CodeIgniter\CodeIgniter->handleRequest(NULL, Object(Config\Cache), false)
#8 C:\xampp\htdocs\sistem-admin-test\public\index.php(37): CodeIgniter\CodeIgniter->run()
#9 C:\xampp\htdocs\sistem-admin-test\vendor\codeigniter4\framework\system\Commands\Server\rewrite.php(43): require_once('C:\\xampp\\htdocs...')
#10 {main}
CRITICAL - 2021-11-21 07:08:29 --> Trying to access array offset on value of type null
#0 C:\xampp\htdocs\sistem-admin-test\app\Views\admin\edit_histori.php(7): CodeIgniter\Debug\Exceptions->errorHandler(2, 'Trying to acces...', 'C:\\xampp\\htdocs...', 7)
#1 C:\xampp\htdocs\sistem-admin-test\vendor\codeigniter4\framework\system\View\View.php(214): include('C:\\xampp\\htdocs...')
#2 C:\xampp\htdocs\sistem-admin-test\vendor\codeigniter4\framework\system\View\View.php(217): CodeIgniter\View\View->CodeIgniter\View\{closure}()
#3 C:\xampp\htdocs\sistem-admin-test\vendor\codeigniter4\framework\system\Common.php(1092): CodeIgniter\View\View->render('admin/edit_hist...', Array, true)
#4 C:\xampp\htdocs\sistem-admin-test\app\Controllers\Admin.php(269): view('admin/edit_hist...', Array)
#5 C:\xampp\htdocs\sistem-admin-test\vendor\codeigniter4\framework\system\CodeIgniter.php(802): App\Controllers\Admin->editJabatan('35')
#6 C:\xampp\htdocs\sistem-admin-test\vendor\codeigniter4\framework\system\CodeIgniter.php(399): CodeIgniter\CodeIgniter->runController(Object(App\Controllers\Admin))
#7 C:\xampp\htdocs\sistem-admin-test\vendor\codeigniter4\framework\system\CodeIgniter.php(317): CodeIgniter\CodeIgniter->handleRequest(NULL, Object(Config\Cache), false)
#8 C:\xampp\htdocs\sistem-admin-test\public\index.php(37): CodeIgniter\CodeIgniter->run()
#9 C:\xampp\htdocs\sistem-admin-test\vendor\codeigniter4\framework\system\Commands\Server\rewrite.php(43): require_once('C:\\xampp\\htdocs...')
#10 {main}
CRITICAL - 2021-11-21 07:14:42 --> Trying to access array offset on value of type null
#0 C:\xampp\htdocs\sistem-admin-test\app\Views\admin\edit_histori.php(7): CodeIgniter\Debug\Exceptions->errorHandler(2, 'Trying to acces...', 'C:\\xampp\\htdocs...', 7)
#1 C:\xampp\htdocs\sistem-admin-test\vendor\codeigniter4\framework\system\View\View.php(214): include('C:\\xampp\\htdocs...')
#2 C:\xampp\htdocs\sistem-admin-test\vendor\codeigniter4\framework\system\View\View.php(217): CodeIgniter\View\View->CodeIgniter\View\{closure}()
#3 C:\xampp\htdocs\sistem-admin-test\vendor\codeigniter4\framework\system\Common.php(1092): CodeIgniter\View\View->render('admin/edit_hist...', Array, true)
#4 C:\xampp\htdocs\sistem-admin-test\app\Controllers\Admin.php(269): view('admin/edit_hist...', Array)
#5 C:\xampp\htdocs\sistem-admin-test\vendor\codeigniter4\framework\system\CodeIgniter.php(802): App\Controllers\Admin->editJabatan('35')
#6 C:\xampp\htdocs\sistem-admin-test\vendor\codeigniter4\framework\system\CodeIgniter.php(399): CodeIgniter\CodeIgniter->runController(Object(App\Controllers\Admin))
#7 C:\xampp\htdocs\sistem-admin-test\vendor\codeigniter4\framework\system\CodeIgniter.php(317): CodeIgniter\CodeIgniter->handleRequest(NULL, Object(Config\Cache), false)
#8 C:\xampp\htdocs\sistem-admin-test\public\index.php(37): CodeIgniter\CodeIgniter->run()
#9 C:\xampp\htdocs\sistem-admin-test\vendor\codeigniter4\framework\system\Commands\Server\rewrite.php(43): require_once('C:\\xampp\\htdocs...')
#10 {main}
CRITICAL - 2021-11-21 09:40:19 --> Call to a member function getRandomName() on null
#0 C:\xampp\htdocs\sistem-admin-test\vendor\codeigniter4\framework\system\CodeIgniter.php(802): App\Controllers\Admin->mutate()
#1 C:\xampp\htdocs\sistem-admin-test\vendor\codeigniter4\framework\system\CodeIgniter.php(399): CodeIgniter\CodeIgniter->runController(Object(App\Controllers\Admin))
#2 C:\xampp\htdocs\sistem-admin-test\vendor\codeigniter4\framework\system\CodeIgniter.php(317): CodeIgniter\CodeIgniter->handleRequest(NULL, Object(Config\Cache), false)
#3 C:\xampp\htdocs\sistem-admin-test\public\index.php(37): CodeIgniter\CodeIgniter->run()
#4 C:\xampp\htdocs\sistem-admin-test\vendor\codeigniter4\framework\system\Commands\Server\rewrite.php(43): require_once('C:\\xampp\\htdocs...')
#5 {main}
CRITICAL - 2021-11-21 09:42:07 --> Call to a member function getRandomName() on null
#0 C:\xampp\htdocs\sistem-admin-test\vendor\codeigniter4\framework\system\CodeIgniter.php(802): App\Controllers\Admin->mutate()
#1 C:\xampp\htdocs\sistem-admin-test\vendor\codeigniter4\framework\system\CodeIgniter.php(399): CodeIgniter\CodeIgniter->runController(Object(App\Controllers\Admin))
#2 C:\xampp\htdocs\sistem-admin-test\vendor\codeigniter4\framework\system\CodeIgniter.php(317): CodeIgniter\CodeIgniter->handleRequest(NULL, Object(Config\Cache), false)
#3 C:\xampp\htdocs\sistem-admin-test\public\index.php(37): CodeIgniter\CodeIgniter->run()
#4 C:\xampp\htdocs\sistem-admin-test\vendor\codeigniter4\framework\system\Commands\Server\rewrite.php(43): require_once('C:\\xampp\\htdocs...')
#5 {main}
ERROR - 2021-11-21 09:50:38 --> Cannot add or update a child row: a foreign key constraint fails (`sistem-admin-test3`.`histori`, CONSTRAINT `histori_ibfk_3` FOREIGN KEY (`NIK`) REFERENCES `data_pegawai` (`NIK`) ON DELETE CASCADE ON UPDATE CASCADE)
CRITICAL - 2021-11-21 09:50:38 --> Cannot add or update a child row: a foreign key constraint fails (`sistem-admin-test3`.`histori`, CONSTRAINT `histori_ibfk_3` FOREIGN KEY (`NIK`) REFERENCES `data_pegawai` (`NIK`) ON DELETE CASCADE ON UPDATE CASCADE)
#0 C:\xampp\htdocs\sistem-admin-test\vendor\codeigniter4\framework\system\Database\MySQLi\Connection.php(280): mysqli->query('INSERT INTO `hi...')
#1 C:\xampp\htdocs\sistem-admin-test\vendor\codeigniter4\framework\system\Database\BaseConnection.php(663): CodeIgniter\Database\MySQLi\Connection->execute('INSERT INTO `hi...')
#2 C:\xampp\htdocs\sistem-admin-test\vendor\codeigniter4\framework\system\Database\BaseConnection.php(591): CodeIgniter\Database\BaseConnection->simpleQuery('INSERT INTO `hi...')
#3 C:\xampp\htdocs\sistem-admin-test\vendor\codeigniter4\framework\system\Database\BaseBuilder.php(1733): CodeIgniter\Database\BaseConnection->query('INSERT INTO `hi...', Array, false)
#4 C:\xampp\htdocs\sistem-admin-test\vendor\codeigniter4\framework\system\Model.php(239): CodeIgniter\Database\BaseBuilder->insert()
#5 C:\xampp\htdocs\sistem-admin-test\vendor\codeigniter4\framework\system\BaseModel.php(738): CodeIgniter\Model->doInsert(Array)
#6 C:\xampp\htdocs\sistem-admin-test\vendor\codeigniter4\framework\system\Model.php(620): CodeIgniter\BaseModel->insert(Array, false)
#7 C:\xampp\htdocs\sistem-admin-test\vendor\codeigniter4\framework\system\BaseModel.php(658): CodeIgniter\Model->insert(Array, false)
#8 C:\xampp\htdocs\sistem-admin-test\app\Controllers\Admin.php(264): CodeIgniter\BaseModel->save(Array)
#9 C:\xampp\htdocs\sistem-admin-test\vendor\codeigniter4\framework\system\CodeIgniter.php(802): App\Controllers\Admin->mutate()
#10 C:\xampp\htdocs\sistem-admin-test\vendor\codeigniter4\framework\system\CodeIgniter.php(399): CodeIgniter\CodeIgniter->runController(Object(App\Controllers\Admin))
#11 C:\xampp\htdocs\sistem-admin-test\vendor\codeigniter4\framework\system\CodeIgniter.php(317): CodeIgniter\CodeIgniter->handleRequest(NULL, Object(Config\Cache), false)
#12 C:\xampp\htdocs\sistem-admin-test\public\index.php(37): CodeIgniter\CodeIgniter->run()
#13 C:\xampp\htdocs\sistem-admin-test\vendor\codeigniter4\framework\system\Commands\Server\rewrite.php(43): require_once('C:\\xampp\\htdocs...')
#14 {main}
ERROR - 2021-11-21 09:52:13 --> Cannot add or update a child row: a foreign key constraint fails (`sistem-admin-test3`.`histori`, CONSTRAINT `histori_ibfk_3` FOREIGN KEY (`NIK`) REFERENCES `data_pegawai` (`NIK`) ON DELETE CASCADE ON UPDATE CASCADE)
CRITICAL - 2021-11-21 09:52:13 --> Cannot add or update a child row: a foreign key constraint fails (`sistem-admin-test3`.`histori`, CONSTRAINT `histori_ibfk_3` FOREIGN KEY (`NIK`) REFERENCES `data_pegawai` (`NIK`) ON DELETE CASCADE ON UPDATE CASCADE)
#0 C:\xampp\htdocs\sistem-admin-test\vendor\codeigniter4\framework\system\Database\MySQLi\Connection.php(280): mysqli->query('INSERT INTO `hi...')
#1 C:\xampp\htdocs\sistem-admin-test\vendor\codeigniter4\framework\system\Database\BaseConnection.php(663): CodeIgniter\Database\MySQLi\Connection->execute('INSERT INTO `hi...')
#2 C:\xampp\htdocs\sistem-admin-test\vendor\codeigniter4\framework\system\Database\BaseConnection.php(591): CodeIgniter\Database\BaseConnection->simpleQuery('INSERT INTO `hi...')
#3 C:\xampp\htdocs\sistem-admin-test\vendor\codeigniter4\framework\system\Database\BaseBuilder.php(1733): CodeIgniter\Database\BaseConnection->query('INSERT INTO `hi...', Array, false)
#4 C:\xampp\htdocs\sistem-admin-test\vendor\codeigniter4\framework\system\Model.php(239): CodeIgniter\Database\BaseBuilder->insert()
#5 C:\xampp\htdocs\sistem-admin-test\vendor\codeigniter4\framework\system\BaseModel.php(738): CodeIgniter\Model->doInsert(Array)
#6 C:\xampp\htdocs\sistem-admin-test\vendor\codeigniter4\framework\system\Model.php(620): CodeIgniter\BaseModel->insert(Array, false)
#7 C:\xampp\htdocs\sistem-admin-test\vendor\codeigniter4\framework\system\BaseModel.php(658): CodeIgniter\Model->insert(Array, false)
#8 C:\xampp\htdocs\sistem-admin-test\app\Controllers\Admin.php(264): CodeIgniter\BaseModel->save(Array)
#9 C:\xampp\htdocs\sistem-admin-test\vendor\codeigniter4\framework\system\CodeIgniter.php(802): App\Controllers\Admin->mutate()
#10 C:\xampp\htdocs\sistem-admin-test\vendor\codeigniter4\framework\system\CodeIgniter.php(399): CodeIgniter\CodeIgniter->runController(Object(App\Controllers\Admin))
#11 C:\xampp\htdocs\sistem-admin-test\vendor\codeigniter4\framework\system\CodeIgniter.php(317): CodeIgniter\CodeIgniter->handleRequest(NULL, Object(Config\Cache), false)
#12 C:\xampp\htdocs\sistem-admin-test\public\index.php(37): CodeIgniter\CodeIgniter->run()
#13 C:\xampp\htdocs\sistem-admin-test\vendor\codeigniter4\framework\system\Commands\Server\rewrite.php(43): require_once('C:\\xampp\\htdocs...')
#14 {main}
CRITICAL - 2021-11-21 10:03:02 --> The original file is not a valid file.
#0 C:\xampp\htdocs\sistem-admin-test\vendor\codeigniter4\framework\system\HTTP\Files\UploadedFile.php(137): CodeIgniter\HTTP\Exceptions\HTTPException::forInvalidFile()
#1 C:\xampp\htdocs\sistem-admin-test\app\Controllers\Admin.php(256): CodeIgniter\HTTP\Files\UploadedFile->move('SK/', '1637510582_3603...')
#2 C:\xampp\htdocs\sistem-admin-test\vendor\codeigniter4\framework\system\CodeIgniter.php(802): App\Controllers\Admin->mutate()
#3 C:\xampp\htdocs\sistem-admin-test\vendor\codeigniter4\framework\system\CodeIgniter.php(399): CodeIgniter\CodeIgniter->runController(Object(App\Controllers\Admin))
#4 C:\xampp\htdocs\sistem-admin-test\vendor\codeigniter4\framework\system\CodeIgniter.php(317): CodeIgniter\CodeIgniter->handleRequest(NULL, Object(Config\Cache), false)
#5 C:\xampp\htdocs\sistem-admin-test\public\index.php(37): CodeIgniter\CodeIgniter->run()
#6 C:\xampp\htdocs\sistem-admin-test\vendor\codeigniter4\framework\system\Commands\Server\rewrite.php(43): require_once('C:\\xampp\\htdocs...')
#7 {main}
ERROR - 2021-11-21 10:05:02 --> Cannot add or update a child row: a foreign key constraint fails (`sistem-admin-test3`.`histori`, CONSTRAINT `histori_ibfk_3` FOREIGN KEY (`NIK`) REFERENCES `data_pegawai` (`NIK`) ON DELETE CASCADE ON UPDATE CASCADE)
CRITICAL - 2021-11-21 10:05:02 --> Cannot add or update a child row: a foreign key constraint fails (`sistem-admin-test3`.`histori`, CONSTRAINT `histori_ibfk_3` FOREIGN KEY (`NIK`) REFERENCES `data_pegawai` (`NIK`) ON DELETE CASCADE ON UPDATE CASCADE)
#0 C:\xampp\htdocs\sistem-admin-test\vendor\codeigniter4\framework\system\Database\MySQLi\Connection.php(280): mysqli->query('INSERT INTO `hi...')
#1 C:\xampp\htdocs\sistem-admin-test\vendor\codeigniter4\framework\system\Database\BaseConnection.php(663): CodeIgniter\Database\MySQLi\Connection->execute('INSERT INTO `hi...')
#2 C:\xampp\htdocs\sistem-admin-test\vendor\codeigniter4\framework\system\Database\BaseConnection.php(591): CodeIgniter\Database\BaseConnection->simpleQuery('INSERT INTO `hi...')
#3 C:\xampp\htdocs\sistem-admin-test\vendor\codeigniter4\framework\system\Database\BaseBuilder.php(1733): CodeIgniter\Database\BaseConnection->query('INSERT INTO `hi...', Array, false)
#4 C:\xampp\htdocs\sistem-admin-test\vendor\codeigniter4\framework\system\Model.php(239): CodeIgniter\Database\BaseBuilder->insert()
#5 C:\xampp\htdocs\sistem-admin-test\vendor\codeigniter4\framework\system\BaseModel.php(738): CodeIgniter\Model->doInsert(Array)
#6 C:\xampp\htdocs\sistem-admin-test\vendor\codeigniter4\framework\system\Model.php(620): CodeIgniter\BaseModel->insert(Array, false)
#7 C:\xampp\htdocs\sistem-admin-test\vendor\codeigniter4\framework\system\BaseModel.php(658): CodeIgniter\Model->insert(Array, false)
#8 C:\xampp\htdocs\sistem-admin-test\app\Controllers\Admin.php(264): CodeIgniter\BaseModel->save(Array)
#9 C:\xampp\htdocs\sistem-admin-test\vendor\codeigniter4\framework\system\CodeIgniter.php(802): App\Controllers\Admin->mutate()
#10 C:\xampp\htdocs\sistem-admin-test\vendor\codeigniter4\framework\system\CodeIgniter.php(399): CodeIgniter\CodeIgniter->runController(Object(App\Controllers\Admin))
#11 C:\xampp\htdocs\sistem-admin-test\vendor\codeigniter4\framework\system\CodeIgniter.php(317): CodeIgniter\CodeIgniter->handleRequest(NULL, Object(Config\Cache), false)
#12 C:\xampp\htdocs\sistem-admin-test\public\index.php(37): CodeIgniter\CodeIgniter->run()
#13 C:\xampp\htdocs\sistem-admin-test\vendor\codeigniter4\framework\system\Commands\Server\rewrite.php(43): require_once('C:\\xampp\\htdocs...')
#14 {main}
ERROR - 2021-11-21 10:06:25 --> Cannot add or update a child row: a foreign key constraint fails (`sistem-admin-test3`.`histori`, CONSTRAINT `histori_ibfk_3` FOREIGN KEY (`NIK`) REFERENCES `data_pegawai` (`NIK`) ON DELETE CASCADE ON UPDATE CASCADE)
CRITICAL - 2021-11-21 10:06:25 --> Cannot add or update a child row: a foreign key constraint fails (`sistem-admin-test3`.`histori`, CONSTRAINT `histori_ibfk_3` FOREIGN KEY (`NIK`) REFERENCES `data_pegawai` (`NIK`) ON DELETE CASCADE ON UPDATE CASCADE)
#0 C:\xampp\htdocs\sistem-admin-test\vendor\codeigniter4\framework\system\Database\MySQLi\Connection.php(280): mysqli->query('INSERT INTO `hi...')
#1 C:\xampp\htdocs\sistem-admin-test\vendor\codeigniter4\framework\system\Database\BaseConnection.php(663): CodeIgniter\Database\MySQLi\Connection->execute('INSERT INTO `hi...')
#2 C:\xampp\htdocs\sistem-admin-test\vendor\codeigniter4\framework\system\Database\BaseConnection.php(591): CodeIgniter\Database\BaseConnection->simpleQuery('INSERT INTO `hi...')
#3 C:\xampp\htdocs\sistem-admin-test\vendor\codeigniter4\framework\system\Database\BaseBuilder.php(1733): CodeIgniter\Database\BaseConnection->query('INSERT INTO `hi...', Array, false)
#4 C:\xampp\htdocs\sistem-admin-test\vendor\codeigniter4\framework\system\Model.php(239): CodeIgniter\Database\BaseBuilder->insert()
#5 C:\xampp\htdocs\sistem-admin-test\vendor\codeigniter4\framework\system\BaseModel.php(738): CodeIgniter\Model->doInsert(Array)
#6 C:\xampp\htdocs\sistem-admin-test\vendor\codeigniter4\framework\system\Model.php(620): CodeIgniter\BaseModel->insert(Array, false)
#7 C:\xampp\htdocs\sistem-admin-test\vendor\codeigniter4\framework\system\BaseModel.php(658): CodeIgniter\Model->insert(Array, false)
#8 C:\xampp\htdocs\sistem-admin-test\app\Controllers\Admin.php(264): CodeIgniter\BaseModel->save(Array)
#9 C:\xampp\htdocs\sistem-admin-test\vendor\codeigniter4\framework\system\CodeIgniter.php(802): App\Controllers\Admin->mutate()
#10 C:\xampp\htdocs\sistem-admin-test\vendor\codeigniter4\framework\system\CodeIgniter.php(399): CodeIgniter\CodeIgniter->runController(Object(App\Controllers\Admin))
#11 C:\xampp\htdocs\sistem-admin-test\vendor\codeigniter4\framework\system\CodeIgniter.php(317): CodeIgniter\CodeIgniter->handleRequest(NULL, Object(Config\Cache), false)
#12 C:\xampp\htdocs\sistem-admin-test\public\index.php(37): CodeIgniter\CodeIgniter->run()
#13 C:\xampp\htdocs\sistem-admin-test\vendor\codeigniter4\framework\system\Commands\Server\rewrite.php(43): require_once('C:\\xampp\\htdocs...')
#14 {main}
ERROR - 2021-11-21 10:08:47 --> Cannot add or update a child row: a foreign key constraint fails (`sistem-admin-test3`.`histori`, CONSTRAINT `histori_ibfk_3` FOREIGN KEY (`NIK`) REFERENCES `data_pegawai` (`NIK`) ON DELETE CASCADE ON UPDATE CASCADE)
CRITICAL - 2021-11-21 10:08:47 --> Cannot add or update a child row: a foreign key constraint fails (`sistem-admin-test3`.`histori`, CONSTRAINT `histori_ibfk_3` FOREIGN KEY (`NIK`) REFERENCES `data_pegawai` (`NIK`) ON DELETE CASCADE ON UPDATE CASCADE)
#0 C:\xampp\htdocs\sistem-admin-test\vendor\codeigniter4\framework\system\Database\MySQLi\Connection.php(280): mysqli->query('INSERT INTO `hi...')
#1 C:\xampp\htdocs\sistem-admin-test\vendor\codeigniter4\framework\system\Database\BaseConnection.php(663): CodeIgniter\Database\MySQLi\Connection->execute('INSERT INTO `hi...')
#2 C:\xampp\htdocs\sistem-admin-test\vendor\codeigniter4\framework\system\Database\BaseConnection.php(591): CodeIgniter\Database\BaseConnection->simpleQuery('INSERT INTO `hi...')
#3 C:\xampp\htdocs\sistem-admin-test\vendor\codeigniter4\framework\system\Database\BaseBuilder.php(1733): CodeIgniter\Database\BaseConnection->query('INSERT INTO `hi...', Array, false)
#4 C:\xampp\htdocs\sistem-admin-test\vendor\codeigniter4\framework\system\Model.php(239): CodeIgniter\Database\BaseBuilder->insert()
#5 C:\xampp\htdocs\sistem-admin-test\vendor\codeigniter4\framework\system\BaseModel.php(738): CodeIgniter\Model->doInsert(Array)
#6 C:\xampp\htdocs\sistem-admin-test\vendor\codeigniter4\framework\system\Model.php(620): CodeIgniter\BaseModel->insert(Array, false)
#7 C:\xampp\htdocs\sistem-admin-test\vendor\codeigniter4\framework\system\BaseModel.php(658): CodeIgniter\Model->insert(Array, false)
#8 C:\xampp\htdocs\sistem-admin-test\app\Controllers\Admin.php(264): CodeIgniter\BaseModel->save(Array)
#9 C:\xampp\htdocs\sistem-admin-test\vendor\codeigniter4\framework\system\CodeIgniter.php(802): App\Controllers\Admin->mutate()
#10 C:\xampp\htdocs\sistem-admin-test\vendor\codeigniter4\framework\system\CodeIgniter.php(399): CodeIgniter\CodeIgniter->runController(Object(App\Controllers\Admin))
#11 C:\xampp\htdocs\sistem-admin-test\vendor\codeigniter4\framework\system\CodeIgniter.php(317): CodeIgniter\CodeIgniter->handleRequest(NULL, Object(Config\Cache), false)
#12 C:\xampp\htdocs\sistem-admin-test\public\index.php(37): CodeIgniter\CodeIgniter->run()
#13 C:\xampp\htdocs\sistem-admin-test\vendor\codeigniter4\framework\system\Commands\Server\rewrite.php(43): require_once('C:\\xampp\\htdocs...')
#14 {main}
ERROR - 2021-11-21 10:09:17 --> Cannot add or update a child row: a foreign key constraint fails (`sistem-admin-test3`.`histori`, CONSTRAINT `histori_ibfk_3` FOREIGN KEY (`NIK`) REFERENCES `data_pegawai` (`NIK`) ON DELETE CASCADE ON UPDATE CASCADE)
CRITICAL - 2021-11-21 10:09:17 --> Cannot add or update a child row: a foreign key constraint fails (`sistem-admin-test3`.`histori`, CONSTRAINT `histori_ibfk_3` FOREIGN KEY (`NIK`) REFERENCES `data_pegawai` (`NIK`) ON DELETE CASCADE ON UPDATE CASCADE)
#0 C:\xampp\htdocs\sistem-admin-test\vendor\codeigniter4\framework\system\Database\MySQLi\Connection.php(280): mysqli->query('INSERT INTO `hi...')
#1 C:\xampp\htdocs\sistem-admin-test\vendor\codeigniter4\framework\system\Database\BaseConnection.php(663): CodeIgniter\Database\MySQLi\Connection->execute('INSERT INTO `hi...')
#2 C:\xampp\htdocs\sistem-admin-test\vendor\codeigniter4\framework\system\Database\BaseConnection.php(591): CodeIgniter\Database\BaseConnection->simpleQuery('INSERT INTO `hi...')
#3 C:\xampp\htdocs\sistem-admin-test\vendor\codeigniter4\framework\system\Database\BaseBuilder.php(1733): CodeIgniter\Database\BaseConnection->query('INSERT INTO `hi...', Array, false)
#4 C:\xampp\htdocs\sistem-admin-test\vendor\codeigniter4\framework\system\Model.php(239): CodeIgniter\Database\BaseBuilder->insert()
#5 C:\xampp\htdocs\sistem-admin-test\vendor\codeigniter4\framework\system\BaseModel.php(738): CodeIgniter\Model->doInsert(Array)
#6 C:\xampp\htdocs\sistem-admin-test\vendor\codeigniter4\framework\system\Model.php(620): CodeIgniter\BaseModel->insert(Array, false)
#7 C:\xampp\htdocs\sistem-admin-test\vendor\codeigniter4\framework\system\BaseModel.php(658): CodeIgniter\Model->insert(Array, false)
#8 C:\xampp\htdocs\sistem-admin-test\app\Controllers\Admin.php(264): CodeIgniter\BaseModel->save(Array)
#9 C:\xampp\htdocs\sistem-admin-test\vendor\codeigniter4\framework\system\CodeIgniter.php(802): App\Controllers\Admin->mutate()
#10 C:\xampp\htdocs\sistem-admin-test\vendor\codeigniter4\framework\system\CodeIgniter.php(399): CodeIgniter\CodeIgniter->runController(Object(App\Controllers\Admin))
#11 C:\xampp\htdocs\sistem-admin-test\vendor\codeigniter4\framework\system\CodeIgniter.php(317): CodeIgniter\CodeIgniter->handleRequest(NULL, Object(Config\Cache), false)
#12 C:\xampp\htdocs\sistem-admin-test\public\index.php(37): CodeIgniter\CodeIgniter->run()
#13 C:\xampp\htdocs\sistem-admin-test\vendor\codeigniter4\framework\system\Commands\Server\rewrite.php(43): require_once('C:\\xampp\\htdocs...')
#14 {main}
ERROR - 2021-11-21 10:10:33 --> Cannot add or update a child row: a foreign key constraint fails (`sistem-admin-test3`.`histori`, CONSTRAINT `histori_ibfk_3` FOREIGN KEY (`NIK`) REFERENCES `data_pegawai` (`NIK`) ON DELETE CASCADE ON UPDATE CASCADE)
CRITICAL - 2021-11-21 10:10:33 --> Cannot add or update a child row: a foreign key constraint fails (`sistem-admin-test3`.`histori`, CONSTRAINT `histori_ibfk_3` FOREIGN KEY (`NIK`) REFERENCES `data_pegawai` (`NIK`) ON DELETE CASCADE ON UPDATE CASCADE)
#0 C:\xampp\htdocs\sistem-admin-test\vendor\codeigniter4\framework\system\Database\MySQLi\Connection.php(280): mysqli->query('INSERT INTO `hi...')
#1 C:\xampp\htdocs\sistem-admin-test\vendor\codeigniter4\framework\system\Database\BaseConnection.php(663): CodeIgniter\Database\MySQLi\Connection->execute('INSERT INTO `hi...')
#2 C:\xampp\htdocs\sistem-admin-test\vendor\codeigniter4\framework\system\Database\BaseConnection.php(591): CodeIgniter\Database\BaseConnection->simpleQuery('INSERT INTO `hi...')
#3 C:\xampp\htdocs\sistem-admin-test\vendor\codeigniter4\framework\system\Database\BaseBuilder.php(1733): CodeIgniter\Database\BaseConnection->query('INSERT INTO `hi...', Array, false)
#4 C:\xampp\htdocs\sistem-admin-test\vendor\codeigniter4\framework\system\Model.php(239): CodeIgniter\Database\BaseBuilder->insert()
#5 C:\xampp\htdocs\sistem-admin-test\vendor\codeigniter4\framework\system\BaseModel.php(738): CodeIgniter\Model->doInsert(Array)
#6 C:\xampp\htdocs\sistem-admin-test\vendor\codeigniter4\framework\system\Model.php(620): CodeIgniter\BaseModel->insert(Array, false)
#7 C:\xampp\htdocs\sistem-admin-test\vendor\codeigniter4\framework\system\BaseModel.php(658): CodeIgniter\Model->insert(Array, false)
#8 C:\xampp\htdocs\sistem-admin-test\app\Controllers\Admin.php(264): CodeIgniter\BaseModel->save(Array)
#9 C:\xampp\htdocs\sistem-admin-test\vendor\codeigniter4\framework\system\CodeIgniter.php(802): App\Controllers\Admin->mutate()
#10 C:\xampp\htdocs\sistem-admin-test\vendor\codeigniter4\framework\system\CodeIgniter.php(399): CodeIgniter\CodeIgniter->runController(Object(App\Controllers\Admin))
#11 C:\xampp\htdocs\sistem-admin-test\vendor\codeigniter4\framework\system\CodeIgniter.php(317): CodeIgniter\CodeIgniter->handleRequest(NULL, Object(Config\Cache), false)
#12 C:\xampp\htdocs\sistem-admin-test\public\index.php(37): CodeIgniter\CodeIgniter->run()
#13 C:\xampp\htdocs\sistem-admin-test\vendor\codeigniter4\framework\system\Commands\Server\rewrite.php(43): require_once('C:\\xampp\\htdocs...')
#14 {main}
