CRITICAL - 2021-10-22 00:00:05 --> Undefined variable $title
#0 C:\xampp\htdocs\sistem-admin-test\app\Views\templates\index.php(12): CodeIgniter\Debug\Exceptions->errorHandler(2, 'Undefined varia...', 'C:\\xampp\\htdocs...', 12)
#1 C:\xampp\htdocs\sistem-admin-test\vendor\codeigniter4\framework\system\View\View.php(214): include('C:\\xampp\\htdocs...')
#2 C:\xampp\htdocs\sistem-admin-test\vendor\codeigniter4\framework\system\View\View.php(217): CodeIgniter\View\View->CodeIgniter\View\{closure}()
#3 C:\xampp\htdocs\sistem-admin-test\vendor\codeigniter4\framework\system\View\View.php(230): CodeIgniter\View\View->render('templates/index', Array, true)
#4 C:\xampp\htdocs\sistem-admin-test\vendor\codeigniter4\framework\system\Common.php(1092): CodeIgniter\View\View->render('user/index', Array, true)
#5 C:\xampp\htdocs\sistem-admin-test\app\Controllers\User.php(21): view('user/index', Array)
#6 C:\xampp\htdocs\sistem-admin-test\vendor\codeigniter4\framework\system\CodeIgniter.php(802): App\Controllers\User->index()
#7 C:\xampp\htdocs\sistem-admin-test\vendor\codeigniter4\framework\system\CodeIgniter.php(399): CodeIgniter\CodeIgniter->runController(Object(App\Controllers\User))
#8 C:\xampp\htdocs\sistem-admin-test\vendor\codeigniter4\framework\system\CodeIgniter.php(317): CodeIgniter\CodeIgniter->handleRequest(NULL, Object(Config\Cache), false)
#9 C:\xampp\htdocs\sistem-admin-test\public\index.php(37): CodeIgniter\CodeIgniter->run()
#10 C:\xampp\htdocs\sistem-admin-test\vendor\codeigniter4\framework\system\Commands\Server\rewrite.php(43): require_once('C:\\xampp\\htdocs...')
#11 {main}
CRITICAL - 2021-10-22 00:01:22 --> Undefined variable $user
#0 C:\xampp\htdocs\sistem-admin-test\app\Views\user\index.php(14): CodeIgniter\Debug\Exceptions->errorHandler(2, 'Undefined varia...', 'C:\\xampp\\htdocs...', 14)
#1 C:\xampp\htdocs\sistem-admin-test\vendor\codeigniter4\framework\system\View\View.php(214): include('C:\\xampp\\htdocs...')
#2 C:\xampp\htdocs\sistem-admin-test\vendor\codeigniter4\framework\system\View\View.php(217): CodeIgniter\View\View->CodeIgniter\View\{closure}()
#3 C:\xampp\htdocs\sistem-admin-test\vendor\codeigniter4\framework\system\Common.php(1092): CodeIgniter\View\View->render('user/index', Array, true)
#4 C:\xampp\htdocs\sistem-admin-test\app\Controllers\User.php(21): view('user/index', Array)
#5 C:\xampp\htdocs\sistem-admin-test\vendor\codeigniter4\framework\system\CodeIgniter.php(802): App\Controllers\User->index()
#6 C:\xampp\htdocs\sistem-admin-test\vendor\codeigniter4\framework\system\CodeIgniter.php(399): CodeIgniter\CodeIgniter->runController(Object(App\Controllers\User))
#7 C:\xampp\htdocs\sistem-admin-test\vendor\codeigniter4\framework\system\CodeIgniter.php(317): CodeIgniter\CodeIgniter->handleRequest(NULL, Object(Config\Cache), false)
#8 C:\xampp\htdocs\sistem-admin-test\public\index.php(37): CodeIgniter\CodeIgniter->run()
#9 C:\xampp\htdocs\sistem-admin-test\vendor\codeigniter4\framework\system\Commands\Server\rewrite.php(43): require_once('C:\\xampp\\htdocs...')
#10 {main}
CRITICAL - 2021-10-22 00:10:18 --> Undefined variable $user
#0 C:\xampp\htdocs\sistem-admin-test\app\Views\user\index.php(14): CodeIgniter\Debug\Exceptions->errorHandler(2, 'Undefined varia...', 'C:\\xampp\\htdocs...', 14)
#1 C:\xampp\htdocs\sistem-admin-test\vendor\codeigniter4\framework\system\View\View.php(214): include('C:\\xampp\\htdocs...')
#2 C:\xampp\htdocs\sistem-admin-test\vendor\codeigniter4\framework\system\View\View.php(217): CodeIgniter\View\View->CodeIgniter\View\{closure}()
#3 C:\xampp\htdocs\sistem-admin-test\vendor\codeigniter4\framework\system\Common.php(1092): CodeIgniter\View\View->render('user/index', Array, true)
#4 C:\xampp\htdocs\sistem-admin-test\app\Controllers\User.php(21): view('user/index', Array)
#5 C:\xampp\htdocs\sistem-admin-test\vendor\codeigniter4\framework\system\CodeIgniter.php(802): App\Controllers\User->index()
#6 C:\xampp\htdocs\sistem-admin-test\vendor\codeigniter4\framework\system\CodeIgniter.php(399): CodeIgniter\CodeIgniter->runController(Object(App\Controllers\User))
#7 C:\xampp\htdocs\sistem-admin-test\vendor\codeigniter4\framework\system\CodeIgniter.php(317): CodeIgniter\CodeIgniter->handleRequest(NULL, Object(Config\Cache), false)
#8 C:\xampp\htdocs\sistem-admin-test\public\index.php(37): CodeIgniter\CodeIgniter->run()
#9 C:\xampp\htdocs\sistem-admin-test\vendor\codeigniter4\framework\system\Commands\Server\rewrite.php(43): require_once('C:\\xampp\\htdocs...')
#10 {main}
CRITICAL - 2021-10-22 00:11:57 --> Undefined variable $user
#0 C:\xampp\htdocs\sistem-admin-test\app\Views\user\index.php(14): CodeIgniter\Debug\Exceptions->errorHandler(2, 'Undefined varia...', 'C:\\xampp\\htdocs...', 14)
#1 C:\xampp\htdocs\sistem-admin-test\vendor\codeigniter4\framework\system\View\View.php(214): include('C:\\xampp\\htdocs...')
#2 C:\xampp\htdocs\sistem-admin-test\vendor\codeigniter4\framework\system\View\View.php(217): CodeIgniter\View\View->CodeIgniter\View\{closure}()
#3 C:\xampp\htdocs\sistem-admin-test\vendor\codeigniter4\framework\system\Common.php(1092): CodeIgniter\View\View->render('user/index', Array, true)
#4 C:\xampp\htdocs\sistem-admin-test\app\Controllers\User.php(21): view('user/index', Array)
#5 C:\xampp\htdocs\sistem-admin-test\vendor\codeigniter4\framework\system\CodeIgniter.php(802): App\Controllers\User->index()
#6 C:\xampp\htdocs\sistem-admin-test\vendor\codeigniter4\framework\system\CodeIgniter.php(399): CodeIgniter\CodeIgniter->runController(Object(App\Controllers\User))
#7 C:\xampp\htdocs\sistem-admin-test\vendor\codeigniter4\framework\system\CodeIgniter.php(317): CodeIgniter\CodeIgniter->handleRequest(NULL, Object(Config\Cache), false)
#8 C:\xampp\htdocs\sistem-admin-test\public\index.php(37): CodeIgniter\CodeIgniter->run()
#9 C:\xampp\htdocs\sistem-admin-test\vendor\codeigniter4\framework\system\Commands\Server\rewrite.php(43): require_once('C:\\xampp\\htdocs...')
#10 {main}
CRITICAL - 2021-10-22 00:12:12 --> Undefined variable $user
#0 C:\xampp\htdocs\sistem-admin-test\app\Views\user\index.php(14): CodeIgniter\Debug\Exceptions->errorHandler(2, 'Undefined varia...', 'C:\\xampp\\htdocs...', 14)
#1 C:\xampp\htdocs\sistem-admin-test\vendor\codeigniter4\framework\system\View\View.php(214): include('C:\\xampp\\htdocs...')
#2 C:\xampp\htdocs\sistem-admin-test\vendor\codeigniter4\framework\system\View\View.php(217): CodeIgniter\View\View->CodeIgniter\View\{closure}()
#3 C:\xampp\htdocs\sistem-admin-test\vendor\codeigniter4\framework\system\Common.php(1092): CodeIgniter\View\View->render('user/index', Array, true)
#4 C:\xampp\htdocs\sistem-admin-test\app\Controllers\User.php(21): view('user/index', Array)
#5 C:\xampp\htdocs\sistem-admin-test\vendor\codeigniter4\framework\system\CodeIgniter.php(802): App\Controllers\User->index()
#6 C:\xampp\htdocs\sistem-admin-test\vendor\codeigniter4\framework\system\CodeIgniter.php(399): CodeIgniter\CodeIgniter->runController(Object(App\Controllers\User))
#7 C:\xampp\htdocs\sistem-admin-test\vendor\codeigniter4\framework\system\CodeIgniter.php(317): CodeIgniter\CodeIgniter->handleRequest(NULL, Object(Config\Cache), false)
#8 C:\xampp\htdocs\sistem-admin-test\public\index.php(37): CodeIgniter\CodeIgniter->run()
#9 C:\xampp\htdocs\sistem-admin-test\vendor\codeigniter4\framework\system\Commands\Server\rewrite.php(43): require_once('C:\\xampp\\htdocs...')
#10 {main}
CRITICAL - 2021-10-22 00:12:19 --> Undefined variable $user
#0 C:\xampp\htdocs\sistem-admin-test\app\Views\user\index.php(14): CodeIgniter\Debug\Exceptions->errorHandler(2, 'Undefined varia...', 'C:\\xampp\\htdocs...', 14)
#1 C:\xampp\htdocs\sistem-admin-test\vendor\codeigniter4\framework\system\View\View.php(214): include('C:\\xampp\\htdocs...')
#2 C:\xampp\htdocs\sistem-admin-test\vendor\codeigniter4\framework\system\View\View.php(217): CodeIgniter\View\View->CodeIgniter\View\{closure}()
#3 C:\xampp\htdocs\sistem-admin-test\vendor\codeigniter4\framework\system\Common.php(1092): CodeIgniter\View\View->render('user/index', Array, true)
#4 C:\xampp\htdocs\sistem-admin-test\app\Controllers\User.php(21): view('user/index', Array)
#5 C:\xampp\htdocs\sistem-admin-test\vendor\codeigniter4\framework\system\CodeIgniter.php(802): App\Controllers\User->index()
#6 C:\xampp\htdocs\sistem-admin-test\vendor\codeigniter4\framework\system\CodeIgniter.php(399): CodeIgniter\CodeIgniter->runController(Object(App\Controllers\User))
#7 C:\xampp\htdocs\sistem-admin-test\vendor\codeigniter4\framework\system\CodeIgniter.php(317): CodeIgniter\CodeIgniter->handleRequest(NULL, Object(Config\Cache), false)
#8 C:\xampp\htdocs\sistem-admin-test\public\index.php(37): CodeIgniter\CodeIgniter->run()
#9 C:\xampp\htdocs\sistem-admin-test\vendor\codeigniter4\framework\system\Commands\Server\rewrite.php(43): require_once('C:\\xampp\\htdocs...')
#10 {main}
CRITICAL - 2021-10-22 00:12:29 --> Undefined variable $user
#0 C:\xampp\htdocs\sistem-admin-test\app\Views\user\index.php(14): CodeIgniter\Debug\Exceptions->errorHandler(2, 'Undefined varia...', 'C:\\xampp\\htdocs...', 14)
#1 C:\xampp\htdocs\sistem-admin-test\vendor\codeigniter4\framework\system\View\View.php(214): include('C:\\xampp\\htdocs...')
#2 C:\xampp\htdocs\sistem-admin-test\vendor\codeigniter4\framework\system\View\View.php(217): CodeIgniter\View\View->CodeIgniter\View\{closure}()
#3 C:\xampp\htdocs\sistem-admin-test\vendor\codeigniter4\framework\system\Common.php(1092): CodeIgniter\View\View->render('user/index', Array, true)
#4 C:\xampp\htdocs\sistem-admin-test\app\Controllers\User.php(21): view('user/index', Array)
#5 C:\xampp\htdocs\sistem-admin-test\vendor\codeigniter4\framework\system\CodeIgniter.php(802): App\Controllers\User->index()
#6 C:\xampp\htdocs\sistem-admin-test\vendor\codeigniter4\framework\system\CodeIgniter.php(399): CodeIgniter\CodeIgniter->runController(Object(App\Controllers\User))
#7 C:\xampp\htdocs\sistem-admin-test\vendor\codeigniter4\framework\system\CodeIgniter.php(317): CodeIgniter\CodeIgniter->handleRequest(NULL, Object(Config\Cache), false)
#8 C:\xampp\htdocs\sistem-admin-test\public\index.php(37): CodeIgniter\CodeIgniter->run()
#9 C:\xampp\htdocs\sistem-admin-test\vendor\codeigniter4\framework\system\Commands\Server\rewrite.php(43): require_once('C:\\xampp\\htdocs...')
#10 {main}
CRITICAL - 2021-10-22 00:12:41 --> Undefined variable $user
#0 C:\xampp\htdocs\sistem-admin-test\app\Views\user\index.php(14): CodeIgniter\Debug\Exceptions->errorHandler(2, 'Undefined varia...', 'C:\\xampp\\htdocs...', 14)
#1 C:\xampp\htdocs\sistem-admin-test\vendor\codeigniter4\framework\system\View\View.php(214): include('C:\\xampp\\htdocs...')
#2 C:\xampp\htdocs\sistem-admin-test\vendor\codeigniter4\framework\system\View\View.php(217): CodeIgniter\View\View->CodeIgniter\View\{closure}()
#3 C:\xampp\htdocs\sistem-admin-test\vendor\codeigniter4\framework\system\Common.php(1092): CodeIgniter\View\View->render('user/index', Array, true)
#4 C:\xampp\htdocs\sistem-admin-test\app\Controllers\User.php(21): view('user/index', Array)
#5 C:\xampp\htdocs\sistem-admin-test\vendor\codeigniter4\framework\system\CodeIgniter.php(802): App\Controllers\User->index()
#6 C:\xampp\htdocs\sistem-admin-test\vendor\codeigniter4\framework\system\CodeIgniter.php(399): CodeIgniter\CodeIgniter->runController(Object(App\Controllers\User))
#7 C:\xampp\htdocs\sistem-admin-test\vendor\codeigniter4\framework\system\CodeIgniter.php(317): CodeIgniter\CodeIgniter->handleRequest(NULL, Object(Config\Cache), false)
#8 C:\xampp\htdocs\sistem-admin-test\public\index.php(37): CodeIgniter\CodeIgniter->run()
#9 C:\xampp\htdocs\sistem-admin-test\vendor\codeigniter4\framework\system\Commands\Server\rewrite.php(43): require_once('C:\\xampp\\htdocs...')
#10 {main}
CRITICAL - 2021-10-22 00:13:51 --> Undefined variable $title
#0 C:\xampp\htdocs\sistem-admin-test\app\Views\templates\index.php(12): CodeIgniter\Debug\Exceptions->errorHandler(2, 'Undefined varia...', 'C:\\xampp\\htdocs...', 12)
#1 C:\xampp\htdocs\sistem-admin-test\vendor\codeigniter4\framework\system\View\View.php(214): include('C:\\xampp\\htdocs...')
#2 C:\xampp\htdocs\sistem-admin-test\vendor\codeigniter4\framework\system\View\View.php(217): CodeIgniter\View\View->CodeIgniter\View\{closure}()
#3 C:\xampp\htdocs\sistem-admin-test\vendor\codeigniter4\framework\system\View\View.php(230): CodeIgniter\View\View->render('templates/index', Array, true)
#4 C:\xampp\htdocs\sistem-admin-test\vendor\codeigniter4\framework\system\Common.php(1092): CodeIgniter\View\View->render('admin/index', Array, true)
#5 C:\xampp\htdocs\sistem-admin-test\app\Controllers\Admin.php(25): view('admin/index', Array)
#6 C:\xampp\htdocs\sistem-admin-test\vendor\codeigniter4\framework\system\CodeIgniter.php(802): App\Controllers\Admin->index()
#7 C:\xampp\htdocs\sistem-admin-test\vendor\codeigniter4\framework\system\CodeIgniter.php(399): CodeIgniter\CodeIgniter->runController(Object(App\Controllers\Admin))
#8 C:\xampp\htdocs\sistem-admin-test\vendor\codeigniter4\framework\system\CodeIgniter.php(317): CodeIgniter\CodeIgniter->handleRequest(NULL, Object(Config\Cache), false)
#9 C:\xampp\htdocs\sistem-admin-test\public\index.php(37): CodeIgniter\CodeIgniter->run()
#10 C:\xampp\htdocs\sistem-admin-test\vendor\codeigniter4\framework\system\Commands\Server\rewrite.php(43): require_once('C:\\xampp\\htdocs...')
#11 {main}
CRITICAL - 2021-10-22 00:14:02 --> Undefined variable $user
#0 C:\xampp\htdocs\sistem-admin-test\app\Views\user\index.php(14): CodeIgniter\Debug\Exceptions->errorHandler(2, 'Undefined varia...', 'C:\\xampp\\htdocs...', 14)
#1 C:\xampp\htdocs\sistem-admin-test\vendor\codeigniter4\framework\system\View\View.php(214): include('C:\\xampp\\htdocs...')
#2 C:\xampp\htdocs\sistem-admin-test\vendor\codeigniter4\framework\system\View\View.php(217): CodeIgniter\View\View->CodeIgniter\View\{closure}()
#3 C:\xampp\htdocs\sistem-admin-test\vendor\codeigniter4\framework\system\Common.php(1092): CodeIgniter\View\View->render('user/index', Array, true)
#4 C:\xampp\htdocs\sistem-admin-test\app\Controllers\User.php(21): view('user/index', Array)
#5 C:\xampp\htdocs\sistem-admin-test\vendor\codeigniter4\framework\system\CodeIgniter.php(802): App\Controllers\User->index()
#6 C:\xampp\htdocs\sistem-admin-test\vendor\codeigniter4\framework\system\CodeIgniter.php(399): CodeIgniter\CodeIgniter->runController(Object(App\Controllers\User))
#7 C:\xampp\htdocs\sistem-admin-test\vendor\codeigniter4\framework\system\CodeIgniter.php(317): CodeIgniter\CodeIgniter->handleRequest(NULL, Object(Config\Cache), false)
#8 C:\xampp\htdocs\sistem-admin-test\public\index.php(37): CodeIgniter\CodeIgniter->run()
#9 C:\xampp\htdocs\sistem-admin-test\vendor\codeigniter4\framework\system\Commands\Server\rewrite.php(43): require_once('C:\\xampp\\htdocs...')
#10 {main}
CRITICAL - 2021-10-22 00:14:05 --> Undefined variable $title
#0 C:\xampp\htdocs\sistem-admin-test\app\Views\templates\index.php(12): CodeIgniter\Debug\Exceptions->errorHandler(2, 'Undefined varia...', 'C:\\xampp\\htdocs...', 12)
#1 C:\xampp\htdocs\sistem-admin-test\vendor\codeigniter4\framework\system\View\View.php(214): include('C:\\xampp\\htdocs...')
#2 C:\xampp\htdocs\sistem-admin-test\vendor\codeigniter4\framework\system\View\View.php(217): CodeIgniter\View\View->CodeIgniter\View\{closure}()
#3 C:\xampp\htdocs\sistem-admin-test\vendor\codeigniter4\framework\system\View\View.php(230): CodeIgniter\View\View->render('templates/index', Array, true)
#4 C:\xampp\htdocs\sistem-admin-test\vendor\codeigniter4\framework\system\Common.php(1092): CodeIgniter\View\View->render('admin/index', Array, true)
#5 C:\xampp\htdocs\sistem-admin-test\app\Controllers\Admin.php(25): view('admin/index', Array)
#6 C:\xampp\htdocs\sistem-admin-test\vendor\codeigniter4\framework\system\CodeIgniter.php(802): App\Controllers\Admin->index()
#7 C:\xampp\htdocs\sistem-admin-test\vendor\codeigniter4\framework\system\CodeIgniter.php(399): CodeIgniter\CodeIgniter->runController(Object(App\Controllers\Admin))
#8 C:\xampp\htdocs\sistem-admin-test\vendor\codeigniter4\framework\system\CodeIgniter.php(317): CodeIgniter\CodeIgniter->handleRequest(NULL, Object(Config\Cache), false)
#9 C:\xampp\htdocs\sistem-admin-test\public\index.php(37): CodeIgniter\CodeIgniter->run()
#10 C:\xampp\htdocs\sistem-admin-test\vendor\codeigniter4\framework\system\Commands\Server\rewrite.php(43): require_once('C:\\xampp\\htdocs...')
#11 {main}
CRITICAL - 2021-10-22 00:15:32 --> Invalid file: user/index.php
#0 C:\xampp\htdocs\sistem-admin-test\vendor\codeigniter4\framework\system\View\View.php(198): CodeIgniter\Exceptions\FrameworkException::forInvalidFile('user/index.php')
#1 C:\xampp\htdocs\sistem-admin-test\vendor\codeigniter4\framework\system\Common.php(1092): CodeIgniter\View\View->render('user/index', Array, true)
#2 C:\xampp\htdocs\sistem-admin-test\app\Controllers\User.php(21): view('user/index', Array)
#3 C:\xampp\htdocs\sistem-admin-test\vendor\codeigniter4\framework\system\CodeIgniter.php(802): App\Controllers\User->index()
#4 C:\xampp\htdocs\sistem-admin-test\vendor\codeigniter4\framework\system\CodeIgniter.php(399): CodeIgniter\CodeIgniter->runController(Object(App\Controllers\User))
#5 C:\xampp\htdocs\sistem-admin-test\vendor\codeigniter4\framework\system\CodeIgniter.php(317): CodeIgniter\CodeIgniter->handleRequest(NULL, Object(Config\Cache), false)
#6 C:\xampp\htdocs\sistem-admin-test\public\index.php(37): CodeIgniter\CodeIgniter->run()
#7 C:\xampp\htdocs\sistem-admin-test\vendor\codeigniter4\framework\system\Commands\Server\rewrite.php(43): require_once('C:\\xampp\\htdocs...')
#8 {main}
CRITICAL - 2021-10-22 00:16:41 --> Undefined variable $user
#0 C:\xampp\htdocs\sistem-admin-test\app\Views\user\myprofile.php(14): CodeIgniter\Debug\Exceptions->errorHandler(2, 'Undefined varia...', 'C:\\xampp\\htdocs...', 14)
#1 C:\xampp\htdocs\sistem-admin-test\vendor\codeigniter4\framework\system\View\View.php(214): include('C:\\xampp\\htdocs...')
#2 C:\xampp\htdocs\sistem-admin-test\vendor\codeigniter4\framework\system\View\View.php(217): CodeIgniter\View\View->CodeIgniter\View\{closure}()
#3 C:\xampp\htdocs\sistem-admin-test\vendor\codeigniter4\framework\system\Common.php(1092): CodeIgniter\View\View->render('user/myprofile', Array, true)
#4 C:\xampp\htdocs\sistem-admin-test\app\Controllers\User.php(21): view('user/myprofile', Array)
#5 C:\xampp\htdocs\sistem-admin-test\vendor\codeigniter4\framework\system\CodeIgniter.php(802): App\Controllers\User->index()
#6 C:\xampp\htdocs\sistem-admin-test\vendor\codeigniter4\framework\system\CodeIgniter.php(399): CodeIgniter\CodeIgniter->runController(Object(App\Controllers\User))
#7 C:\xampp\htdocs\sistem-admin-test\vendor\codeigniter4\framework\system\CodeIgniter.php(317): CodeIgniter\CodeIgniter->handleRequest(NULL, Object(Config\Cache), false)
#8 C:\xampp\htdocs\sistem-admin-test\public\index.php(37): CodeIgniter\CodeIgniter->run()
#9 C:\xampp\htdocs\sistem-admin-test\vendor\codeigniter4\framework\system\Commands\Server\rewrite.php(43): require_once('C:\\xampp\\htdocs...')
#10 {main}
CRITICAL - 2021-10-22 00:16:51 --> Undefined variable $user
#0 C:\xampp\htdocs\sistem-admin-test\app\Views\user\myprofile.php(14): CodeIgniter\Debug\Exceptions->errorHandler(2, 'Undefined varia...', 'C:\\xampp\\htdocs...', 14)
#1 C:\xampp\htdocs\sistem-admin-test\vendor\codeigniter4\framework\system\View\View.php(214): include('C:\\xampp\\htdocs...')
#2 C:\xampp\htdocs\sistem-admin-test\vendor\codeigniter4\framework\system\View\View.php(217): CodeIgniter\View\View->CodeIgniter\View\{closure}()
#3 C:\xampp\htdocs\sistem-admin-test\vendor\codeigniter4\framework\system\Common.php(1092): CodeIgniter\View\View->render('user/myprofile', Array, true)
#4 C:\xampp\htdocs\sistem-admin-test\app\Controllers\User.php(21): view('user/myprofile', Array)
#5 C:\xampp\htdocs\sistem-admin-test\vendor\codeigniter4\framework\system\CodeIgniter.php(802): App\Controllers\User->index()
#6 C:\xampp\htdocs\sistem-admin-test\vendor\codeigniter4\framework\system\CodeIgniter.php(399): CodeIgniter\CodeIgniter->runController(Object(App\Controllers\User))
#7 C:\xampp\htdocs\sistem-admin-test\vendor\codeigniter4\framework\system\CodeIgniter.php(317): CodeIgniter\CodeIgniter->handleRequest(NULL, Object(Config\Cache), false)
#8 C:\xampp\htdocs\sistem-admin-test\public\index.php(37): CodeIgniter\CodeIgniter->run()
#9 C:\xampp\htdocs\sistem-admin-test\vendor\codeigniter4\framework\system\Commands\Server\rewrite.php(43): require_once('C:\\xampp\\htdocs...')
#10 {main}
CRITICAL - 2021-10-22 00:17:17 --> Undefined variable $user
#0 C:\xampp\htdocs\sistem-admin-test\app\Views\user\myprofile.php(14): CodeIgniter\Debug\Exceptions->errorHandler(2, 'Undefined varia...', 'C:\\xampp\\htdocs...', 14)
#1 C:\xampp\htdocs\sistem-admin-test\vendor\codeigniter4\framework\system\View\View.php(214): include('C:\\xampp\\htdocs...')
#2 C:\xampp\htdocs\sistem-admin-test\vendor\codeigniter4\framework\system\View\View.php(217): CodeIgniter\View\View->CodeIgniter\View\{closure}()
#3 C:\xampp\htdocs\sistem-admin-test\vendor\codeigniter4\framework\system\Common.php(1092): CodeIgniter\View\View->render('user/myprofile', Array, true)
#4 C:\xampp\htdocs\sistem-admin-test\app\Controllers\User.php(21): view('user/myprofile', Array)
#5 C:\xampp\htdocs\sistem-admin-test\vendor\codeigniter4\framework\system\CodeIgniter.php(802): App\Controllers\User->index()
#6 C:\xampp\htdocs\sistem-admin-test\vendor\codeigniter4\framework\system\CodeIgniter.php(399): CodeIgniter\CodeIgniter->runController(Object(App\Controllers\User))
#7 C:\xampp\htdocs\sistem-admin-test\vendor\codeigniter4\framework\system\CodeIgniter.php(317): CodeIgniter\CodeIgniter->handleRequest(NULL, Object(Config\Cache), false)
#8 C:\xampp\htdocs\sistem-admin-test\public\index.php(37): CodeIgniter\CodeIgniter->run()
#9 C:\xampp\htdocs\sistem-admin-test\vendor\codeigniter4\framework\system\Commands\Server\rewrite.php(43): require_once('C:\\xampp\\htdocs...')
#10 {main}
CRITICAL - 2021-10-22 00:17:55 --> Undefined variable $title
#0 C:\xampp\htdocs\sistem-admin-test\app\Views\templates\index.php(12): CodeIgniter\Debug\Exceptions->errorHandler(2, 'Undefined varia...', 'C:\\xampp\\htdocs...', 12)
#1 C:\xampp\htdocs\sistem-admin-test\vendor\codeigniter4\framework\system\View\View.php(214): include('C:\\xampp\\htdocs...')
#2 C:\xampp\htdocs\sistem-admin-test\vendor\codeigniter4\framework\system\View\View.php(217): CodeIgniter\View\View->CodeIgniter\View\{closure}()
#3 C:\xampp\htdocs\sistem-admin-test\vendor\codeigniter4\framework\system\View\View.php(230): CodeIgniter\View\View->render('templates/index', Array, true)
#4 C:\xampp\htdocs\sistem-admin-test\vendor\codeigniter4\framework\system\Common.php(1092): CodeIgniter\View\View->render('user/myprofile', Array, true)
#5 C:\xampp\htdocs\sistem-admin-test\app\Controllers\User.php(21): view('user/myprofile', Array)
#6 C:\xampp\htdocs\sistem-admin-test\vendor\codeigniter4\framework\system\CodeIgniter.php(802): App\Controllers\User->index()
#7 C:\xampp\htdocs\sistem-admin-test\vendor\codeigniter4\framework\system\CodeIgniter.php(399): CodeIgniter\CodeIgniter->runController(Object(App\Controllers\User))
#8 C:\xampp\htdocs\sistem-admin-test\vendor\codeigniter4\framework\system\CodeIgniter.php(317): CodeIgniter\CodeIgniter->handleRequest(NULL, Object(Config\Cache), false)
#9 C:\xampp\htdocs\sistem-admin-test\public\index.php(37): CodeIgniter\CodeIgniter->run()
#10 C:\xampp\htdocs\sistem-admin-test\vendor\codeigniter4\framework\system\Commands\Server\rewrite.php(43): require_once('C:\\xampp\\htdocs...')
#11 {main}
CRITICAL - 2021-10-22 00:20:23 --> Invalid file: user.php
#0 C:\xampp\htdocs\sistem-admin-test\vendor\codeigniter4\framework\system\View\View.php(198): CodeIgniter\Exceptions\FrameworkException::forInvalidFile('user.php')
#1 C:\xampp\htdocs\sistem-admin-test\vendor\codeigniter4\framework\system\Common.php(1092): CodeIgniter\View\View->render('user', Array, true)
#2 C:\xampp\htdocs\sistem-admin-test\app\Controllers\User.php(21): view('user', Array)
#3 C:\xampp\htdocs\sistem-admin-test\vendor\codeigniter4\framework\system\CodeIgniter.php(802): App\Controllers\User->index()
#4 C:\xampp\htdocs\sistem-admin-test\vendor\codeigniter4\framework\system\CodeIgniter.php(399): CodeIgniter\CodeIgniter->runController(Object(App\Controllers\User))
#5 C:\xampp\htdocs\sistem-admin-test\vendor\codeigniter4\framework\system\CodeIgniter.php(317): CodeIgniter\CodeIgniter->handleRequest(NULL, Object(Config\Cache), false)
#6 C:\xampp\htdocs\sistem-admin-test\public\index.php(37): CodeIgniter\CodeIgniter->run()
#7 C:\xampp\htdocs\sistem-admin-test\vendor\codeigniter4\framework\system\Commands\Server\rewrite.php(43): require_once('C:\\xampp\\htdocs...')
#8 {main}
CRITICAL - 2021-10-22 00:20:41 --> Invalid file: user/.php
#0 C:\xampp\htdocs\sistem-admin-test\vendor\codeigniter4\framework\system\View\View.php(198): CodeIgniter\Exceptions\FrameworkException::forInvalidFile('user/.php')
#1 C:\xampp\htdocs\sistem-admin-test\vendor\codeigniter4\framework\system\Common.php(1092): CodeIgniter\View\View->render('user/', Array, true)
#2 C:\xampp\htdocs\sistem-admin-test\app\Controllers\User.php(21): view('user/', Array)
#3 C:\xampp\htdocs\sistem-admin-test\vendor\codeigniter4\framework\system\CodeIgniter.php(802): App\Controllers\User->index()
#4 C:\xampp\htdocs\sistem-admin-test\vendor\codeigniter4\framework\system\CodeIgniter.php(399): CodeIgniter\CodeIgniter->runController(Object(App\Controllers\User))
#5 C:\xampp\htdocs\sistem-admin-test\vendor\codeigniter4\framework\system\CodeIgniter.php(317): CodeIgniter\CodeIgniter->handleRequest(NULL, Object(Config\Cache), false)
#6 C:\xampp\htdocs\sistem-admin-test\public\index.php(37): CodeIgniter\CodeIgniter->run()
#7 C:\xampp\htdocs\sistem-admin-test\vendor\codeigniter4\framework\system\Commands\Server\rewrite.php(43): require_once('C:\\xampp\\htdocs...')
#8 {main}
CRITICAL - 2021-10-22 00:21:02 --> Invalid file: index.php
#0 C:\xampp\htdocs\sistem-admin-test\vendor\codeigniter4\framework\system\View\View.php(198): CodeIgniter\Exceptions\FrameworkException::forInvalidFile('index.php')
#1 C:\xampp\htdocs\sistem-admin-test\vendor\codeigniter4\framework\system\Common.php(1092): CodeIgniter\View\View->render('index', Array, true)
#2 C:\xampp\htdocs\sistem-admin-test\app\Controllers\User.php(21): view('index', Array)
#3 C:\xampp\htdocs\sistem-admin-test\vendor\codeigniter4\framework\system\CodeIgniter.php(802): App\Controllers\User->index()
#4 C:\xampp\htdocs\sistem-admin-test\vendor\codeigniter4\framework\system\CodeIgniter.php(399): CodeIgniter\CodeIgniter->runController(Object(App\Controllers\User))
#5 C:\xampp\htdocs\sistem-admin-test\vendor\codeigniter4\framework\system\CodeIgniter.php(317): CodeIgniter\CodeIgniter->handleRequest(NULL, Object(Config\Cache), false)
#6 C:\xampp\htdocs\sistem-admin-test\public\index.php(37): CodeIgniter\CodeIgniter->run()
#7 C:\xampp\htdocs\sistem-admin-test\vendor\codeigniter4\framework\system\Commands\Server\rewrite.php(43): require_once('C:\\xampp\\htdocs...')
#8 {main}
CRITICAL - 2021-10-22 00:21:19 --> Undefined variable $user
#0 C:\xampp\htdocs\sistem-admin-test\app\Views\user\index.php(14): CodeIgniter\Debug\Exceptions->errorHandler(2, 'Undefined varia...', 'C:\\xampp\\htdocs...', 14)
#1 C:\xampp\htdocs\sistem-admin-test\vendor\codeigniter4\framework\system\View\View.php(214): include('C:\\xampp\\htdocs...')
#2 C:\xampp\htdocs\sistem-admin-test\vendor\codeigniter4\framework\system\View\View.php(217): CodeIgniter\View\View->CodeIgniter\View\{closure}()
#3 C:\xampp\htdocs\sistem-admin-test\vendor\codeigniter4\framework\system\Common.php(1092): CodeIgniter\View\View->render('user/index', Array, true)
#4 C:\xampp\htdocs\sistem-admin-test\app\Controllers\User.php(21): view('user/index', Array)
#5 C:\xampp\htdocs\sistem-admin-test\vendor\codeigniter4\framework\system\CodeIgniter.php(802): App\Controllers\User->index()
#6 C:\xampp\htdocs\sistem-admin-test\vendor\codeigniter4\framework\system\CodeIgniter.php(399): CodeIgniter\CodeIgniter->runController(Object(App\Controllers\User))
#7 C:\xampp\htdocs\sistem-admin-test\vendor\codeigniter4\framework\system\CodeIgniter.php(317): CodeIgniter\CodeIgniter->handleRequest(NULL, Object(Config\Cache), false)
#8 C:\xampp\htdocs\sistem-admin-test\public\index.php(37): CodeIgniter\CodeIgniter->run()
#9 C:\xampp\htdocs\sistem-admin-test\vendor\codeigniter4\framework\system\Commands\Server\rewrite.php(43): require_once('C:\\xampp\\htdocs...')
#10 {main}
CRITICAL - 2021-10-22 00:21:36 --> Undefined variable $title
#0 C:\xampp\htdocs\sistem-admin-test\app\Views\templates\index.php(12): CodeIgniter\Debug\Exceptions->errorHandler(2, 'Undefined varia...', 'C:\\xampp\\htdocs...', 12)
#1 C:\xampp\htdocs\sistem-admin-test\vendor\codeigniter4\framework\system\View\View.php(214): include('C:\\xampp\\htdocs...')
#2 C:\xampp\htdocs\sistem-admin-test\vendor\codeigniter4\framework\system\View\View.php(217): CodeIgniter\View\View->CodeIgniter\View\{closure}()
#3 C:\xampp\htdocs\sistem-admin-test\vendor\codeigniter4\framework\system\View\View.php(230): CodeIgniter\View\View->render('templates/index', Array, true)
#4 C:\xampp\htdocs\sistem-admin-test\vendor\codeigniter4\framework\system\Common.php(1092): CodeIgniter\View\View->render('user/index', Array, true)
#5 C:\xampp\htdocs\sistem-admin-test\app\Controllers\User.php(21): view('user/index', Array)
#6 C:\xampp\htdocs\sistem-admin-test\vendor\codeigniter4\framework\system\CodeIgniter.php(802): App\Controllers\User->index()
#7 C:\xampp\htdocs\sistem-admin-test\vendor\codeigniter4\framework\system\CodeIgniter.php(399): CodeIgniter\CodeIgniter->runController(Object(App\Controllers\User))
#8 C:\xampp\htdocs\sistem-admin-test\vendor\codeigniter4\framework\system\CodeIgniter.php(317): CodeIgniter\CodeIgniter->handleRequest(NULL, Object(Config\Cache), false)
#9 C:\xampp\htdocs\sistem-admin-test\public\index.php(37): CodeIgniter\CodeIgniter->run()
#10 C:\xampp\htdocs\sistem-admin-test\vendor\codeigniter4\framework\system\Commands\Server\rewrite.php(43): require_once('C:\\xampp\\htdocs...')
#11 {main}
CRITICAL - 2021-10-22 00:21:52 --> Undefined variable $title
#0 C:\xampp\htdocs\sistem-admin-test\app\Views\templates\index.php(12): CodeIgniter\Debug\Exceptions->errorHandler(2, 'Undefined varia...', 'C:\\xampp\\htdocs...', 12)
#1 C:\xampp\htdocs\sistem-admin-test\vendor\codeigniter4\framework\system\View\View.php(214): include('C:\\xampp\\htdocs...')
#2 C:\xampp\htdocs\sistem-admin-test\vendor\codeigniter4\framework\system\View\View.php(217): CodeIgniter\View\View->CodeIgniter\View\{closure}()
#3 C:\xampp\htdocs\sistem-admin-test\vendor\codeigniter4\framework\system\View\View.php(230): CodeIgniter\View\View->render('templates/index', Array, true)
#4 C:\xampp\htdocs\sistem-admin-test\vendor\codeigniter4\framework\system\Common.php(1092): CodeIgniter\View\View->render('user/index', Array, true)
#5 C:\xampp\htdocs\sistem-admin-test\app\Controllers\User.php(21): view('user/index', Array)
#6 C:\xampp\htdocs\sistem-admin-test\vendor\codeigniter4\framework\system\CodeIgniter.php(802): App\Controllers\User->index()
#7 C:\xampp\htdocs\sistem-admin-test\vendor\codeigniter4\framework\system\CodeIgniter.php(399): CodeIgniter\CodeIgniter->runController(Object(App\Controllers\User))
#8 C:\xampp\htdocs\sistem-admin-test\vendor\codeigniter4\framework\system\CodeIgniter.php(317): CodeIgniter\CodeIgniter->handleRequest(NULL, Object(Config\Cache), false)
#9 C:\xampp\htdocs\sistem-admin-test\public\index.php(37): CodeIgniter\CodeIgniter->run()
#10 C:\xampp\htdocs\sistem-admin-test\vendor\codeigniter4\framework\system\Commands\Server\rewrite.php(43): require_once('C:\\xampp\\htdocs...')
#11 {main}
CRITICAL - 2021-10-22 00:22:01 --> Invalid file: user.php
#0 C:\xampp\htdocs\sistem-admin-test\vendor\codeigniter4\framework\system\View\View.php(198): CodeIgniter\Exceptions\FrameworkException::forInvalidFile('user.php')
#1 C:\xampp\htdocs\sistem-admin-test\vendor\codeigniter4\framework\system\Common.php(1092): CodeIgniter\View\View->render('user', Array, true)
#2 C:\xampp\htdocs\sistem-admin-test\app\Controllers\User.php(30): view('user', Array)
#3 C:\xampp\htdocs\sistem-admin-test\vendor\codeigniter4\framework\system\CodeIgniter.php(802): App\Controllers\User->index()
#4 C:\xampp\htdocs\sistem-admin-test\vendor\codeigniter4\framework\system\CodeIgniter.php(399): CodeIgniter\CodeIgniter->runController(Object(App\Controllers\User))
#5 C:\xampp\htdocs\sistem-admin-test\vendor\codeigniter4\framework\system\CodeIgniter.php(317): CodeIgniter\CodeIgniter->handleRequest(NULL, Object(Config\Cache), false)
#6 C:\xampp\htdocs\sistem-admin-test\public\index.php(37): CodeIgniter\CodeIgniter->run()
#7 C:\xampp\htdocs\sistem-admin-test\vendor\codeigniter4\framework\system\Commands\Server\rewrite.php(43): require_once('C:\\xampp\\htdocs...')
#8 {main}
CRITICAL - 2021-10-22 00:22:20 --> Undefined variable $title
#0 C:\xampp\htdocs\sistem-admin-test\app\Views\templates\index.php(12): CodeIgniter\Debug\Exceptions->errorHandler(2, 'Undefined varia...', 'C:\\xampp\\htdocs...', 12)
#1 C:\xampp\htdocs\sistem-admin-test\vendor\codeigniter4\framework\system\View\View.php(214): include('C:\\xampp\\htdocs...')
#2 C:\xampp\htdocs\sistem-admin-test\vendor\codeigniter4\framework\system\View\View.php(217): CodeIgniter\View\View->CodeIgniter\View\{closure}()
#3 C:\xampp\htdocs\sistem-admin-test\vendor\codeigniter4\framework\system\View\View.php(230): CodeIgniter\View\View->render('templates/index', Array, true)
#4 C:\xampp\htdocs\sistem-admin-test\vendor\codeigniter4\framework\system\Common.php(1092): CodeIgniter\View\View->render('admin/index', Array, true)
#5 C:\xampp\htdocs\sistem-admin-test\app\Controllers\Admin.php(25): view('admin/index', Array)
#6 C:\xampp\htdocs\sistem-admin-test\vendor\codeigniter4\framework\system\CodeIgniter.php(802): App\Controllers\Admin->index()
#7 C:\xampp\htdocs\sistem-admin-test\vendor\codeigniter4\framework\system\CodeIgniter.php(399): CodeIgniter\CodeIgniter->runController(Object(App\Controllers\Admin))
#8 C:\xampp\htdocs\sistem-admin-test\vendor\codeigniter4\framework\system\CodeIgniter.php(317): CodeIgniter\CodeIgniter->handleRequest(NULL, Object(Config\Cache), false)
#9 C:\xampp\htdocs\sistem-admin-test\public\index.php(37): CodeIgniter\CodeIgniter->run()
#10 C:\xampp\htdocs\sistem-admin-test\vendor\codeigniter4\framework\system\Commands\Server\rewrite.php(43): require_once('C:\\xampp\\htdocs...')
#11 {main}
CRITICAL - 2021-10-22 00:23:41 --> Undefined variable $title
#0 C:\xampp\htdocs\sistem-admin-test\app\Views\templates\index.php(12): CodeIgniter\Debug\Exceptions->errorHandler(2, 'Undefined varia...', 'C:\\xampp\\htdocs...', 12)
#1 C:\xampp\htdocs\sistem-admin-test\vendor\codeigniter4\framework\system\View\View.php(214): include('C:\\xampp\\htdocs...')
#2 C:\xampp\htdocs\sistem-admin-test\vendor\codeigniter4\framework\system\View\View.php(217): CodeIgniter\View\View->CodeIgniter\View\{closure}()
#3 C:\xampp\htdocs\sistem-admin-test\vendor\codeigniter4\framework\system\View\View.php(230): CodeIgniter\View\View->render('templates/index', Array, true)
#4 C:\xampp\htdocs\sistem-admin-test\vendor\codeigniter4\framework\system\Common.php(1092): CodeIgniter\View\View->render('admin/index', Array, true)
#5 C:\xampp\htdocs\sistem-admin-test\app\Controllers\Admin.php(25): view('admin/index', Array)
#6 C:\xampp\htdocs\sistem-admin-test\vendor\codeigniter4\framework\system\CodeIgniter.php(802): App\Controllers\Admin->index()
#7 C:\xampp\htdocs\sistem-admin-test\vendor\codeigniter4\framework\system\CodeIgniter.php(399): CodeIgniter\CodeIgniter->runController(Object(App\Controllers\Admin))
#8 C:\xampp\htdocs\sistem-admin-test\vendor\codeigniter4\framework\system\CodeIgniter.php(317): CodeIgniter\CodeIgniter->handleRequest(NULL, Object(Config\Cache), false)
#9 C:\xampp\htdocs\sistem-admin-test\public\index.php(37): CodeIgniter\CodeIgniter->run()
#10 C:\xampp\htdocs\sistem-admin-test\vendor\codeigniter4\framework\system\Commands\Server\rewrite.php(43): require_once('C:\\xampp\\htdocs...')
#11 {main}
CRITICAL - 2021-10-22 00:25:03 --> Call to a member function data() on null
#0 C:\xampp\htdocs\sistem-admin-test\vendor\codeigniter4\framework\system\CodeIgniter.php(802): App\Controllers\Admin->index()
#1 C:\xampp\htdocs\sistem-admin-test\vendor\codeigniter4\framework\system\CodeIgniter.php(399): CodeIgniter\CodeIgniter->runController(Object(App\Controllers\Admin))
#2 C:\xampp\htdocs\sistem-admin-test\vendor\codeigniter4\framework\system\CodeIgniter.php(317): CodeIgniter\CodeIgniter->handleRequest(NULL, Object(Config\Cache), false)
#3 C:\xampp\htdocs\sistem-admin-test\public\index.php(37): CodeIgniter\CodeIgniter->run()
#4 C:\xampp\htdocs\sistem-admin-test\vendor\codeigniter4\framework\system\Commands\Server\rewrite.php(43): require_once('C:\\xampp\\htdocs...')
#5 {main}
CRITICAL - 2021-10-22 00:26:34 --> Undefined variable $user
#0 C:\xampp\htdocs\sistem-admin-test\app\Views\user\MyProfile.php(14): CodeIgniter\Debug\Exceptions->errorHandler(2, 'Undefined varia...', 'C:\\xampp\\htdocs...', 14)
#1 C:\xampp\htdocs\sistem-admin-test\vendor\codeigniter4\framework\system\View\View.php(214): include('C:\\xampp\\htdocs...')
#2 C:\xampp\htdocs\sistem-admin-test\vendor\codeigniter4\framework\system\View\View.php(217): CodeIgniter\View\View->CodeIgniter\View\{closure}()
#3 C:\xampp\htdocs\sistem-admin-test\vendor\codeigniter4\framework\system\Common.php(1092): CodeIgniter\View\View->render('user/Myprofile', Array, true)
#4 C:\xampp\htdocs\sistem-admin-test\app\Controllers\User.php(30): view('user/Myprofile', Array)
#5 C:\xampp\htdocs\sistem-admin-test\vendor\codeigniter4\framework\system\CodeIgniter.php(802): App\Controllers\User->index()
#6 C:\xampp\htdocs\sistem-admin-test\vendor\codeigniter4\framework\system\CodeIgniter.php(399): CodeIgniter\CodeIgniter->runController(Object(App\Controllers\User))
#7 C:\xampp\htdocs\sistem-admin-test\vendor\codeigniter4\framework\system\CodeIgniter.php(317): CodeIgniter\CodeIgniter->handleRequest(NULL, Object(Config\Cache), false)
#8 C:\xampp\htdocs\sistem-admin-test\public\index.php(37): CodeIgniter\CodeIgniter->run()
#9 C:\xampp\htdocs\sistem-admin-test\vendor\codeigniter4\framework\system\Commands\Server\rewrite.php(43): require_once('C:\\xampp\\htdocs...')
#10 {main}
CRITICAL - 2021-10-22 00:28:15 --> Attempt to read property "user_image" on null
#0 C:\xampp\htdocs\sistem-admin-test\app\Views\user\MyProfile.php(14): CodeIgniter\Debug\Exceptions->errorHandler(2, 'Attempt to read...', 'C:\\xampp\\htdocs...', 14)
#1 C:\xampp\htdocs\sistem-admin-test\vendor\codeigniter4\framework\system\View\View.php(214): include('C:\\xampp\\htdocs...')
#2 C:\xampp\htdocs\sistem-admin-test\vendor\codeigniter4\framework\system\View\View.php(217): CodeIgniter\View\View->CodeIgniter\View\{closure}()
#3 C:\xampp\htdocs\sistem-admin-test\vendor\codeigniter4\framework\system\Common.php(1092): CodeIgniter\View\View->render('user/Myprofile', Array, true)
#4 C:\xampp\htdocs\sistem-admin-test\app\Controllers\User.php(30): view('user/Myprofile', Array)
#5 C:\xampp\htdocs\sistem-admin-test\vendor\codeigniter4\framework\system\CodeIgniter.php(802): App\Controllers\User->index()
#6 C:\xampp\htdocs\sistem-admin-test\vendor\codeigniter4\framework\system\CodeIgniter.php(399): CodeIgniter\CodeIgniter->runController(Object(App\Controllers\User))
#7 C:\xampp\htdocs\sistem-admin-test\vendor\codeigniter4\framework\system\CodeIgniter.php(317): CodeIgniter\CodeIgniter->handleRequest(NULL, Object(Config\Cache), false)
#8 C:\xampp\htdocs\sistem-admin-test\public\index.php(37): CodeIgniter\CodeIgniter->run()
#9 C:\xampp\htdocs\sistem-admin-test\vendor\codeigniter4\framework\system\Commands\Server\rewrite.php(43): require_once('C:\\xampp\\htdocs...')
#10 {main}
CRITICAL - 2021-10-22 00:28:47 --> Attempt to read property "user_image" on null
#0 C:\xampp\htdocs\sistem-admin-test\app\Views\user\MyProfile.php(14): CodeIgniter\Debug\Exceptions->errorHandler(2, 'Attempt to read...', 'C:\\xampp\\htdocs...', 14)
#1 C:\xampp\htdocs\sistem-admin-test\vendor\codeigniter4\framework\system\View\View.php(214): include('C:\\xampp\\htdocs...')
#2 C:\xampp\htdocs\sistem-admin-test\vendor\codeigniter4\framework\system\View\View.php(217): CodeIgniter\View\View->CodeIgniter\View\{closure}()
#3 C:\xampp\htdocs\sistem-admin-test\vendor\codeigniter4\framework\system\Common.php(1092): CodeIgniter\View\View->render('user/Myprofile', Array, true)
#4 C:\xampp\htdocs\sistem-admin-test\app\Controllers\User.php(33): view('user/Myprofile', Array)
#5 C:\xampp\htdocs\sistem-admin-test\vendor\codeigniter4\framework\system\CodeIgniter.php(802): App\Controllers\User->index()
#6 C:\xampp\htdocs\sistem-admin-test\vendor\codeigniter4\framework\system\CodeIgniter.php(399): CodeIgniter\CodeIgniter->runController(Object(App\Controllers\User))
#7 C:\xampp\htdocs\sistem-admin-test\vendor\codeigniter4\framework\system\CodeIgniter.php(317): CodeIgniter\CodeIgniter->handleRequest(NULL, Object(Config\Cache), false)
#8 C:\xampp\htdocs\sistem-admin-test\public\index.php(37): CodeIgniter\CodeIgniter->run()
#9 C:\xampp\htdocs\sistem-admin-test\vendor\codeigniter4\framework\system\Commands\Server\rewrite.php(43): require_once('C:\\xampp\\htdocs...')
#10 {main}
CRITICAL - 2021-10-22 00:30:50 --> Attempt to read property "user_image" on null
#0 C:\xampp\htdocs\sistem-admin-test\app\Views\user\index.php(14): CodeIgniter\Debug\Exceptions->errorHandler(2, 'Attempt to read...', 'C:\\xampp\\htdocs...', 14)
#1 C:\xampp\htdocs\sistem-admin-test\vendor\codeigniter4\framework\system\View\View.php(214): include('C:\\xampp\\htdocs...')
#2 C:\xampp\htdocs\sistem-admin-test\vendor\codeigniter4\framework\system\View\View.php(217): CodeIgniter\View\View->CodeIgniter\View\{closure}()
#3 C:\xampp\htdocs\sistem-admin-test\vendor\codeigniter4\framework\system\Common.php(1092): CodeIgniter\View\View->render('user/index', Array, true)
#4 C:\xampp\htdocs\sistem-admin-test\app\Controllers\User.php(33): view('user/index', Array)
#5 C:\xampp\htdocs\sistem-admin-test\vendor\codeigniter4\framework\system\CodeIgniter.php(802): App\Controllers\User->index()
#6 C:\xampp\htdocs\sistem-admin-test\vendor\codeigniter4\framework\system\CodeIgniter.php(399): CodeIgniter\CodeIgniter->runController(Object(App\Controllers\User))
#7 C:\xampp\htdocs\sistem-admin-test\vendor\codeigniter4\framework\system\CodeIgniter.php(317): CodeIgniter\CodeIgniter->handleRequest(NULL, Object(Config\Cache), false)
#8 C:\xampp\htdocs\sistem-admin-test\public\index.php(37): CodeIgniter\CodeIgniter->run()
#9 C:\xampp\htdocs\sistem-admin-test\vendor\codeigniter4\framework\system\Commands\Server\rewrite.php(43): require_once('C:\\xampp\\htdocs...')
#10 {main}
CRITICAL - 2021-10-22 00:31:49 --> Attempt to read property "user_image" on null
#0 C:\xampp\htdocs\sistem-admin-test\app\Views\user\index.php(14): CodeIgniter\Debug\Exceptions->errorHandler(2, 'Attempt to read...', 'C:\\xampp\\htdocs...', 14)
#1 C:\xampp\htdocs\sistem-admin-test\vendor\codeigniter4\framework\system\View\View.php(214): include('C:\\xampp\\htdocs...')
#2 C:\xampp\htdocs\sistem-admin-test\vendor\codeigniter4\framework\system\View\View.php(217): CodeIgniter\View\View->CodeIgniter\View\{closure}()
#3 C:\xampp\htdocs\sistem-admin-test\vendor\codeigniter4\framework\system\Common.php(1092): CodeIgniter\View\View->render('user/index', Array, true)
#4 C:\xampp\htdocs\sistem-admin-test\app\Controllers\User.php(33): view('user/index', Array)
#5 C:\xampp\htdocs\sistem-admin-test\vendor\codeigniter4\framework\system\CodeIgniter.php(802): App\Controllers\User->index()
#6 C:\xampp\htdocs\sistem-admin-test\vendor\codeigniter4\framework\system\CodeIgniter.php(399): CodeIgniter\CodeIgniter->runController(Object(App\Controllers\User))
#7 C:\xampp\htdocs\sistem-admin-test\vendor\codeigniter4\framework\system\CodeIgniter.php(317): CodeIgniter\CodeIgniter->handleRequest(NULL, Object(Config\Cache), false)
#8 C:\xampp\htdocs\sistem-admin-test\public\index.php(37): CodeIgniter\CodeIgniter->run()
#9 C:\xampp\htdocs\sistem-admin-test\vendor\codeigniter4\framework\system\Commands\Server\rewrite.php(43): require_once('C:\\xampp\\htdocs...')
#10 {main}
CRITICAL - 2021-10-22 00:32:41 --> Attempt to read property "user_image" on null
#0 C:\xampp\htdocs\sistem-admin-test\app\Views\user\index.php(14): CodeIgniter\Debug\Exceptions->errorHandler(2, 'Attempt to read...', 'C:\\xampp\\htdocs...', 14)
#1 C:\xampp\htdocs\sistem-admin-test\vendor\codeigniter4\framework\system\View\View.php(214): include('C:\\xampp\\htdocs...')
#2 C:\xampp\htdocs\sistem-admin-test\vendor\codeigniter4\framework\system\View\View.php(217): CodeIgniter\View\View->CodeIgniter\View\{closure}()
#3 C:\xampp\htdocs\sistem-admin-test\vendor\codeigniter4\framework\system\Common.php(1092): CodeIgniter\View\View->render('user/index', Array, true)
#4 C:\xampp\htdocs\sistem-admin-test\app\Controllers\User.php(33): view('user/index', Array)
#5 C:\xampp\htdocs\sistem-admin-test\vendor\codeigniter4\framework\system\CodeIgniter.php(802): App\Controllers\User->index()
#6 C:\xampp\htdocs\sistem-admin-test\vendor\codeigniter4\framework\system\CodeIgniter.php(399): CodeIgniter\CodeIgniter->runController(Object(App\Controllers\User))
#7 C:\xampp\htdocs\sistem-admin-test\vendor\codeigniter4\framework\system\CodeIgniter.php(317): CodeIgniter\CodeIgniter->handleRequest(NULL, Object(Config\Cache), false)
#8 C:\xampp\htdocs\sistem-admin-test\public\index.php(37): CodeIgniter\CodeIgniter->run()
#9 C:\xampp\htdocs\sistem-admin-test\vendor\codeigniter4\framework\system\Commands\Server\rewrite.php(43): require_once('C:\\xampp\\htdocs...')
#10 {main}
CRITICAL - 2021-10-22 00:35:01 --> Attempt to read property "user_image" on null
#0 C:\xampp\htdocs\sistem-admin-test\app\Views\user\index.php(14): CodeIgniter\Debug\Exceptions->errorHandler(2, 'Attempt to read...', 'C:\\xampp\\htdocs...', 14)
#1 C:\xampp\htdocs\sistem-admin-test\vendor\codeigniter4\framework\system\View\View.php(214): include('C:\\xampp\\htdocs...')
#2 C:\xampp\htdocs\sistem-admin-test\vendor\codeigniter4\framework\system\View\View.php(217): CodeIgniter\View\View->CodeIgniter\View\{closure}()
#3 C:\xampp\htdocs\sistem-admin-test\vendor\codeigniter4\framework\system\Common.php(1092): CodeIgniter\View\View->render('user/index', Array, true)
#4 C:\xampp\htdocs\sistem-admin-test\app\Controllers\User.php(33): view('user/index', Array)
#5 C:\xampp\htdocs\sistem-admin-test\vendor\codeigniter4\framework\system\CodeIgniter.php(802): App\Controllers\User->index()
#6 C:\xampp\htdocs\sistem-admin-test\vendor\codeigniter4\framework\system\CodeIgniter.php(399): CodeIgniter\CodeIgniter->runController(Object(App\Controllers\User))
#7 C:\xampp\htdocs\sistem-admin-test\vendor\codeigniter4\framework\system\CodeIgniter.php(317): CodeIgniter\CodeIgniter->handleRequest(NULL, Object(Config\Cache), false)
#8 C:\xampp\htdocs\sistem-admin-test\public\index.php(37): CodeIgniter\CodeIgniter->run()
#9 C:\xampp\htdocs\sistem-admin-test\vendor\codeigniter4\framework\system\Commands\Server\rewrite.php(43): require_once('C:\\xampp\\htdocs...')
#10 {main}
CRITICAL - 2021-10-22 00:36:31 --> Attempt to read property "user_image" on null
#0 C:\xampp\htdocs\sistem-admin-test\app\Views\user\index.php(14): CodeIgniter\Debug\Exceptions->errorHandler(2, 'Attempt to read...', 'C:\\xampp\\htdocs...', 14)
#1 C:\xampp\htdocs\sistem-admin-test\vendor\codeigniter4\framework\system\View\View.php(214): include('C:\\xampp\\htdocs...')
#2 C:\xampp\htdocs\sistem-admin-test\vendor\codeigniter4\framework\system\View\View.php(217): CodeIgniter\View\View->CodeIgniter\View\{closure}()
#3 C:\xampp\htdocs\sistem-admin-test\vendor\codeigniter4\framework\system\Common.php(1092): CodeIgniter\View\View->render('user/index', Array, true)
#4 C:\xampp\htdocs\sistem-admin-test\app\Controllers\User.php(33): view('user/index', Array)
#5 C:\xampp\htdocs\sistem-admin-test\vendor\codeigniter4\framework\system\CodeIgniter.php(802): App\Controllers\User->index()
#6 C:\xampp\htdocs\sistem-admin-test\vendor\codeigniter4\framework\system\CodeIgniter.php(399): CodeIgniter\CodeIgniter->runController(Object(App\Controllers\User))
#7 C:\xampp\htdocs\sistem-admin-test\vendor\codeigniter4\framework\system\CodeIgniter.php(317): CodeIgniter\CodeIgniter->handleRequest(NULL, Object(Config\Cache), false)
#8 C:\xampp\htdocs\sistem-admin-test\public\index.php(37): CodeIgniter\CodeIgniter->run()
#9 C:\xampp\htdocs\sistem-admin-test\vendor\codeigniter4\framework\system\Commands\Server\rewrite.php(43): require_once('C:\\xampp\\htdocs...')
#10 {main}
CRITICAL - 2021-10-22 00:36:56 --> Attempt to read property "username" on null
#0 C:\xampp\htdocs\sistem-admin-test\app\Views\user\index.php(14): CodeIgniter\Debug\Exceptions->errorHandler(2, 'Attempt to read...', 'C:\\xampp\\htdocs...', 14)
#1 C:\xampp\htdocs\sistem-admin-test\vendor\codeigniter4\framework\system\View\View.php(214): include('C:\\xampp\\htdocs...')
#2 C:\xampp\htdocs\sistem-admin-test\vendor\codeigniter4\framework\system\View\View.php(217): CodeIgniter\View\View->CodeIgniter\View\{closure}()
#3 C:\xampp\htdocs\sistem-admin-test\vendor\codeigniter4\framework\system\Common.php(1092): CodeIgniter\View\View->render('user/index', Array, true)
#4 C:\xampp\htdocs\sistem-admin-test\app\Controllers\User.php(33): view('user/index', Array)
#5 C:\xampp\htdocs\sistem-admin-test\vendor\codeigniter4\framework\system\CodeIgniter.php(802): App\Controllers\User->index()
#6 C:\xampp\htdocs\sistem-admin-test\vendor\codeigniter4\framework\system\CodeIgniter.php(399): CodeIgniter\CodeIgniter->runController(Object(App\Controllers\User))
#7 C:\xampp\htdocs\sistem-admin-test\vendor\codeigniter4\framework\system\CodeIgniter.php(317): CodeIgniter\CodeIgniter->handleRequest(NULL, Object(Config\Cache), false)
#8 C:\xampp\htdocs\sistem-admin-test\public\index.php(37): CodeIgniter\CodeIgniter->run()
#9 C:\xampp\htdocs\sistem-admin-test\vendor\codeigniter4\framework\system\Commands\Server\rewrite.php(43): require_once('C:\\xampp\\htdocs...')
#10 {main}
CRITICAL - 2021-10-22 00:40:48 --> Undefined variable $user
#0 C:\xampp\htdocs\sistem-admin-test\app\Views\user\index.php(14): CodeIgniter\Debug\Exceptions->errorHandler(2, 'Undefined varia...', 'C:\\xampp\\htdocs...', 14)
#1 C:\xampp\htdocs\sistem-admin-test\vendor\codeigniter4\framework\system\View\View.php(214): include('C:\\xampp\\htdocs...')
#2 C:\xampp\htdocs\sistem-admin-test\vendor\codeigniter4\framework\system\View\View.php(217): CodeIgniter\View\View->CodeIgniter\View\{closure}()
#3 C:\xampp\htdocs\sistem-admin-test\vendor\codeigniter4\framework\system\Common.php(1092): CodeIgniter\View\View->render('user/index', Array, true)
#4 C:\xampp\htdocs\sistem-admin-test\app\Controllers\User.php(18): view('user/index', Array)
#5 C:\xampp\htdocs\sistem-admin-test\vendor\codeigniter4\framework\system\CodeIgniter.php(802): App\Controllers\User->index()
#6 C:\xampp\htdocs\sistem-admin-test\vendor\codeigniter4\framework\system\CodeIgniter.php(399): CodeIgniter\CodeIgniter->runController(Object(App\Controllers\User))
#7 C:\xampp\htdocs\sistem-admin-test\vendor\codeigniter4\framework\system\CodeIgniter.php(317): CodeIgniter\CodeIgniter->handleRequest(NULL, Object(Config\Cache), false)
#8 C:\xampp\htdocs\sistem-admin-test\public\index.php(37): CodeIgniter\CodeIgniter->run()
#9 C:\xampp\htdocs\sistem-admin-test\vendor\codeigniter4\framework\system\Commands\Server\rewrite.php(43): require_once('C:\\xampp\\htdocs...')
#10 {main}
CRITICAL - 2021-10-22 00:41:17 --> Undefined variable $title
#0 C:\xampp\htdocs\sistem-admin-test\app\Views\templates\index.php(12): CodeIgniter\Debug\Exceptions->errorHandler(2, 'Undefined varia...', 'C:\\xampp\\htdocs...', 12)
#1 C:\xampp\htdocs\sistem-admin-test\vendor\codeigniter4\framework\system\View\View.php(214): include('C:\\xampp\\htdocs...')
#2 C:\xampp\htdocs\sistem-admin-test\vendor\codeigniter4\framework\system\View\View.php(217): CodeIgniter\View\View->CodeIgniter\View\{closure}()
#3 C:\xampp\htdocs\sistem-admin-test\vendor\codeigniter4\framework\system\View\View.php(230): CodeIgniter\View\View->render('templates/index', Array, true)
#4 C:\xampp\htdocs\sistem-admin-test\vendor\codeigniter4\framework\system\Common.php(1092): CodeIgniter\View\View->render('user/index', Array, true)
#5 C:\xampp\htdocs\sistem-admin-test\app\Controllers\User.php(18): view('user/index', Array)
#6 C:\xampp\htdocs\sistem-admin-test\vendor\codeigniter4\framework\system\CodeIgniter.php(802): App\Controllers\User->index()
#7 C:\xampp\htdocs\sistem-admin-test\vendor\codeigniter4\framework\system\CodeIgniter.php(399): CodeIgniter\CodeIgniter->runController(Object(App\Controllers\User))
#8 C:\xampp\htdocs\sistem-admin-test\vendor\codeigniter4\framework\system\CodeIgniter.php(317): CodeIgniter\CodeIgniter->handleRequest(NULL, Object(Config\Cache), false)
#9 C:\xampp\htdocs\sistem-admin-test\public\index.php(37): CodeIgniter\CodeIgniter->run()
#10 C:\xampp\htdocs\sistem-admin-test\vendor\codeigniter4\framework\system\Commands\Server\rewrite.php(43): require_once('C:\\xampp\\htdocs...')
#11 {main}
CRITICAL - 2021-10-22 00:42:16 --> Undefined variable $title
#0 C:\xampp\htdocs\sistem-admin-test\app\Views\templates\index.php(12): CodeIgniter\Debug\Exceptions->errorHandler(2, 'Undefined varia...', 'C:\\xampp\\htdocs...', 12)
#1 C:\xampp\htdocs\sistem-admin-test\vendor\codeigniter4\framework\system\View\View.php(214): include('C:\\xampp\\htdocs...')
#2 C:\xampp\htdocs\sistem-admin-test\vendor\codeigniter4\framework\system\View\View.php(217): CodeIgniter\View\View->CodeIgniter\View\{closure}()
#3 C:\xampp\htdocs\sistem-admin-test\vendor\codeigniter4\framework\system\View\View.php(230): CodeIgniter\View\View->render('templates/index', Array, true)
#4 C:\xampp\htdocs\sistem-admin-test\vendor\codeigniter4\framework\system\Common.php(1092): CodeIgniter\View\View->render('user/index', Array, true)
#5 C:\xampp\htdocs\sistem-admin-test\app\Controllers\User.php(19): view('user/index', Array)
#6 C:\xampp\htdocs\sistem-admin-test\vendor\codeigniter4\framework\system\CodeIgniter.php(802): App\Controllers\User->index()
#7 C:\xampp\htdocs\sistem-admin-test\vendor\codeigniter4\framework\system\CodeIgniter.php(399): CodeIgniter\CodeIgniter->runController(Object(App\Controllers\User))
#8 C:\xampp\htdocs\sistem-admin-test\vendor\codeigniter4\framework\system\CodeIgniter.php(317): CodeIgniter\CodeIgniter->handleRequest(NULL, Object(Config\Cache), false)
#9 C:\xampp\htdocs\sistem-admin-test\public\index.php(37): CodeIgniter\CodeIgniter->run()
#10 C:\xampp\htdocs\sistem-admin-test\vendor\codeigniter4\framework\system\Commands\Server\rewrite.php(43): require_once('C:\\xampp\\htdocs...')
#11 {main}
CRITICAL - 2021-10-22 00:42:49 --> Undefined variable $title
#0 C:\xampp\htdocs\sistem-admin-test\app\Views\templates\index.php(12): CodeIgniter\Debug\Exceptions->errorHandler(2, 'Undefined varia...', 'C:\\xampp\\htdocs...', 12)
#1 C:\xampp\htdocs\sistem-admin-test\vendor\codeigniter4\framework\system\View\View.php(214): include('C:\\xampp\\htdocs...')
#2 C:\xampp\htdocs\sistem-admin-test\vendor\codeigniter4\framework\system\View\View.php(217): CodeIgniter\View\View->CodeIgniter\View\{closure}()
#3 C:\xampp\htdocs\sistem-admin-test\vendor\codeigniter4\framework\system\View\View.php(230): CodeIgniter\View\View->render('templates/index', Array, true)
#4 C:\xampp\htdocs\sistem-admin-test\vendor\codeigniter4\framework\system\Common.php(1092): CodeIgniter\View\View->render('user/index', Array, true)
#5 C:\xampp\htdocs\sistem-admin-test\app\Controllers\User.php(19): view('user/index', Array)
#6 C:\xampp\htdocs\sistem-admin-test\vendor\codeigniter4\framework\system\CodeIgniter.php(802): App\Controllers\User->index()
#7 C:\xampp\htdocs\sistem-admin-test\vendor\codeigniter4\framework\system\CodeIgniter.php(399): CodeIgniter\CodeIgniter->runController(Object(App\Controllers\User))
#8 C:\xampp\htdocs\sistem-admin-test\vendor\codeigniter4\framework\system\CodeIgniter.php(317): CodeIgniter\CodeIgniter->handleRequest(NULL, Object(Config\Cache), false)
#9 C:\xampp\htdocs\sistem-admin-test\public\index.php(37): CodeIgniter\CodeIgniter->run()
#10 C:\xampp\htdocs\sistem-admin-test\vendor\codeigniter4\framework\system\Commands\Server\rewrite.php(43): require_once('C:\\xampp\\htdocs...')
#11 {main}
CRITICAL - 2021-10-22 00:46:43 --> Attempt to read property "user_image" on null
#0 C:\xampp\htdocs\sistem-admin-test\app\Views\user\index.php(14): CodeIgniter\Debug\Exceptions->errorHandler(2, 'Attempt to read...', 'C:\\xampp\\htdocs...', 14)
#1 C:\xampp\htdocs\sistem-admin-test\vendor\codeigniter4\framework\system\View\View.php(214): include('C:\\xampp\\htdocs...')
#2 C:\xampp\htdocs\sistem-admin-test\vendor\codeigniter4\framework\system\View\View.php(217): CodeIgniter\View\View->CodeIgniter\View\{closure}()
#3 C:\xampp\htdocs\sistem-admin-test\vendor\codeigniter4\framework\system\Common.php(1092): CodeIgniter\View\View->render('user/index', Array, true)
#4 C:\xampp\htdocs\sistem-admin-test\app\Controllers\User.php(28): view('user/index', Array)
#5 C:\xampp\htdocs\sistem-admin-test\vendor\codeigniter4\framework\system\CodeIgniter.php(802): App\Controllers\User->index()
#6 C:\xampp\htdocs\sistem-admin-test\vendor\codeigniter4\framework\system\CodeIgniter.php(399): CodeIgniter\CodeIgniter->runController(Object(App\Controllers\User))
#7 C:\xampp\htdocs\sistem-admin-test\vendor\codeigniter4\framework\system\CodeIgniter.php(317): CodeIgniter\CodeIgniter->handleRequest(NULL, Object(Config\Cache), false)
#8 C:\xampp\htdocs\sistem-admin-test\public\index.php(37): CodeIgniter\CodeIgniter->run()
#9 C:\xampp\htdocs\sistem-admin-test\vendor\codeigniter4\framework\system\Commands\Server\rewrite.php(43): require_once('C:\\xampp\\htdocs...')
#10 {main}
