CRITICAL - 2021-10-24 02:34:05 --> unlink(img/): Is a directory
#0 [internal function]: CodeIgniter\Debug\Exceptions->errorHandler(2, 'unlink(img/): I...', 'C:\\xampp\\htdocs...', 129)
#1 C:\xampp\htdocs\sistem-admin-test\app\Controllers\Admin.php(129): unlink('img/')
#2 C:\xampp\htdocs\sistem-admin-test\vendor\codeigniter4\framework\system\CodeIgniter.php(802): App\Controllers\Admin->delete('8')
#3 C:\xampp\htdocs\sistem-admin-test\vendor\codeigniter4\framework\system\CodeIgniter.php(399): CodeIgniter\CodeIgniter->runController(Object(App\Controllers\Admin))
#4 C:\xampp\htdocs\sistem-admin-test\vendor\codeigniter4\framework\system\CodeIgniter.php(317): CodeIgniter\CodeIgniter->handleRequest(NULL, Object(Config\Cache), false)
#5 C:\xampp\htdocs\sistem-admin-test\public\index.php(37): CodeIgniter\CodeIgniter->run()
#6 C:\xampp\htdocs\sistem-admin-test\vendor\codeigniter4\framework\system\Commands\Server\rewrite.php(43): require_once('C:\\xampp\\htdocs...')
#7 {main}
CRITICAL - 2021-10-24 03:02:06 --> Call to undefined method App\Models\AdminModel::getVar
#0 C:\xampp\htdocs\sistem-admin-test\app\Controllers\Admin.php(129): CodeIgniter\Model->__call('getVar', Array)
#1 C:\xampp\htdocs\sistem-admin-test\vendor\codeigniter4\framework\system\CodeIgniter.php(802): App\Controllers\Admin->edit('4')
#2 C:\xampp\htdocs\sistem-admin-test\vendor\codeigniter4\framework\system\CodeIgniter.php(399): CodeIgniter\CodeIgniter->runController(Object(App\Controllers\Admin))
#3 C:\xampp\htdocs\sistem-admin-test\vendor\codeigniter4\framework\system\CodeIgniter.php(317): CodeIgniter\CodeIgniter->handleRequest(NULL, Object(Config\Cache), false)
#4 C:\xampp\htdocs\sistem-admin-test\public\index.php(37): CodeIgniter\CodeIgniter->run()
#5 C:\xampp\htdocs\sistem-admin-test\vendor\codeigniter4\framework\system\Commands\Server\rewrite.php(43): require_once('C:\\xampp\\htdocs...')
#6 {main}
CRITICAL - 2021-10-24 03:02:52 --> Call to undefined method App\Models\AdminModel::getVar
#0 C:\xampp\htdocs\sistem-admin-test\app\Controllers\Admin.php(129): CodeIgniter\Model->__call('getVar', Array)
#1 C:\xampp\htdocs\sistem-admin-test\vendor\codeigniter4\framework\system\CodeIgniter.php(802): App\Controllers\Admin->edit('4')
#2 C:\xampp\htdocs\sistem-admin-test\vendor\codeigniter4\framework\system\CodeIgniter.php(399): CodeIgniter\CodeIgniter->runController(Object(App\Controllers\Admin))
#3 C:\xampp\htdocs\sistem-admin-test\vendor\codeigniter4\framework\system\CodeIgniter.php(317): CodeIgniter\CodeIgniter->handleRequest(NULL, Object(Config\Cache), false)
#4 C:\xampp\htdocs\sistem-admin-test\public\index.php(37): CodeIgniter\CodeIgniter->run()
#5 C:\xampp\htdocs\sistem-admin-test\vendor\codeigniter4\framework\system\Commands\Server\rewrite.php(43): require_once('C:\\xampp\\htdocs...')
#6 {main}
CRITICAL - 2021-10-24 03:04:25 --> Call to undefined method App\Models\AdminModel::getVar
#0 C:\xampp\htdocs\sistem-admin-test\app\Controllers\Admin.php(129): CodeIgniter\Model->__call('getVar', Array)
#1 C:\xampp\htdocs\sistem-admin-test\vendor\codeigniter4\framework\system\CodeIgniter.php(802): App\Controllers\Admin->edit('4')
#2 C:\xampp\htdocs\sistem-admin-test\vendor\codeigniter4\framework\system\CodeIgniter.php(399): CodeIgniter\CodeIgniter->runController(Object(App\Controllers\Admin))
#3 C:\xampp\htdocs\sistem-admin-test\vendor\codeigniter4\framework\system\CodeIgniter.php(317): CodeIgniter\CodeIgniter->handleRequest(NULL, Object(Config\Cache), false)
#4 C:\xampp\htdocs\sistem-admin-test\public\index.php(37): CodeIgniter\CodeIgniter->run()
#5 C:\xampp\htdocs\sistem-admin-test\vendor\codeigniter4\framework\system\Commands\Server\rewrite.php(43): require_once('C:\\xampp\\htdocs...')
#6 {main}
CRITICAL - 2021-10-24 03:06:24 --> Call to undefined method App\Models\AdminModel::getPegawai
#0 C:\xampp\htdocs\sistem-admin-test\app\Controllers\Admin.php(129): CodeIgniter\Model->__call('getPegawai', Array)
#1 C:\xampp\htdocs\sistem-admin-test\vendor\codeigniter4\framework\system\CodeIgniter.php(802): App\Controllers\Admin->edit('4')
#2 C:\xampp\htdocs\sistem-admin-test\vendor\codeigniter4\framework\system\CodeIgniter.php(399): CodeIgniter\CodeIgniter->runController(Object(App\Controllers\Admin))
#3 C:\xampp\htdocs\sistem-admin-test\vendor\codeigniter4\framework\system\CodeIgniter.php(317): CodeIgniter\CodeIgniter->handleRequest(NULL, Object(Config\Cache), false)
#4 C:\xampp\htdocs\sistem-admin-test\public\index.php(37): CodeIgniter\CodeIgniter->run()
#5 C:\xampp\htdocs\sistem-admin-test\vendor\codeigniter4\framework\system\Commands\Server\rewrite.php(43): require_once('C:\\xampp\\htdocs...')
#6 {main}
CRITICAL - 2021-10-24 03:15:39 --> Attempt to read property "id" on array
#0 C:\xampp\htdocs\sistem-admin-test\app\Views\admin\edit.php(7): CodeIgniter\Debug\Exceptions->errorHandler(2, 'Attempt to read...', 'C:\\xampp\\htdocs...', 7)
#1 C:\xampp\htdocs\sistem-admin-test\vendor\codeigniter4\framework\system\View\View.php(214): include('C:\\xampp\\htdocs...')
#2 C:\xampp\htdocs\sistem-admin-test\vendor\codeigniter4\framework\system\View\View.php(217): CodeIgniter\View\View->CodeIgniter\View\{closure}()
#3 C:\xampp\htdocs\sistem-admin-test\vendor\codeigniter4\framework\system\Common.php(1092): CodeIgniter\View\View->render('admin/edit', Array, true)
#4 C:\xampp\htdocs\sistem-admin-test\app\Controllers\Admin.php(131): view('admin/edit', Array)
#5 C:\xampp\htdocs\sistem-admin-test\vendor\codeigniter4\framework\system\CodeIgniter.php(802): App\Controllers\Admin->edit('4')
#6 C:\xampp\htdocs\sistem-admin-test\vendor\codeigniter4\framework\system\CodeIgniter.php(399): CodeIgniter\CodeIgniter->runController(Object(App\Controllers\Admin))
#7 C:\xampp\htdocs\sistem-admin-test\vendor\codeigniter4\framework\system\CodeIgniter.php(317): CodeIgniter\CodeIgniter->handleRequest(NULL, Object(Config\Cache), false)
#8 C:\xampp\htdocs\sistem-admin-test\public\index.php(37): CodeIgniter\CodeIgniter->run()
#9 C:\xampp\htdocs\sistem-admin-test\vendor\codeigniter4\framework\system\Commands\Server\rewrite.php(43): require_once('C:\\xampp\\htdocs...')
#10 {main}
CRITICAL - 2021-10-24 03:16:52 --> Attempt to read property "NIK" on array
#0 C:\xampp\htdocs\sistem-admin-test\app\Views\admin\edit.php(12): CodeIgniter\Debug\Exceptions->errorHandler(2, 'Attempt to read...', 'C:\\xampp\\htdocs...', 12)
#1 C:\xampp\htdocs\sistem-admin-test\vendor\codeigniter4\framework\system\View\View.php(214): include('C:\\xampp\\htdocs...')
#2 C:\xampp\htdocs\sistem-admin-test\vendor\codeigniter4\framework\system\View\View.php(217): CodeIgniter\View\View->CodeIgniter\View\{closure}()
#3 C:\xampp\htdocs\sistem-admin-test\vendor\codeigniter4\framework\system\Common.php(1092): CodeIgniter\View\View->render('admin/edit', Array, true)
#4 C:\xampp\htdocs\sistem-admin-test\app\Controllers\Admin.php(131): view('admin/edit', Array)
#5 C:\xampp\htdocs\sistem-admin-test\vendor\codeigniter4\framework\system\CodeIgniter.php(802): App\Controllers\Admin->edit('4')
#6 C:\xampp\htdocs\sistem-admin-test\vendor\codeigniter4\framework\system\CodeIgniter.php(399): CodeIgniter\CodeIgniter->runController(Object(App\Controllers\Admin))
#7 C:\xampp\htdocs\sistem-admin-test\vendor\codeigniter4\framework\system\CodeIgniter.php(317): CodeIgniter\CodeIgniter->handleRequest(NULL, Object(Config\Cache), false)
#8 C:\xampp\htdocs\sistem-admin-test\public\index.php(37): CodeIgniter\CodeIgniter->run()
#9 C:\xampp\htdocs\sistem-admin-test\vendor\codeigniter4\framework\system\Commands\Server\rewrite.php(43): require_once('C:\\xampp\\htdocs...')
#10 {main}
CRITICAL - 2021-10-24 03:20:42 --> Undefined array key "tanggal"
#0 C:\xampp\htdocs\sistem-admin-test\app\Views\admin\edit.php(30): CodeIgniter\Debug\Exceptions->errorHandler(2, 'Undefined array...', 'C:\\xampp\\htdocs...', 30)
#1 C:\xampp\htdocs\sistem-admin-test\vendor\codeigniter4\framework\system\View\View.php(214): include('C:\\xampp\\htdocs...')
#2 C:\xampp\htdocs\sistem-admin-test\vendor\codeigniter4\framework\system\View\View.php(217): CodeIgniter\View\View->CodeIgniter\View\{closure}()
#3 C:\xampp\htdocs\sistem-admin-test\vendor\codeigniter4\framework\system\Common.php(1092): CodeIgniter\View\View->render('admin/edit', Array, true)
#4 C:\xampp\htdocs\sistem-admin-test\app\Controllers\Admin.php(131): view('admin/edit', Array)
#5 C:\xampp\htdocs\sistem-admin-test\vendor\codeigniter4\framework\system\CodeIgniter.php(802): App\Controllers\Admin->edit('4')
#6 C:\xampp\htdocs\sistem-admin-test\vendor\codeigniter4\framework\system\CodeIgniter.php(399): CodeIgniter\CodeIgniter->runController(Object(App\Controllers\Admin))
#7 C:\xampp\htdocs\sistem-admin-test\vendor\codeigniter4\framework\system\CodeIgniter.php(317): CodeIgniter\CodeIgniter->handleRequest(NULL, Object(Config\Cache), false)
#8 C:\xampp\htdocs\sistem-admin-test\public\index.php(37): CodeIgniter\CodeIgniter->run()
#9 C:\xampp\htdocs\sistem-admin-test\vendor\codeigniter4\framework\system\Commands\Server\rewrite.php(43): require_once('C:\\xampp\\htdocs...')
#10 {main}
CRITICAL - 2021-10-24 03:27:35 --> Too few arguments to function App\Controllers\Admin::edit(), 0 passed in C:\xampp\htdocs\sistem-admin-test\vendor\codeigniter4\framework\system\CodeIgniter.php on line 802 and exactly 1 expected
#0 C:\xampp\htdocs\sistem-admin-test\vendor\codeigniter4\framework\system\CodeIgniter.php(802): App\Controllers\Admin->edit()
#1 C:\xampp\htdocs\sistem-admin-test\vendor\codeigniter4\framework\system\CodeIgniter.php(399): CodeIgniter\CodeIgniter->runController(Object(App\Controllers\Admin))
#2 C:\xampp\htdocs\sistem-admin-test\vendor\codeigniter4\framework\system\CodeIgniter.php(317): CodeIgniter\CodeIgniter->handleRequest(NULL, Object(Config\Cache), false)
#3 C:\xampp\htdocs\sistem-admin-test\public\index.php(37): CodeIgniter\CodeIgniter->run()
#4 C:\xampp\htdocs\sistem-admin-test\vendor\codeigniter4\framework\system\Commands\Server\rewrite.php(43): require_once('C:\\xampp\\htdocs...')
#5 {main}
CRITICAL - 2021-10-24 03:29:23 --> Too few arguments to function App\Controllers\Admin::edit(), 0 passed in C:\xampp\htdocs\sistem-admin-test\vendor\codeigniter4\framework\system\CodeIgniter.php on line 802 and exactly 1 expected
#0 C:\xampp\htdocs\sistem-admin-test\vendor\codeigniter4\framework\system\CodeIgniter.php(802): App\Controllers\Admin->edit()
#1 C:\xampp\htdocs\sistem-admin-test\vendor\codeigniter4\framework\system\CodeIgniter.php(399): CodeIgniter\CodeIgniter->runController(Object(App\Controllers\Admin))
#2 C:\xampp\htdocs\sistem-admin-test\vendor\codeigniter4\framework\system\CodeIgniter.php(317): CodeIgniter\CodeIgniter->handleRequest(NULL, Object(Config\Cache), false)
#3 C:\xampp\htdocs\sistem-admin-test\public\index.php(37): CodeIgniter\CodeIgniter->run()
#4 C:\xampp\htdocs\sistem-admin-test\vendor\codeigniter4\framework\system\Commands\Server\rewrite.php(43): require_once('C:\\xampp\\htdocs...')
#5 {main}
CRITICAL - 2021-10-24 03:30:32 --> Too few arguments to function App\Controllers\Admin::edit(), 0 passed in C:\xampp\htdocs\sistem-admin-test\vendor\codeigniter4\framework\system\CodeIgniter.php on line 802 and exactly 1 expected
#0 C:\xampp\htdocs\sistem-admin-test\vendor\codeigniter4\framework\system\CodeIgniter.php(802): App\Controllers\Admin->edit()
#1 C:\xampp\htdocs\sistem-admin-test\vendor\codeigniter4\framework\system\CodeIgniter.php(399): CodeIgniter\CodeIgniter->runController(Object(App\Controllers\Admin))
#2 C:\xampp\htdocs\sistem-admin-test\vendor\codeigniter4\framework\system\CodeIgniter.php(317): CodeIgniter\CodeIgniter->handleRequest(NULL, Object(Config\Cache), false)
#3 C:\xampp\htdocs\sistem-admin-test\public\index.php(37): CodeIgniter\CodeIgniter->run()
#4 C:\xampp\htdocs\sistem-admin-test\vendor\codeigniter4\framework\system\Commands\Server\rewrite.php(43): require_once('C:\\xampp\\htdocs...')
#5 {main}
CRITICAL - 2021-10-24 03:30:52 --> Undefined property: stdClass::$id
#0 C:\xampp\htdocs\sistem-admin-test\app\Views\admin\detail.php(34): CodeIgniter\Debug\Exceptions->errorHandler(2, 'Undefined prope...', 'C:\\xampp\\htdocs...', 34)
#1 C:\xampp\htdocs\sistem-admin-test\vendor\codeigniter4\framework\system\View\View.php(214): include('C:\\xampp\\htdocs...')
#2 C:\xampp\htdocs\sistem-admin-test\vendor\codeigniter4\framework\system\View\View.php(217): CodeIgniter\View\View->CodeIgniter\View\{closure}()
#3 C:\xampp\htdocs\sistem-admin-test\vendor\codeigniter4\framework\system\Common.php(1092): CodeIgniter\View\View->render('admin/detail', Array, true)
#4 C:\xampp\htdocs\sistem-admin-test\app\Controllers\Admin.php(186): view('admin/detail', Array)
#5 C:\xampp\htdocs\sistem-admin-test\vendor\codeigniter4\framework\system\CodeIgniter.php(802): App\Controllers\Admin->detail('4')
#6 C:\xampp\htdocs\sistem-admin-test\vendor\codeigniter4\framework\system\CodeIgniter.php(399): CodeIgniter\CodeIgniter->runController(Object(App\Controllers\Admin))
#7 C:\xampp\htdocs\sistem-admin-test\vendor\codeigniter4\framework\system\CodeIgniter.php(317): CodeIgniter\CodeIgniter->handleRequest(NULL, Object(Config\Cache), false)
#8 C:\xampp\htdocs\sistem-admin-test\public\index.php(37): CodeIgniter\CodeIgniter->run()
#9 C:\xampp\htdocs\sistem-admin-test\vendor\codeigniter4\framework\system\Commands\Server\rewrite.php(43): require_once('C:\\xampp\\htdocs...')
#10 {main}
CRITICAL - 2021-10-24 03:31:33 --> Cannot use object of type stdClass as array
#0 C:\xampp\htdocs\sistem-admin-test\vendor\codeigniter4\framework\system\View\View.php(214): include()
#1 C:\xampp\htdocs\sistem-admin-test\vendor\codeigniter4\framework\system\View\View.php(217): CodeIgniter\View\View->CodeIgniter\View\{closure}()
#2 C:\xampp\htdocs\sistem-admin-test\vendor\codeigniter4\framework\system\Common.php(1092): CodeIgniter\View\View->render('admin/detail', Array, true)
#3 C:\xampp\htdocs\sistem-admin-test\app\Controllers\Admin.php(186): view('admin/detail', Array)
#4 C:\xampp\htdocs\sistem-admin-test\vendor\codeigniter4\framework\system\CodeIgniter.php(802): App\Controllers\Admin->detail('4')
#5 C:\xampp\htdocs\sistem-admin-test\vendor\codeigniter4\framework\system\CodeIgniter.php(399): CodeIgniter\CodeIgniter->runController(Object(App\Controllers\Admin))
#6 C:\xampp\htdocs\sistem-admin-test\vendor\codeigniter4\framework\system\CodeIgniter.php(317): CodeIgniter\CodeIgniter->handleRequest(NULL, Object(Config\Cache), false)
#7 C:\xampp\htdocs\sistem-admin-test\public\index.php(37): CodeIgniter\CodeIgniter->run()
#8 C:\xampp\htdocs\sistem-admin-test\vendor\codeigniter4\framework\system\Commands\Server\rewrite.php(43): require_once('C:\\xampp\\htdocs...')
#9 {main}
CRITICAL - 2021-10-24 03:31:59 --> Undefined variable $pegawai
#0 C:\xampp\htdocs\sistem-admin-test\app\Views\admin\detail.php(34): CodeIgniter\Debug\Exceptions->errorHandler(2, 'Undefined varia...', 'C:\\xampp\\htdocs...', 34)
#1 C:\xampp\htdocs\sistem-admin-test\vendor\codeigniter4\framework\system\View\View.php(214): include('C:\\xampp\\htdocs...')
#2 C:\xampp\htdocs\sistem-admin-test\vendor\codeigniter4\framework\system\View\View.php(217): CodeIgniter\View\View->CodeIgniter\View\{closure}()
#3 C:\xampp\htdocs\sistem-admin-test\vendor\codeigniter4\framework\system\Common.php(1092): CodeIgniter\View\View->render('admin/detail', Array, true)
#4 C:\xampp\htdocs\sistem-admin-test\app\Controllers\Admin.php(186): view('admin/detail', Array)
#5 C:\xampp\htdocs\sistem-admin-test\vendor\codeigniter4\framework\system\CodeIgniter.php(802): App\Controllers\Admin->detail('4')
#6 C:\xampp\htdocs\sistem-admin-test\vendor\codeigniter4\framework\system\CodeIgniter.php(399): CodeIgniter\CodeIgniter->runController(Object(App\Controllers\Admin))
#7 C:\xampp\htdocs\sistem-admin-test\vendor\codeigniter4\framework\system\CodeIgniter.php(317): CodeIgniter\CodeIgniter->handleRequest(NULL, Object(Config\Cache), false)
#8 C:\xampp\htdocs\sistem-admin-test\public\index.php(37): CodeIgniter\CodeIgniter->run()
#9 C:\xampp\htdocs\sistem-admin-test\vendor\codeigniter4\framework\system\Commands\Server\rewrite.php(43): require_once('C:\\xampp\\htdocs...')
#10 {main}
CRITICAL - 2021-10-24 03:32:19 --> Undefined variable $pegawaiid
#0 C:\xampp\htdocs\sistem-admin-test\app\Views\admin\detail.php(34): CodeIgniter\Debug\Exceptions->errorHandler(2, 'Undefined varia...', 'C:\\xampp\\htdocs...', 34)
#1 C:\xampp\htdocs\sistem-admin-test\vendor\codeigniter4\framework\system\View\View.php(214): include('C:\\xampp\\htdocs...')
#2 C:\xampp\htdocs\sistem-admin-test\vendor\codeigniter4\framework\system\View\View.php(217): CodeIgniter\View\View->CodeIgniter\View\{closure}()
#3 C:\xampp\htdocs\sistem-admin-test\vendor\codeigniter4\framework\system\Common.php(1092): CodeIgniter\View\View->render('admin/detail', Array, true)
#4 C:\xampp\htdocs\sistem-admin-test\app\Controllers\Admin.php(186): view('admin/detail', Array)
#5 C:\xampp\htdocs\sistem-admin-test\vendor\codeigniter4\framework\system\CodeIgniter.php(802): App\Controllers\Admin->detail('4')
#6 C:\xampp\htdocs\sistem-admin-test\vendor\codeigniter4\framework\system\CodeIgniter.php(399): CodeIgniter\CodeIgniter->runController(Object(App\Controllers\Admin))
#7 C:\xampp\htdocs\sistem-admin-test\vendor\codeigniter4\framework\system\CodeIgniter.php(317): CodeIgniter\CodeIgniter->handleRequest(NULL, Object(Config\Cache), false)
#8 C:\xampp\htdocs\sistem-admin-test\public\index.php(37): CodeIgniter\CodeIgniter->run()
#9 C:\xampp\htdocs\sistem-admin-test\vendor\codeigniter4\framework\system\Commands\Server\rewrite.php(43): require_once('C:\\xampp\\htdocs...')
#10 {main}
CRITICAL - 2021-10-24 03:32:29 --> Cannot use object of type stdClass as array
#0 C:\xampp\htdocs\sistem-admin-test\vendor\codeigniter4\framework\system\View\View.php(214): include()
#1 C:\xampp\htdocs\sistem-admin-test\vendor\codeigniter4\framework\system\View\View.php(217): CodeIgniter\View\View->CodeIgniter\View\{closure}()
#2 C:\xampp\htdocs\sistem-admin-test\vendor\codeigniter4\framework\system\Common.php(1092): CodeIgniter\View\View->render('admin/detail', Array, true)
#3 C:\xampp\htdocs\sistem-admin-test\app\Controllers\Admin.php(186): view('admin/detail', Array)
#4 C:\xampp\htdocs\sistem-admin-test\vendor\codeigniter4\framework\system\CodeIgniter.php(802): App\Controllers\Admin->detail('4')
#5 C:\xampp\htdocs\sistem-admin-test\vendor\codeigniter4\framework\system\CodeIgniter.php(399): CodeIgniter\CodeIgniter->runController(Object(App\Controllers\Admin))
#6 C:\xampp\htdocs\sistem-admin-test\vendor\codeigniter4\framework\system\CodeIgniter.php(317): CodeIgniter\CodeIgniter->handleRequest(NULL, Object(Config\Cache), false)
#7 C:\xampp\htdocs\sistem-admin-test\public\index.php(37): CodeIgniter\CodeIgniter->run()
#8 C:\xampp\htdocs\sistem-admin-test\vendor\codeigniter4\framework\system\Commands\Server\rewrite.php(43): require_once('C:\\xampp\\htdocs...')
#9 {main}
CRITICAL - 2021-10-24 03:34:24 --> Cannot use object of type stdClass as array
#0 C:\xampp\htdocs\sistem-admin-test\vendor\codeigniter4\framework\system\View\View.php(214): include()
#1 C:\xampp\htdocs\sistem-admin-test\vendor\codeigniter4\framework\system\View\View.php(217): CodeIgniter\View\View->CodeIgniter\View\{closure}()
#2 C:\xampp\htdocs\sistem-admin-test\vendor\codeigniter4\framework\system\Common.php(1092): CodeIgniter\View\View->render('admin/detail', Array, true)
#3 C:\xampp\htdocs\sistem-admin-test\app\Controllers\Admin.php(186): view('admin/detail', Array)
#4 C:\xampp\htdocs\sistem-admin-test\vendor\codeigniter4\framework\system\CodeIgniter.php(802): App\Controllers\Admin->detail('4')
#5 C:\xampp\htdocs\sistem-admin-test\vendor\codeigniter4\framework\system\CodeIgniter.php(399): CodeIgniter\CodeIgniter->runController(Object(App\Controllers\Admin))
#6 C:\xampp\htdocs\sistem-admin-test\vendor\codeigniter4\framework\system\CodeIgniter.php(317): CodeIgniter\CodeIgniter->handleRequest(NULL, Object(Config\Cache), false)
#7 C:\xampp\htdocs\sistem-admin-test\public\index.php(37): CodeIgniter\CodeIgniter->run()
#8 C:\xampp\htdocs\sistem-admin-test\vendor\codeigniter4\framework\system\Commands\Server\rewrite.php(43): require_once('C:\\xampp\\htdocs...')
#9 {main}
CRITICAL - 2021-10-24 03:34:39 --> Undefined property: stdClass::$id
#0 C:\xampp\htdocs\sistem-admin-test\app\Views\admin\detail.php(34): CodeIgniter\Debug\Exceptions->errorHandler(2, 'Undefined prope...', 'C:\\xampp\\htdocs...', 34)
#1 C:\xampp\htdocs\sistem-admin-test\vendor\codeigniter4\framework\system\View\View.php(214): include('C:\\xampp\\htdocs...')
#2 C:\xampp\htdocs\sistem-admin-test\vendor\codeigniter4\framework\system\View\View.php(217): CodeIgniter\View\View->CodeIgniter\View\{closure}()
#3 C:\xampp\htdocs\sistem-admin-test\vendor\codeigniter4\framework\system\Common.php(1092): CodeIgniter\View\View->render('admin/detail', Array, true)
#4 C:\xampp\htdocs\sistem-admin-test\app\Controllers\Admin.php(186): view('admin/detail', Array)
#5 C:\xampp\htdocs\sistem-admin-test\vendor\codeigniter4\framework\system\CodeIgniter.php(802): App\Controllers\Admin->detail('4')
#6 C:\xampp\htdocs\sistem-admin-test\vendor\codeigniter4\framework\system\CodeIgniter.php(399): CodeIgniter\CodeIgniter->runController(Object(App\Controllers\Admin))
#7 C:\xampp\htdocs\sistem-admin-test\vendor\codeigniter4\framework\system\CodeIgniter.php(317): CodeIgniter\CodeIgniter->handleRequest(NULL, Object(Config\Cache), false)
#8 C:\xampp\htdocs\sistem-admin-test\public\index.php(37): CodeIgniter\CodeIgniter->run()
#9 C:\xampp\htdocs\sistem-admin-test\vendor\codeigniter4\framework\system\Commands\Server\rewrite.php(43): require_once('C:\\xampp\\htdocs...')
#10 {main}
CRITICAL - 2021-10-24 03:35:26 --> Trying to access array offset on value of type null
#0 C:\xampp\htdocs\sistem-admin-test\app\Views\admin\edit.php(7): CodeIgniter\Debug\Exceptions->errorHandler(2, 'Trying to acces...', 'C:\\xampp\\htdocs...', 7)
#1 C:\xampp\htdocs\sistem-admin-test\vendor\codeigniter4\framework\system\View\View.php(214): include('C:\\xampp\\htdocs...')
#2 C:\xampp\htdocs\sistem-admin-test\vendor\codeigniter4\framework\system\View\View.php(217): CodeIgniter\View\View->CodeIgniter\View\{closure}()
#3 C:\xampp\htdocs\sistem-admin-test\vendor\codeigniter4\framework\system\Common.php(1092): CodeIgniter\View\View->render('admin/edit', Array, true)
#4 C:\xampp\htdocs\sistem-admin-test\app\Controllers\Admin.php(131): view('admin/edit', Array)
#5 C:\xampp\htdocs\sistem-admin-test\vendor\codeigniter4\framework\system\CodeIgniter.php(802): App\Controllers\Admin->edit('4')
#6 C:\xampp\htdocs\sistem-admin-test\vendor\codeigniter4\framework\system\CodeIgniter.php(399): CodeIgniter\CodeIgniter->runController(Object(App\Controllers\Admin))
#7 C:\xampp\htdocs\sistem-admin-test\vendor\codeigniter4\framework\system\CodeIgniter.php(317): CodeIgniter\CodeIgniter->handleRequest(NULL, Object(Config\Cache), false)
#8 C:\xampp\htdocs\sistem-admin-test\public\index.php(37): CodeIgniter\CodeIgniter->run()
#9 C:\xampp\htdocs\sistem-admin-test\vendor\codeigniter4\framework\system\Commands\Server\rewrite.php(43): require_once('C:\\xampp\\htdocs...')
#10 {main}
CRITICAL - 2021-10-24 03:36:08 --> Attempt to read property "id" on null
#0 C:\xampp\htdocs\sistem-admin-test\app\Views\admin\edit.php(7): CodeIgniter\Debug\Exceptions->errorHandler(2, 'Attempt to read...', 'C:\\xampp\\htdocs...', 7)
#1 C:\xampp\htdocs\sistem-admin-test\vendor\codeigniter4\framework\system\View\View.php(214): include('C:\\xampp\\htdocs...')
#2 C:\xampp\htdocs\sistem-admin-test\vendor\codeigniter4\framework\system\View\View.php(217): CodeIgniter\View\View->CodeIgniter\View\{closure}()
#3 C:\xampp\htdocs\sistem-admin-test\vendor\codeigniter4\framework\system\Common.php(1092): CodeIgniter\View\View->render('admin/edit', Array, true)
#4 C:\xampp\htdocs\sistem-admin-test\app\Controllers\Admin.php(131): view('admin/edit', Array)
#5 C:\xampp\htdocs\sistem-admin-test\vendor\codeigniter4\framework\system\CodeIgniter.php(802): App\Controllers\Admin->edit('4')
#6 C:\xampp\htdocs\sistem-admin-test\vendor\codeigniter4\framework\system\CodeIgniter.php(399): CodeIgniter\CodeIgniter->runController(Object(App\Controllers\Admin))
#7 C:\xampp\htdocs\sistem-admin-test\vendor\codeigniter4\framework\system\CodeIgniter.php(317): CodeIgniter\CodeIgniter->handleRequest(NULL, Object(Config\Cache), false)
#8 C:\xampp\htdocs\sistem-admin-test\public\index.php(37): CodeIgniter\CodeIgniter->run()
#9 C:\xampp\htdocs\sistem-admin-test\vendor\codeigniter4\framework\system\Commands\Server\rewrite.php(43): require_once('C:\\xampp\\htdocs...')
#10 {main}
CRITICAL - 2021-10-24 03:36:34 --> Attempt to read property "id" on null
#0 C:\xampp\htdocs\sistem-admin-test\app\Views\admin\edit.php(7): CodeIgniter\Debug\Exceptions->errorHandler(2, 'Attempt to read...', 'C:\\xampp\\htdocs...', 7)
#1 C:\xampp\htdocs\sistem-admin-test\vendor\codeigniter4\framework\system\View\View.php(214): include('C:\\xampp\\htdocs...')
#2 C:\xampp\htdocs\sistem-admin-test\vendor\codeigniter4\framework\system\View\View.php(217): CodeIgniter\View\View->CodeIgniter\View\{closure}()
#3 C:\xampp\htdocs\sistem-admin-test\vendor\codeigniter4\framework\system\Common.php(1092): CodeIgniter\View\View->render('admin/edit', Array, true)
#4 C:\xampp\htdocs\sistem-admin-test\app\Controllers\Admin.php(131): view('admin/edit', Array)
#5 C:\xampp\htdocs\sistem-admin-test\vendor\codeigniter4\framework\system\CodeIgniter.php(802): App\Controllers\Admin->edit('4')
#6 C:\xampp\htdocs\sistem-admin-test\vendor\codeigniter4\framework\system\CodeIgniter.php(399): CodeIgniter\CodeIgniter->runController(Object(App\Controllers\Admin))
#7 C:\xampp\htdocs\sistem-admin-test\vendor\codeigniter4\framework\system\CodeIgniter.php(317): CodeIgniter\CodeIgniter->handleRequest(NULL, Object(Config\Cache), false)
#8 C:\xampp\htdocs\sistem-admin-test\public\index.php(37): CodeIgniter\CodeIgniter->run()
#9 C:\xampp\htdocs\sistem-admin-test\vendor\codeigniter4\framework\system\Commands\Server\rewrite.php(43): require_once('C:\\xampp\\htdocs...')
#10 {main}
CRITICAL - 2021-10-24 03:37:57 --> Attempt to read property "pegawaiid" on null
#0 C:\xampp\htdocs\sistem-admin-test\app\Views\admin\edit.php(7): CodeIgniter\Debug\Exceptions->errorHandler(2, 'Attempt to read...', 'C:\\xampp\\htdocs...', 7)
#1 C:\xampp\htdocs\sistem-admin-test\vendor\codeigniter4\framework\system\View\View.php(214): include('C:\\xampp\\htdocs...')
#2 C:\xampp\htdocs\sistem-admin-test\vendor\codeigniter4\framework\system\View\View.php(217): CodeIgniter\View\View->CodeIgniter\View\{closure}()
#3 C:\xampp\htdocs\sistem-admin-test\vendor\codeigniter4\framework\system\Common.php(1092): CodeIgniter\View\View->render('admin/edit', Array, true)
#4 C:\xampp\htdocs\sistem-admin-test\app\Controllers\Admin.php(131): view('admin/edit', Array)
#5 C:\xampp\htdocs\sistem-admin-test\vendor\codeigniter4\framework\system\CodeIgniter.php(802): App\Controllers\Admin->edit('4')
#6 C:\xampp\htdocs\sistem-admin-test\vendor\codeigniter4\framework\system\CodeIgniter.php(399): CodeIgniter\CodeIgniter->runController(Object(App\Controllers\Admin))
#7 C:\xampp\htdocs\sistem-admin-test\vendor\codeigniter4\framework\system\CodeIgniter.php(317): CodeIgniter\CodeIgniter->handleRequest(NULL, Object(Config\Cache), false)
#8 C:\xampp\htdocs\sistem-admin-test\public\index.php(37): CodeIgniter\CodeIgniter->run()
#9 C:\xampp\htdocs\sistem-admin-test\vendor\codeigniter4\framework\system\Commands\Server\rewrite.php(43): require_once('C:\\xampp\\htdocs...')
#10 {main}
CRITICAL - 2021-10-24 03:39:16 --> Attempt to read property "id" on null
#0 C:\xampp\htdocs\sistem-admin-test\app\Views\admin\edit.php(7): CodeIgniter\Debug\Exceptions->errorHandler(2, 'Attempt to read...', 'C:\\xampp\\htdocs...', 7)
#1 C:\xampp\htdocs\sistem-admin-test\vendor\codeigniter4\framework\system\View\View.php(214): include('C:\\xampp\\htdocs...')
#2 C:\xampp\htdocs\sistem-admin-test\vendor\codeigniter4\framework\system\View\View.php(217): CodeIgniter\View\View->CodeIgniter\View\{closure}()
#3 C:\xampp\htdocs\sistem-admin-test\vendor\codeigniter4\framework\system\Common.php(1092): CodeIgniter\View\View->render('admin/edit', Array, true)
#4 C:\xampp\htdocs\sistem-admin-test\app\Controllers\Admin.php(131): view('admin/edit', Array)
#5 C:\xampp\htdocs\sistem-admin-test\vendor\codeigniter4\framework\system\CodeIgniter.php(802): App\Controllers\Admin->edit('4')
#6 C:\xampp\htdocs\sistem-admin-test\vendor\codeigniter4\framework\system\CodeIgniter.php(399): CodeIgniter\CodeIgniter->runController(Object(App\Controllers\Admin))
#7 C:\xampp\htdocs\sistem-admin-test\vendor\codeigniter4\framework\system\CodeIgniter.php(317): CodeIgniter\CodeIgniter->handleRequest(NULL, Object(Config\Cache), false)
#8 C:\xampp\htdocs\sistem-admin-test\public\index.php(37): CodeIgniter\CodeIgniter->run()
#9 C:\xampp\htdocs\sistem-admin-test\vendor\codeigniter4\framework\system\Commands\Server\rewrite.php(43): require_once('C:\\xampp\\htdocs...')
#10 {main}
CRITICAL - 2021-10-24 03:39:19 --> Attempt to read property "id" on null
#0 C:\xampp\htdocs\sistem-admin-test\app\Views\admin\edit.php(7): CodeIgniter\Debug\Exceptions->errorHandler(2, 'Attempt to read...', 'C:\\xampp\\htdocs...', 7)
#1 C:\xampp\htdocs\sistem-admin-test\vendor\codeigniter4\framework\system\View\View.php(214): include('C:\\xampp\\htdocs...')
#2 C:\xampp\htdocs\sistem-admin-test\vendor\codeigniter4\framework\system\View\View.php(217): CodeIgniter\View\View->CodeIgniter\View\{closure}()
#3 C:\xampp\htdocs\sistem-admin-test\vendor\codeigniter4\framework\system\Common.php(1092): CodeIgniter\View\View->render('admin/edit', Array, true)
#4 C:\xampp\htdocs\sistem-admin-test\app\Controllers\Admin.php(131): view('admin/edit', Array)
#5 C:\xampp\htdocs\sistem-admin-test\vendor\codeigniter4\framework\system\CodeIgniter.php(802): App\Controllers\Admin->edit('4')
#6 C:\xampp\htdocs\sistem-admin-test\vendor\codeigniter4\framework\system\CodeIgniter.php(399): CodeIgniter\CodeIgniter->runController(Object(App\Controllers\Admin))
#7 C:\xampp\htdocs\sistem-admin-test\vendor\codeigniter4\framework\system\CodeIgniter.php(317): CodeIgniter\CodeIgniter->handleRequest(NULL, Object(Config\Cache), false)
#8 C:\xampp\htdocs\sistem-admin-test\public\index.php(37): CodeIgniter\CodeIgniter->run()
#9 C:\xampp\htdocs\sistem-admin-test\vendor\codeigniter4\framework\system\Commands\Server\rewrite.php(43): require_once('C:\\xampp\\htdocs...')
#10 {main}
CRITICAL - 2021-10-24 03:39:20 --> Attempt to read property "id" on null
#0 C:\xampp\htdocs\sistem-admin-test\app\Views\admin\edit.php(7): CodeIgniter\Debug\Exceptions->errorHandler(2, 'Attempt to read...', 'C:\\xampp\\htdocs...', 7)
#1 C:\xampp\htdocs\sistem-admin-test\vendor\codeigniter4\framework\system\View\View.php(214): include('C:\\xampp\\htdocs...')
#2 C:\xampp\htdocs\sistem-admin-test\vendor\codeigniter4\framework\system\View\View.php(217): CodeIgniter\View\View->CodeIgniter\View\{closure}()
#3 C:\xampp\htdocs\sistem-admin-test\vendor\codeigniter4\framework\system\Common.php(1092): CodeIgniter\View\View->render('admin/edit', Array, true)
#4 C:\xampp\htdocs\sistem-admin-test\app\Controllers\Admin.php(131): view('admin/edit', Array)
#5 C:\xampp\htdocs\sistem-admin-test\vendor\codeigniter4\framework\system\CodeIgniter.php(802): App\Controllers\Admin->edit('4')
#6 C:\xampp\htdocs\sistem-admin-test\vendor\codeigniter4\framework\system\CodeIgniter.php(399): CodeIgniter\CodeIgniter->runController(Object(App\Controllers\Admin))
#7 C:\xampp\htdocs\sistem-admin-test\vendor\codeigniter4\framework\system\CodeIgniter.php(317): CodeIgniter\CodeIgniter->handleRequest(NULL, Object(Config\Cache), false)
#8 C:\xampp\htdocs\sistem-admin-test\public\index.php(37): CodeIgniter\CodeIgniter->run()
#9 C:\xampp\htdocs\sistem-admin-test\vendor\codeigniter4\framework\system\Commands\Server\rewrite.php(43): require_once('C:\\xampp\\htdocs...')
#10 {main}
CRITICAL - 2021-10-24 03:39:20 --> Attempt to read property "id" on null
#0 C:\xampp\htdocs\sistem-admin-test\app\Views\admin\edit.php(7): CodeIgniter\Debug\Exceptions->errorHandler(2, 'Attempt to read...', 'C:\\xampp\\htdocs...', 7)
#1 C:\xampp\htdocs\sistem-admin-test\vendor\codeigniter4\framework\system\View\View.php(214): include('C:\\xampp\\htdocs...')
#2 C:\xampp\htdocs\sistem-admin-test\vendor\codeigniter4\framework\system\View\View.php(217): CodeIgniter\View\View->CodeIgniter\View\{closure}()
#3 C:\xampp\htdocs\sistem-admin-test\vendor\codeigniter4\framework\system\Common.php(1092): CodeIgniter\View\View->render('admin/edit', Array, true)
#4 C:\xampp\htdocs\sistem-admin-test\app\Controllers\Admin.php(131): view('admin/edit', Array)
#5 C:\xampp\htdocs\sistem-admin-test\vendor\codeigniter4\framework\system\CodeIgniter.php(802): App\Controllers\Admin->edit('4')
#6 C:\xampp\htdocs\sistem-admin-test\vendor\codeigniter4\framework\system\CodeIgniter.php(399): CodeIgniter\CodeIgniter->runController(Object(App\Controllers\Admin))
#7 C:\xampp\htdocs\sistem-admin-test\vendor\codeigniter4\framework\system\CodeIgniter.php(317): CodeIgniter\CodeIgniter->handleRequest(NULL, Object(Config\Cache), false)
#8 C:\xampp\htdocs\sistem-admin-test\public\index.php(37): CodeIgniter\CodeIgniter->run()
#9 C:\xampp\htdocs\sistem-admin-test\vendor\codeigniter4\framework\system\Commands\Server\rewrite.php(43): require_once('C:\\xampp\\htdocs...')
#10 {main}
CRITICAL - 2021-10-24 03:39:29 --> Attempt to read property "id" on null
#0 C:\xampp\htdocs\sistem-admin-test\app\Views\admin\edit.php(7): CodeIgniter\Debug\Exceptions->errorHandler(2, 'Attempt to read...', 'C:\\xampp\\htdocs...', 7)
#1 C:\xampp\htdocs\sistem-admin-test\vendor\codeigniter4\framework\system\View\View.php(214): include('C:\\xampp\\htdocs...')
#2 C:\xampp\htdocs\sistem-admin-test\vendor\codeigniter4\framework\system\View\View.php(217): CodeIgniter\View\View->CodeIgniter\View\{closure}()
#3 C:\xampp\htdocs\sistem-admin-test\vendor\codeigniter4\framework\system\Common.php(1092): CodeIgniter\View\View->render('admin/edit', Array, true)
#4 C:\xampp\htdocs\sistem-admin-test\app\Controllers\Admin.php(131): view('admin/edit', Array)
#5 C:\xampp\htdocs\sistem-admin-test\vendor\codeigniter4\framework\system\CodeIgniter.php(802): App\Controllers\Admin->edit('4')
#6 C:\xampp\htdocs\sistem-admin-test\vendor\codeigniter4\framework\system\CodeIgniter.php(399): CodeIgniter\CodeIgniter->runController(Object(App\Controllers\Admin))
#7 C:\xampp\htdocs\sistem-admin-test\vendor\codeigniter4\framework\system\CodeIgniter.php(317): CodeIgniter\CodeIgniter->handleRequest(NULL, Object(Config\Cache), false)
#8 C:\xampp\htdocs\sistem-admin-test\public\index.php(37): CodeIgniter\CodeIgniter->run()
#9 C:\xampp\htdocs\sistem-admin-test\vendor\codeigniter4\framework\system\Commands\Server\rewrite.php(43): require_once('C:\\xampp\\htdocs...')
#10 {main}
CRITICAL - 2021-10-24 03:40:33 --> Attempt to read property "id" on null
#0 C:\xampp\htdocs\sistem-admin-test\app\Views\admin\edit.php(7): CodeIgniter\Debug\Exceptions->errorHandler(2, 'Attempt to read...', 'C:\\xampp\\htdocs...', 7)
#1 C:\xampp\htdocs\sistem-admin-test\vendor\codeigniter4\framework\system\View\View.php(214): include('C:\\xampp\\htdocs...')
#2 C:\xampp\htdocs\sistem-admin-test\vendor\codeigniter4\framework\system\View\View.php(217): CodeIgniter\View\View->CodeIgniter\View\{closure}()
#3 C:\xampp\htdocs\sistem-admin-test\vendor\codeigniter4\framework\system\Common.php(1092): CodeIgniter\View\View->render('admin/edit', Array, true)
#4 C:\xampp\htdocs\sistem-admin-test\app\Controllers\Admin.php(131): view('admin/edit', Array)
#5 C:\xampp\htdocs\sistem-admin-test\vendor\codeigniter4\framework\system\CodeIgniter.php(802): App\Controllers\Admin->edit('4')
#6 C:\xampp\htdocs\sistem-admin-test\vendor\codeigniter4\framework\system\CodeIgniter.php(399): CodeIgniter\CodeIgniter->runController(Object(App\Controllers\Admin))
#7 C:\xampp\htdocs\sistem-admin-test\vendor\codeigniter4\framework\system\CodeIgniter.php(317): CodeIgniter\CodeIgniter->handleRequest(NULL, Object(Config\Cache), false)
#8 C:\xampp\htdocs\sistem-admin-test\public\index.php(37): CodeIgniter\CodeIgniter->run()
#9 C:\xampp\htdocs\sistem-admin-test\vendor\codeigniter4\framework\system\Commands\Server\rewrite.php(43): require_once('C:\\xampp\\htdocs...')
#10 {main}
CRITICAL - 2021-10-24 03:41:58 --> Undefined variable $pegawai
#0 C:\xampp\htdocs\sistem-admin-test\app\Views\admin\edit.php(7): CodeIgniter\Debug\Exceptions->errorHandler(2, 'Undefined varia...', 'C:\\xampp\\htdocs...', 7)
#1 C:\xampp\htdocs\sistem-admin-test\vendor\codeigniter4\framework\system\View\View.php(214): include('C:\\xampp\\htdocs...')
#2 C:\xampp\htdocs\sistem-admin-test\vendor\codeigniter4\framework\system\View\View.php(217): CodeIgniter\View\View->CodeIgniter\View\{closure}()
#3 C:\xampp\htdocs\sistem-admin-test\vendor\codeigniter4\framework\system\Common.php(1092): CodeIgniter\View\View->render('admin/edit', Array, true)
#4 C:\xampp\htdocs\sistem-admin-test\app\Controllers\Admin.php(131): view('admin/edit', Array)
#5 C:\xampp\htdocs\sistem-admin-test\vendor\codeigniter4\framework\system\CodeIgniter.php(802): App\Controllers\Admin->edit('4')
#6 C:\xampp\htdocs\sistem-admin-test\vendor\codeigniter4\framework\system\CodeIgniter.php(399): CodeIgniter\CodeIgniter->runController(Object(App\Controllers\Admin))
#7 C:\xampp\htdocs\sistem-admin-test\vendor\codeigniter4\framework\system\CodeIgniter.php(317): CodeIgniter\CodeIgniter->handleRequest(NULL, Object(Config\Cache), false)
#8 C:\xampp\htdocs\sistem-admin-test\public\index.php(37): CodeIgniter\CodeIgniter->run()
#9 C:\xampp\htdocs\sistem-admin-test\vendor\codeigniter4\framework\system\Commands\Server\rewrite.php(43): require_once('C:\\xampp\\htdocs...')
#10 {main}
CRITICAL - 2021-10-24 03:43:24 --> Attempt to read property "NIK" on null
#0 C:\xampp\htdocs\sistem-admin-test\app\Views\admin\edit.php(12): CodeIgniter\Debug\Exceptions->errorHandler(2, 'Attempt to read...', 'C:\\xampp\\htdocs...', 12)
#1 C:\xampp\htdocs\sistem-admin-test\vendor\codeigniter4\framework\system\View\View.php(214): include('C:\\xampp\\htdocs...')
#2 C:\xampp\htdocs\sistem-admin-test\vendor\codeigniter4\framework\system\View\View.php(217): CodeIgniter\View\View->CodeIgniter\View\{closure}()
#3 C:\xampp\htdocs\sistem-admin-test\vendor\codeigniter4\framework\system\Common.php(1092): CodeIgniter\View\View->render('admin/edit', Array, true)
#4 C:\xampp\htdocs\sistem-admin-test\app\Controllers\Admin.php(131): view('admin/edit', Array)
#5 C:\xampp\htdocs\sistem-admin-test\vendor\codeigniter4\framework\system\CodeIgniter.php(802): App\Controllers\Admin->edit('4')
#6 C:\xampp\htdocs\sistem-admin-test\vendor\codeigniter4\framework\system\CodeIgniter.php(399): CodeIgniter\CodeIgniter->runController(Object(App\Controllers\Admin))
#7 C:\xampp\htdocs\sistem-admin-test\vendor\codeigniter4\framework\system\CodeIgniter.php(317): CodeIgniter\CodeIgniter->handleRequest(NULL, Object(Config\Cache), false)
#8 C:\xampp\htdocs\sistem-admin-test\public\index.php(37): CodeIgniter\CodeIgniter->run()
#9 C:\xampp\htdocs\sistem-admin-test\vendor\codeigniter4\framework\system\Commands\Server\rewrite.php(43): require_once('C:\\xampp\\htdocs...')
#10 {main}
CRITICAL - 2021-10-24 03:44:57 --> Call to undefined method App\Models\AdminModel::getVar
#0 C:\xampp\htdocs\sistem-admin-test\app\Controllers\Admin.php(129): CodeIgniter\Model->__call('getVar', Array)
#1 C:\xampp\htdocs\sistem-admin-test\vendor\codeigniter4\framework\system\CodeIgniter.php(802): App\Controllers\Admin->edit('4')
#2 C:\xampp\htdocs\sistem-admin-test\vendor\codeigniter4\framework\system\CodeIgniter.php(399): CodeIgniter\CodeIgniter->runController(Object(App\Controllers\Admin))
#3 C:\xampp\htdocs\sistem-admin-test\vendor\codeigniter4\framework\system\CodeIgniter.php(317): CodeIgniter\CodeIgniter->handleRequest(NULL, Object(Config\Cache), false)
#4 C:\xampp\htdocs\sistem-admin-test\public\index.php(37): CodeIgniter\CodeIgniter->run()
#5 C:\xampp\htdocs\sistem-admin-test\vendor\codeigniter4\framework\system\Commands\Server\rewrite.php(43): require_once('C:\\xampp\\htdocs...')
#6 {main}
CRITICAL - 2021-10-24 03:46:54 --> Attempt to read property "id" on null
#0 C:\xampp\htdocs\sistem-admin-test\app\Views\admin\edit.php(7): CodeIgniter\Debug\Exceptions->errorHandler(2, 'Attempt to read...', 'C:\\xampp\\htdocs...', 7)
#1 C:\xampp\htdocs\sistem-admin-test\vendor\codeigniter4\framework\system\View\View.php(214): include('C:\\xampp\\htdocs...')
#2 C:\xampp\htdocs\sistem-admin-test\vendor\codeigniter4\framework\system\View\View.php(217): CodeIgniter\View\View->CodeIgniter\View\{closure}()
#3 C:\xampp\htdocs\sistem-admin-test\vendor\codeigniter4\framework\system\Common.php(1092): CodeIgniter\View\View->render('admin/edit', Array, true)
#4 C:\xampp\htdocs\sistem-admin-test\app\Controllers\Admin.php(131): view('admin/edit', Array)
#5 C:\xampp\htdocs\sistem-admin-test\vendor\codeigniter4\framework\system\CodeIgniter.php(802): App\Controllers\Admin->edit('4')
#6 C:\xampp\htdocs\sistem-admin-test\vendor\codeigniter4\framework\system\CodeIgniter.php(399): CodeIgniter\CodeIgniter->runController(Object(App\Controllers\Admin))
#7 C:\xampp\htdocs\sistem-admin-test\vendor\codeigniter4\framework\system\CodeIgniter.php(317): CodeIgniter\CodeIgniter->handleRequest(NULL, Object(Config\Cache), false)
#8 C:\xampp\htdocs\sistem-admin-test\public\index.php(37): CodeIgniter\CodeIgniter->run()
#9 C:\xampp\htdocs\sistem-admin-test\vendor\codeigniter4\framework\system\Commands\Server\rewrite.php(43): require_once('C:\\xampp\\htdocs...')
#10 {main}
CRITICAL - 2021-10-24 03:50:10 --> Attempt to read property "id" on array
#0 C:\xampp\htdocs\sistem-admin-test\app\Views\admin\edit.php(7): CodeIgniter\Debug\Exceptions->errorHandler(2, 'Attempt to read...', 'C:\\xampp\\htdocs...', 7)
#1 C:\xampp\htdocs\sistem-admin-test\vendor\codeigniter4\framework\system\View\View.php(214): include('C:\\xampp\\htdocs...')
#2 C:\xampp\htdocs\sistem-admin-test\vendor\codeigniter4\framework\system\View\View.php(217): CodeIgniter\View\View->CodeIgniter\View\{closure}()
#3 C:\xampp\htdocs\sistem-admin-test\vendor\codeigniter4\framework\system\Common.php(1092): CodeIgniter\View\View->render('admin/edit', Array, true)
#4 C:\xampp\htdocs\sistem-admin-test\app\Controllers\Admin.php(131): view('admin/edit', Array)
#5 C:\xampp\htdocs\sistem-admin-test\vendor\codeigniter4\framework\system\CodeIgniter.php(802): App\Controllers\Admin->edit('4')
#6 C:\xampp\htdocs\sistem-admin-test\vendor\codeigniter4\framework\system\CodeIgniter.php(399): CodeIgniter\CodeIgniter->runController(Object(App\Controllers\Admin))
#7 C:\xampp\htdocs\sistem-admin-test\vendor\codeigniter4\framework\system\CodeIgniter.php(317): CodeIgniter\CodeIgniter->handleRequest(NULL, Object(Config\Cache), false)
#8 C:\xampp\htdocs\sistem-admin-test\public\index.php(37): CodeIgniter\CodeIgniter->run()
#9 C:\xampp\htdocs\sistem-admin-test\vendor\codeigniter4\framework\system\Commands\Server\rewrite.php(43): require_once('C:\\xampp\\htdocs...')
#10 {main}
ERROR - 2021-10-24 06:36:42 --> Unknown column 'jabatan' in 'field list'
CRITICAL - 2021-10-24 06:36:42 --> Unknown column 'jabatan' in 'field list'
#0 C:\xampp\htdocs\sistem-admin-test\vendor\codeigniter4\framework\system\Database\MySQLi\Connection.php(280): mysqli->query('SELECT `data_pe...')
#1 C:\xampp\htdocs\sistem-admin-test\vendor\codeigniter4\framework\system\Database\BaseConnection.php(663): CodeIgniter\Database\MySQLi\Connection->execute('SELECT `data_pe...')
#2 C:\xampp\htdocs\sistem-admin-test\vendor\codeigniter4\framework\system\Database\BaseConnection.php(591): CodeIgniter\Database\BaseConnection->simpleQuery('SELECT `data_pe...')
#3 C:\xampp\htdocs\sistem-admin-test\vendor\codeigniter4\framework\system\Database\BaseBuilder.php(1428): CodeIgniter\Database\BaseConnection->query('SELECT `data_pe...', Array, false)
#4 C:\xampp\htdocs\sistem-admin-test\vendor\codeigniter4\framework\system\Model.php(720): CodeIgniter\Database\BaseBuilder->get()
#5 C:\xampp\htdocs\sistem-admin-test\app\Controllers\Admin.php(165): CodeIgniter\Model->__call('get', Array)
#6 C:\xampp\htdocs\sistem-admin-test\vendor\codeigniter4\framework\system\CodeIgniter.php(802): App\Controllers\Admin->userList()
#7 C:\xampp\htdocs\sistem-admin-test\vendor\codeigniter4\framework\system\CodeIgniter.php(399): CodeIgniter\CodeIgniter->runController(Object(App\Controllers\Admin))
#8 C:\xampp\htdocs\sistem-admin-test\vendor\codeigniter4\framework\system\CodeIgniter.php(317): CodeIgniter\CodeIgniter->handleRequest(NULL, Object(Config\Cache), false)
#9 C:\xampp\htdocs\sistem-admin-test\public\index.php(37): CodeIgniter\CodeIgniter->run()
#10 C:\xampp\htdocs\sistem-admin-test\vendor\codeigniter4\framework\system\Commands\Server\rewrite.php(43): require_once('C:\\xampp\\htdocs...')
#11 {main}
ERROR - 2021-10-24 06:37:22 --> Unknown column 'jabatan' in 'field list'
CRITICAL - 2021-10-24 06:37:22 --> Unknown column 'jabatan' in 'field list'
#0 C:\xampp\htdocs\sistem-admin-test\vendor\codeigniter4\framework\system\Database\MySQLi\Connection.php(280): mysqli->query('SELECT `data_pe...')
#1 C:\xampp\htdocs\sistem-admin-test\vendor\codeigniter4\framework\system\Database\BaseConnection.php(663): CodeIgniter\Database\MySQLi\Connection->execute('SELECT `data_pe...')
#2 C:\xampp\htdocs\sistem-admin-test\vendor\codeigniter4\framework\system\Database\BaseConnection.php(591): CodeIgniter\Database\BaseConnection->simpleQuery('SELECT `data_pe...')
#3 C:\xampp\htdocs\sistem-admin-test\vendor\codeigniter4\framework\system\Database\BaseBuilder.php(1428): CodeIgniter\Database\BaseConnection->query('SELECT `data_pe...', Array, false)
#4 C:\xampp\htdocs\sistem-admin-test\vendor\codeigniter4\framework\system\Model.php(720): CodeIgniter\Database\BaseBuilder->get()
#5 C:\xampp\htdocs\sistem-admin-test\app\Controllers\Admin.php(165): CodeIgniter\Model->__call('get', Array)
#6 C:\xampp\htdocs\sistem-admin-test\vendor\codeigniter4\framework\system\CodeIgniter.php(802): App\Controllers\Admin->userList()
#7 C:\xampp\htdocs\sistem-admin-test\vendor\codeigniter4\framework\system\CodeIgniter.php(399): CodeIgniter\CodeIgniter->runController(Object(App\Controllers\Admin))
#8 C:\xampp\htdocs\sistem-admin-test\vendor\codeigniter4\framework\system\CodeIgniter.php(317): CodeIgniter\CodeIgniter->handleRequest(NULL, Object(Config\Cache), false)
#9 C:\xampp\htdocs\sistem-admin-test\public\index.php(37): CodeIgniter\CodeIgniter->run()
#10 C:\xampp\htdocs\sistem-admin-test\vendor\codeigniter4\framework\system\Commands\Server\rewrite.php(43): require_once('C:\\xampp\\htdocs...')
#11 {main}
ERROR - 2021-10-24 06:38:34 --> Column 'id_jabatan' in field list is ambiguous
CRITICAL - 2021-10-24 06:38:34 --> Column 'id_jabatan' in field list is ambiguous
#0 C:\xampp\htdocs\sistem-admin-test\vendor\codeigniter4\framework\system\Database\MySQLi\Connection.php(280): mysqli->query('SELECT `data_pe...')
#1 C:\xampp\htdocs\sistem-admin-test\vendor\codeigniter4\framework\system\Database\BaseConnection.php(663): CodeIgniter\Database\MySQLi\Connection->execute('SELECT `data_pe...')
#2 C:\xampp\htdocs\sistem-admin-test\vendor\codeigniter4\framework\system\Database\BaseConnection.php(591): CodeIgniter\Database\BaseConnection->simpleQuery('SELECT `data_pe...')
#3 C:\xampp\htdocs\sistem-admin-test\vendor\codeigniter4\framework\system\Database\BaseBuilder.php(1428): CodeIgniter\Database\BaseConnection->query('SELECT `data_pe...', Array, false)
#4 C:\xampp\htdocs\sistem-admin-test\vendor\codeigniter4\framework\system\Model.php(720): CodeIgniter\Database\BaseBuilder->get()
#5 C:\xampp\htdocs\sistem-admin-test\app\Controllers\Admin.php(182): CodeIgniter\Model->__call('get', Array)
#6 C:\xampp\htdocs\sistem-admin-test\vendor\codeigniter4\framework\system\CodeIgniter.php(802): App\Controllers\Admin->detail('4')
#7 C:\xampp\htdocs\sistem-admin-test\vendor\codeigniter4\framework\system\CodeIgniter.php(399): CodeIgniter\CodeIgniter->runController(Object(App\Controllers\Admin))
#8 C:\xampp\htdocs\sistem-admin-test\vendor\codeigniter4\framework\system\CodeIgniter.php(317): CodeIgniter\CodeIgniter->handleRequest(NULL, Object(Config\Cache), false)
#9 C:\xampp\htdocs\sistem-admin-test\public\index.php(37): CodeIgniter\CodeIgniter->run()
#10 C:\xampp\htdocs\sistem-admin-test\vendor\codeigniter4\framework\system\Commands\Server\rewrite.php(43): require_once('C:\\xampp\\htdocs...')
#11 {main}
ERROR - 2021-10-24 06:39:14 --> Column 'id_jabatan' in field list is ambiguous
CRITICAL - 2021-10-24 06:39:14 --> Column 'id_jabatan' in field list is ambiguous
#0 C:\xampp\htdocs\sistem-admin-test\vendor\codeigniter4\framework\system\Database\MySQLi\Connection.php(280): mysqli->query('SELECT `data_pe...')
#1 C:\xampp\htdocs\sistem-admin-test\vendor\codeigniter4\framework\system\Database\BaseConnection.php(663): CodeIgniter\Database\MySQLi\Connection->execute('SELECT `data_pe...')
#2 C:\xampp\htdocs\sistem-admin-test\vendor\codeigniter4\framework\system\Database\BaseConnection.php(591): CodeIgniter\Database\BaseConnection->simpleQuery('SELECT `data_pe...')
#3 C:\xampp\htdocs\sistem-admin-test\vendor\codeigniter4\framework\system\Database\BaseBuilder.php(1428): CodeIgniter\Database\BaseConnection->query('SELECT `data_pe...', Array, false)
#4 C:\xampp\htdocs\sistem-admin-test\vendor\codeigniter4\framework\system\Model.php(720): CodeIgniter\Database\BaseBuilder->get()
#5 C:\xampp\htdocs\sistem-admin-test\app\Controllers\Admin.php(183): CodeIgniter\Model->__call('get', Array)
#6 C:\xampp\htdocs\sistem-admin-test\vendor\codeigniter4\framework\system\CodeIgniter.php(802): App\Controllers\Admin->detail('4')
#7 C:\xampp\htdocs\sistem-admin-test\vendor\codeigniter4\framework\system\CodeIgniter.php(399): CodeIgniter\CodeIgniter->runController(Object(App\Controllers\Admin))
#8 C:\xampp\htdocs\sistem-admin-test\vendor\codeigniter4\framework\system\CodeIgniter.php(317): CodeIgniter\CodeIgniter->handleRequest(NULL, Object(Config\Cache), false)
#9 C:\xampp\htdocs\sistem-admin-test\public\index.php(37): CodeIgniter\CodeIgniter->run()
#10 C:\xampp\htdocs\sistem-admin-test\vendor\codeigniter4\framework\system\Commands\Server\rewrite.php(43): require_once('C:\\xampp\\htdocs...')
#11 {main}
CRITICAL - 2021-10-24 06:39:43 --> Undefined property: stdClass::$jabatan
#0 C:\xampp\htdocs\sistem-admin-test\app\Views\admin\detail.php(32): CodeIgniter\Debug\Exceptions->errorHandler(2, 'Undefined prope...', 'C:\\xampp\\htdocs...', 32)
#1 C:\xampp\htdocs\sistem-admin-test\vendor\codeigniter4\framework\system\View\View.php(214): include('C:\\xampp\\htdocs...')
#2 C:\xampp\htdocs\sistem-admin-test\vendor\codeigniter4\framework\system\View\View.php(217): CodeIgniter\View\View->CodeIgniter\View\{closure}()
#3 C:\xampp\htdocs\sistem-admin-test\vendor\codeigniter4\framework\system\Common.php(1092): CodeIgniter\View\View->render('admin/detail', Array, true)
#4 C:\xampp\htdocs\sistem-admin-test\app\Controllers\Admin.php(188): view('admin/detail', Array)
#5 C:\xampp\htdocs\sistem-admin-test\vendor\codeigniter4\framework\system\CodeIgniter.php(802): App\Controllers\Admin->detail('4')
#6 C:\xampp\htdocs\sistem-admin-test\vendor\codeigniter4\framework\system\CodeIgniter.php(399): CodeIgniter\CodeIgniter->runController(Object(App\Controllers\Admin))
#7 C:\xampp\htdocs\sistem-admin-test\vendor\codeigniter4\framework\system\CodeIgniter.php(317): CodeIgniter\CodeIgniter->handleRequest(NULL, Object(Config\Cache), false)
#8 C:\xampp\htdocs\sistem-admin-test\public\index.php(37): CodeIgniter\CodeIgniter->run()
#9 C:\xampp\htdocs\sistem-admin-test\vendor\codeigniter4\framework\system\Commands\Server\rewrite.php(43): require_once('C:\\xampp\\htdocs...')
#10 {main}
ERROR - 2021-10-24 06:43:38 --> Column 'id_jabatan' in where clause is ambiguous
CRITICAL - 2021-10-24 06:43:38 --> Column 'id_jabatan' in where clause is ambiguous
#0 C:\xampp\htdocs\sistem-admin-test\vendor\codeigniter4\framework\system\Database\MySQLi\Connection.php(280): mysqli->query('SELECT `data_pe...')
#1 C:\xampp\htdocs\sistem-admin-test\vendor\codeigniter4\framework\system\Database\BaseConnection.php(663): CodeIgniter\Database\MySQLi\Connection->execute('SELECT `data_pe...')
#2 C:\xampp\htdocs\sistem-admin-test\vendor\codeigniter4\framework\system\Database\BaseConnection.php(591): CodeIgniter\Database\BaseConnection->simpleQuery('SELECT `data_pe...')
#3 C:\xampp\htdocs\sistem-admin-test\vendor\codeigniter4\framework\system\Database\BaseBuilder.php(1428): CodeIgniter\Database\BaseConnection->query('SELECT `data_pe...', Array, false)
#4 C:\xampp\htdocs\sistem-admin-test\vendor\codeigniter4\framework\system\Model.php(720): CodeIgniter\Database\BaseBuilder->get()
#5 C:\xampp\htdocs\sistem-admin-test\app\Controllers\Admin.php(167): CodeIgniter\Model->__call('get', Array)
#6 C:\xampp\htdocs\sistem-admin-test\vendor\codeigniter4\framework\system\CodeIgniter.php(802): App\Controllers\Admin->userList()
#7 C:\xampp\htdocs\sistem-admin-test\vendor\codeigniter4\framework\system\CodeIgniter.php(399): CodeIgniter\CodeIgniter->runController(Object(App\Controllers\Admin))
#8 C:\xampp\htdocs\sistem-admin-test\vendor\codeigniter4\framework\system\CodeIgniter.php(317): CodeIgniter\CodeIgniter->handleRequest(NULL, Object(Config\Cache), false)
#9 C:\xampp\htdocs\sistem-admin-test\public\index.php(37): CodeIgniter\CodeIgniter->run()
#10 C:\xampp\htdocs\sistem-admin-test\vendor\codeigniter4\framework\system\Commands\Server\rewrite.php(43): require_once('C:\\xampp\\htdocs...')
#11 {main}
ERROR - 2021-10-24 07:10:59 --> Unknown column 'pegawaiid' in 'where clause'
CRITICAL - 2021-10-24 07:10:59 --> Unknown column 'pegawaiid' in 'where clause'
#0 C:\xampp\htdocs\sistem-admin-test\vendor\codeigniter4\framework\system\Database\MySQLi\Connection.php(280): mysqli->query('SELECT *\nFROM `...')
#1 C:\xampp\htdocs\sistem-admin-test\vendor\codeigniter4\framework\system\Database\BaseConnection.php(663): CodeIgniter\Database\MySQLi\Connection->execute('SELECT *\nFROM `...')
#2 C:\xampp\htdocs\sistem-admin-test\vendor\codeigniter4\framework\system\Database\BaseConnection.php(591): CodeIgniter\Database\BaseConnection->simpleQuery('SELECT *\nFROM `...')
#3 C:\xampp\htdocs\sistem-admin-test\vendor\codeigniter4\framework\system\Database\BaseBuilder.php(1428): CodeIgniter\Database\BaseConnection->query('SELECT *\nFROM `...', Array, false)
#4 C:\xampp\htdocs\sistem-admin-test\vendor\codeigniter4\framework\system\Model.php(210): CodeIgniter\Database\BaseBuilder->get()
#5 C:\xampp\htdocs\sistem-admin-test\vendor\codeigniter4\framework\system\BaseModel.php(622): CodeIgniter\Model->doFirst()
#6 C:\xampp\htdocs\sistem-admin-test\app\Controllers\Admin.php(129): CodeIgniter\BaseModel->first()
#7 C:\xampp\htdocs\sistem-admin-test\vendor\codeigniter4\framework\system\CodeIgniter.php(802): App\Controllers\Admin->edit('4')
#8 C:\xampp\htdocs\sistem-admin-test\vendor\codeigniter4\framework\system\CodeIgniter.php(399): CodeIgniter\CodeIgniter->runController(Object(App\Controllers\Admin))
#9 C:\xampp\htdocs\sistem-admin-test\vendor\codeigniter4\framework\system\CodeIgniter.php(317): CodeIgniter\CodeIgniter->handleRequest(NULL, Object(Config\Cache), false)
#10 C:\xampp\htdocs\sistem-admin-test\public\index.php(37): CodeIgniter\CodeIgniter->run()
#11 C:\xampp\htdocs\sistem-admin-test\vendor\codeigniter4\framework\system\Commands\Server\rewrite.php(43): require_once('C:\\xampp\\htdocs...')
#12 {main}
CRITICAL - 2021-10-24 07:11:57 --> Attempt to read property "id" on array
#0 C:\xampp\htdocs\sistem-admin-test\app\Views\admin\edit.php(7): CodeIgniter\Debug\Exceptions->errorHandler(2, 'Attempt to read...', 'C:\\xampp\\htdocs...', 7)
#1 C:\xampp\htdocs\sistem-admin-test\vendor\codeigniter4\framework\system\View\View.php(214): include('C:\\xampp\\htdocs...')
#2 C:\xampp\htdocs\sistem-admin-test\vendor\codeigniter4\framework\system\View\View.php(217): CodeIgniter\View\View->CodeIgniter\View\{closure}()
#3 C:\xampp\htdocs\sistem-admin-test\vendor\codeigniter4\framework\system\Common.php(1092): CodeIgniter\View\View->render('admin/edit', Array, true)
#4 C:\xampp\htdocs\sistem-admin-test\app\Controllers\Admin.php(131): view('admin/edit', Array)
#5 C:\xampp\htdocs\sistem-admin-test\vendor\codeigniter4\framework\system\CodeIgniter.php(802): App\Controllers\Admin->edit('4')
#6 C:\xampp\htdocs\sistem-admin-test\vendor\codeigniter4\framework\system\CodeIgniter.php(399): CodeIgniter\CodeIgniter->runController(Object(App\Controllers\Admin))
#7 C:\xampp\htdocs\sistem-admin-test\vendor\codeigniter4\framework\system\CodeIgniter.php(317): CodeIgniter\CodeIgniter->handleRequest(NULL, Object(Config\Cache), false)
#8 C:\xampp\htdocs\sistem-admin-test\public\index.php(37): CodeIgniter\CodeIgniter->run()
#9 C:\xampp\htdocs\sistem-admin-test\vendor\codeigniter4\framework\system\Commands\Server\rewrite.php(43): require_once('C:\\xampp\\htdocs...')
#10 {main}
CRITICAL - 2021-10-24 07:19:09 --> Attempt to read property "id" on array
#0 C:\xampp\htdocs\sistem-admin-test\app\Views\admin\edit.php(7): CodeIgniter\Debug\Exceptions->errorHandler(2, 'Attempt to read...', 'C:\\xampp\\htdocs...', 7)
#1 C:\xampp\htdocs\sistem-admin-test\vendor\codeigniter4\framework\system\View\View.php(214): include('C:\\xampp\\htdocs...')
#2 C:\xampp\htdocs\sistem-admin-test\vendor\codeigniter4\framework\system\View\View.php(217): CodeIgniter\View\View->CodeIgniter\View\{closure}()
#3 C:\xampp\htdocs\sistem-admin-test\vendor\codeigniter4\framework\system\Common.php(1092): CodeIgniter\View\View->render('admin/edit', Array, true)
#4 C:\xampp\htdocs\sistem-admin-test\app\Controllers\Admin.php(131): view('admin/edit', Array)
#5 C:\xampp\htdocs\sistem-admin-test\vendor\codeigniter4\framework\system\CodeIgniter.php(802): App\Controllers\Admin->edit('4')
#6 C:\xampp\htdocs\sistem-admin-test\vendor\codeigniter4\framework\system\CodeIgniter.php(399): CodeIgniter\CodeIgniter->runController(Object(App\Controllers\Admin))
#7 C:\xampp\htdocs\sistem-admin-test\vendor\codeigniter4\framework\system\CodeIgniter.php(317): CodeIgniter\CodeIgniter->handleRequest(NULL, Object(Config\Cache), false)
#8 C:\xampp\htdocs\sistem-admin-test\public\index.php(37): CodeIgniter\CodeIgniter->run()
#9 C:\xampp\htdocs\sistem-admin-test\vendor\codeigniter4\framework\system\Commands\Server\rewrite.php(43): require_once('C:\\xampp\\htdocs...')
#10 {main}
CRITICAL - 2021-10-24 07:20:40 --> Attempt to read property "NIK" on array
#0 C:\xampp\htdocs\sistem-admin-test\app\Views\admin\edit.php(12): CodeIgniter\Debug\Exceptions->errorHandler(2, 'Attempt to read...', 'C:\\xampp\\htdocs...', 12)
#1 C:\xampp\htdocs\sistem-admin-test\vendor\codeigniter4\framework\system\View\View.php(214): include('C:\\xampp\\htdocs...')
#2 C:\xampp\htdocs\sistem-admin-test\vendor\codeigniter4\framework\system\View\View.php(217): CodeIgniter\View\View->CodeIgniter\View\{closure}()
#3 C:\xampp\htdocs\sistem-admin-test\vendor\codeigniter4\framework\system\Common.php(1092): CodeIgniter\View\View->render('admin/edit', Array, true)
#4 C:\xampp\htdocs\sistem-admin-test\app\Controllers\Admin.php(131): view('admin/edit', Array)
#5 C:\xampp\htdocs\sistem-admin-test\vendor\codeigniter4\framework\system\CodeIgniter.php(802): App\Controllers\Admin->edit('4')
#6 C:\xampp\htdocs\sistem-admin-test\vendor\codeigniter4\framework\system\CodeIgniter.php(399): CodeIgniter\CodeIgniter->runController(Object(App\Controllers\Admin))
#7 C:\xampp\htdocs\sistem-admin-test\vendor\codeigniter4\framework\system\CodeIgniter.php(317): CodeIgniter\CodeIgniter->handleRequest(NULL, Object(Config\Cache), false)
#8 C:\xampp\htdocs\sistem-admin-test\public\index.php(37): CodeIgniter\CodeIgniter->run()
#9 C:\xampp\htdocs\sistem-admin-test\vendor\codeigniter4\framework\system\Commands\Server\rewrite.php(43): require_once('C:\\xampp\\htdocs...')
#10 {main}
CRITICAL - 2021-10-24 07:22:36 --> Undefined array key "jabatan"
#0 C:\xampp\htdocs\sistem-admin-test\app\Views\admin\edit.php(58): CodeIgniter\Debug\Exceptions->errorHandler(2, 'Undefined array...', 'C:\\xampp\\htdocs...', 58)
#1 C:\xampp\htdocs\sistem-admin-test\vendor\codeigniter4\framework\system\View\View.php(214): include('C:\\xampp\\htdocs...')
#2 C:\xampp\htdocs\sistem-admin-test\vendor\codeigniter4\framework\system\View\View.php(217): CodeIgniter\View\View->CodeIgniter\View\{closure}()
#3 C:\xampp\htdocs\sistem-admin-test\vendor\codeigniter4\framework\system\Common.php(1092): CodeIgniter\View\View->render('admin/edit', Array, true)
#4 C:\xampp\htdocs\sistem-admin-test\app\Controllers\Admin.php(131): view('admin/edit', Array)
#5 C:\xampp\htdocs\sistem-admin-test\vendor\codeigniter4\framework\system\CodeIgniter.php(802): App\Controllers\Admin->edit('4')
#6 C:\xampp\htdocs\sistem-admin-test\vendor\codeigniter4\framework\system\CodeIgniter.php(399): CodeIgniter\CodeIgniter->runController(Object(App\Controllers\Admin))
#7 C:\xampp\htdocs\sistem-admin-test\vendor\codeigniter4\framework\system\CodeIgniter.php(317): CodeIgniter\CodeIgniter->handleRequest(NULL, Object(Config\Cache), false)
#8 C:\xampp\htdocs\sistem-admin-test\public\index.php(37): CodeIgniter\CodeIgniter->run()
#9 C:\xampp\htdocs\sistem-admin-test\vendor\codeigniter4\framework\system\Commands\Server\rewrite.php(43): require_once('C:\\xampp\\htdocs...')
#10 {main}
