CRITICAL - 2022-04-22 10:40:57 --> Object of class App\Models\SiswaModel could not be converted to string
#0 C:\xampp\htdocs\sistem-presensi\vendor\codeigniter4\framework\system\View\View.php(214): include()
#1 C:\xampp\htdocs\sistem-presensi\vendor\codeigniter4\framework\system\View\View.php(217): CodeIgniter\View\View->CodeIgniter\View\{closure}()
#2 C:\xampp\htdocs\sistem-presensi\vendor\codeigniter4\framework\system\Common.php(1092): CodeIgniter\View\View->render('admin/buatqr', Array, true)
#3 C:\xampp\htdocs\sistem-presensi\app\Controllers\Admin.php(573): view('admin/buatqr', Array)
#4 C:\xampp\htdocs\sistem-presensi\vendor\codeigniter4\framework\system\CodeIgniter.php(802): App\Controllers\Admin->ambil_siswa()
#5 C:\xampp\htdocs\sistem-presensi\vendor\codeigniter4\framework\system\CodeIgniter.php(399): CodeIgniter\CodeIgniter->runController(Object(App\Controllers\Admin))
#6 C:\xampp\htdocs\sistem-presensi\vendor\codeigniter4\framework\system\CodeIgniter.php(317): CodeIgniter\CodeIgniter->handleRequest(NULL, Object(Config\Cache), false)
#7 C:\xampp\htdocs\sistem-presensi\public\index.php(37): CodeIgniter\CodeIgniter->run()
#8 C:\xampp\htdocs\sistem-presensi\vendor\codeigniter4\framework\system\Commands\Server\rewrite.php(43): require_once('C:\\xampp\\htdocs...')
#9 {main}
CRITICAL - 2022-04-22 10:42:34 --> Cannot use object of type App\Models\SiswaModel as array
#0 C:\xampp\htdocs\sistem-presensi\vendor\codeigniter4\framework\system\View\View.php(214): include()
#1 C:\xampp\htdocs\sistem-presensi\vendor\codeigniter4\framework\system\View\View.php(217): CodeIgniter\View\View->CodeIgniter\View\{closure}()
#2 C:\xampp\htdocs\sistem-presensi\vendor\codeigniter4\framework\system\Common.php(1092): CodeIgniter\View\View->render('admin/buatqr', Array, true)
#3 C:\xampp\htdocs\sistem-presensi\app\Controllers\Admin.php(573): view('admin/buatqr', Array)
#4 C:\xampp\htdocs\sistem-presensi\vendor\codeigniter4\framework\system\CodeIgniter.php(802): App\Controllers\Admin->ambil_siswa()
#5 C:\xampp\htdocs\sistem-presensi\vendor\codeigniter4\framework\system\CodeIgniter.php(399): CodeIgniter\CodeIgniter->runController(Object(App\Controllers\Admin))
#6 C:\xampp\htdocs\sistem-presensi\vendor\codeigniter4\framework\system\CodeIgniter.php(317): CodeIgniter\CodeIgniter->handleRequest(NULL, Object(Config\Cache), false)
#7 C:\xampp\htdocs\sistem-presensi\public\index.php(37): CodeIgniter\CodeIgniter->run()
#8 C:\xampp\htdocs\sistem-presensi\vendor\codeigniter4\framework\system\Commands\Server\rewrite.php(43): require_once('C:\\xampp\\htdocs...')
#9 {main}
CRITICAL - 2022-04-22 10:42:42 --> Cannot use object of type App\Models\SiswaModel as array
#0 C:\xampp\htdocs\sistem-presensi\vendor\codeigniter4\framework\system\View\View.php(214): include()
#1 C:\xampp\htdocs\sistem-presensi\vendor\codeigniter4\framework\system\View\View.php(217): CodeIgniter\View\View->CodeIgniter\View\{closure}()
#2 C:\xampp\htdocs\sistem-presensi\vendor\codeigniter4\framework\system\Common.php(1092): CodeIgniter\View\View->render('admin/buatqr', Array, true)
#3 C:\xampp\htdocs\sistem-presensi\app\Controllers\Admin.php(573): view('admin/buatqr', Array)
#4 C:\xampp\htdocs\sistem-presensi\vendor\codeigniter4\framework\system\CodeIgniter.php(802): App\Controllers\Admin->ambil_siswa()
#5 C:\xampp\htdocs\sistem-presensi\vendor\codeigniter4\framework\system\CodeIgniter.php(399): CodeIgniter\CodeIgniter->runController(Object(App\Controllers\Admin))
#6 C:\xampp\htdocs\sistem-presensi\vendor\codeigniter4\framework\system\CodeIgniter.php(317): CodeIgniter\CodeIgniter->handleRequest(NULL, Object(Config\Cache), false)
#7 C:\xampp\htdocs\sistem-presensi\public\index.php(37): CodeIgniter\CodeIgniter->run()
#8 C:\xampp\htdocs\sistem-presensi\vendor\codeigniter4\framework\system\Commands\Server\rewrite.php(43): require_once('C:\\xampp\\htdocs...')
#9 {main}
CRITICAL - 2022-04-22 10:47:20 --> Call to undefined method App\Models\SiswaModel::search
#0 C:\xampp\htdocs\sistem-presensi\app\Controllers\Admin.php(561): CodeIgniter\Model->__call('search', Array)
#1 C:\xampp\htdocs\sistem-presensi\vendor\codeigniter4\framework\system\CodeIgniter.php(802): App\Controllers\Admin->ambil_siswa()
#2 C:\xampp\htdocs\sistem-presensi\vendor\codeigniter4\framework\system\CodeIgniter.php(399): CodeIgniter\CodeIgniter->runController(Object(App\Controllers\Admin))
#3 C:\xampp\htdocs\sistem-presensi\vendor\codeigniter4\framework\system\CodeIgniter.php(317): CodeIgniter\CodeIgniter->handleRequest(NULL, Object(Config\Cache), false)
#4 C:\xampp\htdocs\sistem-presensi\public\index.php(37): CodeIgniter\CodeIgniter->run()
#5 C:\xampp\htdocs\sistem-presensi\vendor\codeigniter4\framework\system\Commands\Server\rewrite.php(43): require_once('C:\\xampp\\htdocs...')
#6 {main}
CRITICAL - 2022-04-22 10:50:47 --> Call to undefined method App\Models\SiswaModel::search
#0 C:\xampp\htdocs\sistem-presensi\app\Controllers\Admin.php(561): CodeIgniter\Model->__call('search', Array)
#1 C:\xampp\htdocs\sistem-presensi\vendor\codeigniter4\framework\system\CodeIgniter.php(802): App\Controllers\Admin->ambil_siswa()
#2 C:\xampp\htdocs\sistem-presensi\vendor\codeigniter4\framework\system\CodeIgniter.php(399): CodeIgniter\CodeIgniter->runController(Object(App\Controllers\Admin))
#3 C:\xampp\htdocs\sistem-presensi\vendor\codeigniter4\framework\system\CodeIgniter.php(317): CodeIgniter\CodeIgniter->handleRequest(NULL, Object(Config\Cache), false)
#4 C:\xampp\htdocs\sistem-presensi\public\index.php(37): CodeIgniter\CodeIgniter->run()
#5 C:\xampp\htdocs\sistem-presensi\vendor\codeigniter4\framework\system\Commands\Server\rewrite.php(43): require_once('C:\\xampp\\htdocs...')
#6 {main}
ERROR - 2022-04-22 10:56:02 --> Unknown column 'kelas.id_kelas' in 'field list'
CRITICAL - 2022-04-22 10:56:02 --> Unknown column 'kelas.id_kelas' in 'field list'
#0 C:\xampp\htdocs\sistem-presensi\vendor\codeigniter4\framework\system\Database\MySQLi\Connection.php(280): mysqli->query('SELECT `data_si...')
#1 C:\xampp\htdocs\sistem-presensi\vendor\codeigniter4\framework\system\Database\BaseConnection.php(663): CodeIgniter\Database\MySQLi\Connection->execute('SELECT `data_si...')
#2 C:\xampp\htdocs\sistem-presensi\vendor\codeigniter4\framework\system\Database\BaseConnection.php(591): CodeIgniter\Database\BaseConnection->simpleQuery('SELECT `data_si...')
#3 C:\xampp\htdocs\sistem-presensi\vendor\codeigniter4\framework\system\Database\BaseBuilder.php(1428): CodeIgniter\Database\BaseConnection->query('SELECT `data_si...', Array, false)
#4 C:\xampp\htdocs\sistem-presensi\vendor\codeigniter4\framework\system\Model.php(183): CodeIgniter\Database\BaseBuilder->get()
#5 C:\xampp\htdocs\sistem-presensi\vendor\codeigniter4\framework\system\BaseModel.php(584): CodeIgniter\Model->doFindAll(0, 0)
#6 C:\xampp\htdocs\sistem-presensi\app\Controllers\Admin.php(568): CodeIgniter\BaseModel->findAll()
#7 C:\xampp\htdocs\sistem-presensi\vendor\codeigniter4\framework\system\CodeIgniter.php(802): App\Controllers\Admin->ambil_siswa()
#8 C:\xampp\htdocs\sistem-presensi\vendor\codeigniter4\framework\system\CodeIgniter.php(399): CodeIgniter\CodeIgniter->runController(Object(App\Controllers\Admin))
#9 C:\xampp\htdocs\sistem-presensi\vendor\codeigniter4\framework\system\CodeIgniter.php(317): CodeIgniter\CodeIgniter->handleRequest(NULL, Object(Config\Cache), false)
#10 C:\xampp\htdocs\sistem-presensi\public\index.php(37): CodeIgniter\CodeIgniter->run()
#11 C:\xampp\htdocs\sistem-presensi\vendor\codeigniter4\framework\system\Commands\Server\rewrite.php(43): require_once('C:\\xampp\\htdocs...')
#12 {main}
CRITICAL - 2022-04-22 11:02:30 --> Undefined variable $siswa
#0 C:\xampp\htdocs\sistem-presensi\app\Views\admin\buatqr.php(26): CodeIgniter\Debug\Exceptions->errorHandler(2, 'Undefined varia...', 'C:\\xampp\\htdocs...', 26)
#1 C:\xampp\htdocs\sistem-presensi\vendor\codeigniter4\framework\system\View\View.php(214): include('C:\\xampp\\htdocs...')
#2 C:\xampp\htdocs\sistem-presensi\vendor\codeigniter4\framework\system\View\View.php(217): CodeIgniter\View\View->CodeIgniter\View\{closure}()
#3 C:\xampp\htdocs\sistem-presensi\vendor\codeigniter4\framework\system\Common.php(1092): CodeIgniter\View\View->render('admin/buatqr', Array, true)
#4 C:\xampp\htdocs\sistem-presensi\app\Controllers\Admin.php(573): view('admin/buatqr', Array)
#5 C:\xampp\htdocs\sistem-presensi\vendor\codeigniter4\framework\system\CodeIgniter.php(802): App\Controllers\Admin->ambil_siswa()
#6 C:\xampp\htdocs\sistem-presensi\vendor\codeigniter4\framework\system\CodeIgniter.php(399): CodeIgniter\CodeIgniter->runController(Object(App\Controllers\Admin))
#7 C:\xampp\htdocs\sistem-presensi\vendor\codeigniter4\framework\system\CodeIgniter.php(317): CodeIgniter\CodeIgniter->handleRequest(NULL, Object(Config\Cache), false)
#8 C:\xampp\htdocs\sistem-presensi\public\index.php(37): CodeIgniter\CodeIgniter->run()
#9 C:\xampp\htdocs\sistem-presensi\vendor\codeigniter4\framework\system\Commands\Server\rewrite.php(43): require_once('C:\\xampp\\htdocs...')
#10 {main}
CRITICAL - 2022-04-22 11:03:50 --> Undefined variable $siswa
#0 C:\xampp\htdocs\sistem-presensi\app\Views\admin\buatqr.php(26): CodeIgniter\Debug\Exceptions->errorHandler(2, 'Undefined varia...', 'C:\\xampp\\htdocs...', 26)
#1 C:\xampp\htdocs\sistem-presensi\vendor\codeigniter4\framework\system\View\View.php(214): include('C:\\xampp\\htdocs...')
#2 C:\xampp\htdocs\sistem-presensi\vendor\codeigniter4\framework\system\View\View.php(217): CodeIgniter\View\View->CodeIgniter\View\{closure}()
#3 C:\xampp\htdocs\sistem-presensi\vendor\codeigniter4\framework\system\Common.php(1092): CodeIgniter\View\View->render('admin/buatqr', Array, true)
#4 C:\xampp\htdocs\sistem-presensi\app\Controllers\Admin.php(573): view('admin/buatqr', Array)
#5 C:\xampp\htdocs\sistem-presensi\vendor\codeigniter4\framework\system\CodeIgniter.php(802): App\Controllers\Admin->ambil_siswa()
#6 C:\xampp\htdocs\sistem-presensi\vendor\codeigniter4\framework\system\CodeIgniter.php(399): CodeIgniter\CodeIgniter->runController(Object(App\Controllers\Admin))
#7 C:\xampp\htdocs\sistem-presensi\vendor\codeigniter4\framework\system\CodeIgniter.php(317): CodeIgniter\CodeIgniter->handleRequest(NULL, Object(Config\Cache), false)
#8 C:\xampp\htdocs\sistem-presensi\public\index.php(37): CodeIgniter\CodeIgniter->run()
#9 C:\xampp\htdocs\sistem-presensi\vendor\codeigniter4\framework\system\Commands\Server\rewrite.php(43): require_once('C:\\xampp\\htdocs...')
#10 {main}
CRITICAL - 2022-04-22 11:03:56 --> Undefined variable $siswa
#0 C:\xampp\htdocs\sistem-presensi\app\Views\admin\buatqr.php(26): CodeIgniter\Debug\Exceptions->errorHandler(2, 'Undefined varia...', 'C:\\xampp\\htdocs...', 26)
#1 C:\xampp\htdocs\sistem-presensi\vendor\codeigniter4\framework\system\View\View.php(214): include('C:\\xampp\\htdocs...')
#2 C:\xampp\htdocs\sistem-presensi\vendor\codeigniter4\framework\system\View\View.php(217): CodeIgniter\View\View->CodeIgniter\View\{closure}()
#3 C:\xampp\htdocs\sistem-presensi\vendor\codeigniter4\framework\system\Common.php(1092): CodeIgniter\View\View->render('admin/buatqr', Array, true)
#4 C:\xampp\htdocs\sistem-presensi\app\Controllers\Admin.php(573): view('admin/buatqr', Array)
#5 C:\xampp\htdocs\sistem-presensi\vendor\codeigniter4\framework\system\CodeIgniter.php(802): App\Controllers\Admin->ambil_siswa()
#6 C:\xampp\htdocs\sistem-presensi\vendor\codeigniter4\framework\system\CodeIgniter.php(399): CodeIgniter\CodeIgniter->runController(Object(App\Controllers\Admin))
#7 C:\xampp\htdocs\sistem-presensi\vendor\codeigniter4\framework\system\CodeIgniter.php(317): CodeIgniter\CodeIgniter->handleRequest(NULL, Object(Config\Cache), false)
#8 C:\xampp\htdocs\sistem-presensi\public\index.php(37): CodeIgniter\CodeIgniter->run()
#9 C:\xampp\htdocs\sistem-presensi\vendor\codeigniter4\framework\system\Commands\Server\rewrite.php(43): require_once('C:\\xampp\\htdocs...')
#10 {main}
CRITICAL - 2022-04-22 11:05:46 --> Undefined variable $siswa
#0 C:\xampp\htdocs\sistem-presensi\app\Views\admin\buatqr.php(26): CodeIgniter\Debug\Exceptions->errorHandler(2, 'Undefined varia...', 'C:\\xampp\\htdocs...', 26)
#1 C:\xampp\htdocs\sistem-presensi\vendor\codeigniter4\framework\system\View\View.php(214): include('C:\\xampp\\htdocs...')
#2 C:\xampp\htdocs\sistem-presensi\vendor\codeigniter4\framework\system\View\View.php(217): CodeIgniter\View\View->CodeIgniter\View\{closure}()
#3 C:\xampp\htdocs\sistem-presensi\vendor\codeigniter4\framework\system\Common.php(1092): CodeIgniter\View\View->render('admin/buatqr', Array, true)
#4 C:\xampp\htdocs\sistem-presensi\app\Controllers\Admin.php(573): view('admin/buatqr', Array)
#5 C:\xampp\htdocs\sistem-presensi\vendor\codeigniter4\framework\system\CodeIgniter.php(802): App\Controllers\Admin->ambil_siswa()
#6 C:\xampp\htdocs\sistem-presensi\vendor\codeigniter4\framework\system\CodeIgniter.php(399): CodeIgniter\CodeIgniter->runController(Object(App\Controllers\Admin))
#7 C:\xampp\htdocs\sistem-presensi\vendor\codeigniter4\framework\system\CodeIgniter.php(317): CodeIgniter\CodeIgniter->handleRequest(NULL, Object(Config\Cache), false)
#8 C:\xampp\htdocs\sistem-presensi\public\index.php(37): CodeIgniter\CodeIgniter->run()
#9 C:\xampp\htdocs\sistem-presensi\vendor\codeigniter4\framework\system\Commands\Server\rewrite.php(43): require_once('C:\\xampp\\htdocs...')
#10 {main}
CRITICAL - 2022-04-22 11:05:47 --> Undefined variable $siswa
#0 C:\xampp\htdocs\sistem-presensi\app\Views\admin\buatqr.php(26): CodeIgniter\Debug\Exceptions->errorHandler(2, 'Undefined varia...', 'C:\\xampp\\htdocs...', 26)
#1 C:\xampp\htdocs\sistem-presensi\vendor\codeigniter4\framework\system\View\View.php(214): include('C:\\xampp\\htdocs...')
#2 C:\xampp\htdocs\sistem-presensi\vendor\codeigniter4\framework\system\View\View.php(217): CodeIgniter\View\View->CodeIgniter\View\{closure}()
#3 C:\xampp\htdocs\sistem-presensi\vendor\codeigniter4\framework\system\Common.php(1092): CodeIgniter\View\View->render('admin/buatqr', Array, true)
#4 C:\xampp\htdocs\sistem-presensi\app\Controllers\Admin.php(573): view('admin/buatqr', Array)
#5 C:\xampp\htdocs\sistem-presensi\vendor\codeigniter4\framework\system\CodeIgniter.php(802): App\Controllers\Admin->ambil_siswa()
#6 C:\xampp\htdocs\sistem-presensi\vendor\codeigniter4\framework\system\CodeIgniter.php(399): CodeIgniter\CodeIgniter->runController(Object(App\Controllers\Admin))
#7 C:\xampp\htdocs\sistem-presensi\vendor\codeigniter4\framework\system\CodeIgniter.php(317): CodeIgniter\CodeIgniter->handleRequest(NULL, Object(Config\Cache), false)
#8 C:\xampp\htdocs\sistem-presensi\public\index.php(37): CodeIgniter\CodeIgniter->run()
#9 C:\xampp\htdocs\sistem-presensi\vendor\codeigniter4\framework\system\Commands\Server\rewrite.php(43): require_once('C:\\xampp\\htdocs...')
#10 {main}
CRITICAL - 2022-04-22 11:05:59 --> Undefined variable $siswa
#0 C:\xampp\htdocs\sistem-presensi\app\Views\admin\buatqr.php(26): CodeIgniter\Debug\Exceptions->errorHandler(2, 'Undefined varia...', 'C:\\xampp\\htdocs...', 26)
#1 C:\xampp\htdocs\sistem-presensi\vendor\codeigniter4\framework\system\View\View.php(214): include('C:\\xampp\\htdocs...')
#2 C:\xampp\htdocs\sistem-presensi\vendor\codeigniter4\framework\system\View\View.php(217): CodeIgniter\View\View->CodeIgniter\View\{closure}()
#3 C:\xampp\htdocs\sistem-presensi\vendor\codeigniter4\framework\system\Common.php(1092): CodeIgniter\View\View->render('admin/buatqr', Array, true)
#4 C:\xampp\htdocs\sistem-presensi\app\Controllers\Admin.php(573): view('admin/buatqr', Array)
#5 C:\xampp\htdocs\sistem-presensi\vendor\codeigniter4\framework\system\CodeIgniter.php(802): App\Controllers\Admin->ambil_siswa()
#6 C:\xampp\htdocs\sistem-presensi\vendor\codeigniter4\framework\system\CodeIgniter.php(399): CodeIgniter\CodeIgniter->runController(Object(App\Controllers\Admin))
#7 C:\xampp\htdocs\sistem-presensi\vendor\codeigniter4\framework\system\CodeIgniter.php(317): CodeIgniter\CodeIgniter->handleRequest(NULL, Object(Config\Cache), false)
#8 C:\xampp\htdocs\sistem-presensi\public\index.php(37): CodeIgniter\CodeIgniter->run()
#9 C:\xampp\htdocs\sistem-presensi\vendor\codeigniter4\framework\system\Commands\Server\rewrite.php(43): require_once('C:\\xampp\\htdocs...')
#10 {main}
CRITICAL - 2022-04-22 16:18:31 --> Undefined variable $kelas
#0 C:\xampp\htdocs\sistem-presensi\app\Views\admin\buatqr.php(16): CodeIgniter\Debug\Exceptions->errorHandler(2, 'Undefined varia...', 'C:\\xampp\\htdocs...', 16)
#1 C:\xampp\htdocs\sistem-presensi\vendor\codeigniter4\framework\system\View\View.php(214): include('C:\\xampp\\htdocs...')
#2 C:\xampp\htdocs\sistem-presensi\vendor\codeigniter4\framework\system\View\View.php(217): CodeIgniter\View\View->CodeIgniter\View\{closure}()
#3 C:\xampp\htdocs\sistem-presensi\vendor\codeigniter4\framework\system\Common.php(1092): CodeIgniter\View\View->render('admin/buatqr', Array, true)
#4 C:\xampp\htdocs\sistem-presensi\app\Controllers\Admin.php(573): view('admin/buatqr', Array)
#5 C:\xampp\htdocs\sistem-presensi\vendor\codeigniter4\framework\system\CodeIgniter.php(802): App\Controllers\Admin->ambil_siswa()
#6 C:\xampp\htdocs\sistem-presensi\vendor\codeigniter4\framework\system\CodeIgniter.php(399): CodeIgniter\CodeIgniter->runController(Object(App\Controllers\Admin))
#7 C:\xampp\htdocs\sistem-presensi\vendor\codeigniter4\framework\system\CodeIgniter.php(317): CodeIgniter\CodeIgniter->handleRequest(NULL, Object(Config\Cache), false)
#8 C:\xampp\htdocs\sistem-presensi\public\index.php(37): CodeIgniter\CodeIgniter->run()
#9 C:\xampp\htdocs\sistem-presensi\vendor\codeigniter4\framework\system\Commands\Server\rewrite.php(43): require_once('C:\\xampp\\htdocs...')
#10 {main}
CRITICAL - 2022-04-22 16:19:15 --> Undefined variable $kelas
#0 C:\xampp\htdocs\sistem-presensi\app\Views\admin\buatqr.php(16): CodeIgniter\Debug\Exceptions->errorHandler(2, 'Undefined varia...', 'C:\\xampp\\htdocs...', 16)
#1 C:\xampp\htdocs\sistem-presensi\vendor\codeigniter4\framework\system\View\View.php(214): include('C:\\xampp\\htdocs...')
#2 C:\xampp\htdocs\sistem-presensi\vendor\codeigniter4\framework\system\View\View.php(217): CodeIgniter\View\View->CodeIgniter\View\{closure}()
#3 C:\xampp\htdocs\sistem-presensi\vendor\codeigniter4\framework\system\Common.php(1092): CodeIgniter\View\View->render('admin/buatqr', Array, true)
#4 C:\xampp\htdocs\sistem-presensi\app\Controllers\Admin.php(573): view('admin/buatqr', Array)
#5 C:\xampp\htdocs\sistem-presensi\vendor\codeigniter4\framework\system\CodeIgniter.php(802): App\Controllers\Admin->ambil_siswa()
#6 C:\xampp\htdocs\sistem-presensi\vendor\codeigniter4\framework\system\CodeIgniter.php(399): CodeIgniter\CodeIgniter->runController(Object(App\Controllers\Admin))
#7 C:\xampp\htdocs\sistem-presensi\vendor\codeigniter4\framework\system\CodeIgniter.php(317): CodeIgniter\CodeIgniter->handleRequest(NULL, Object(Config\Cache), false)
#8 C:\xampp\htdocs\sistem-presensi\public\index.php(37): CodeIgniter\CodeIgniter->run()
#9 C:\xampp\htdocs\sistem-presensi\vendor\codeigniter4\framework\system\Commands\Server\rewrite.php(43): require_once('C:\\xampp\\htdocs...')
#10 {main}
CRITICAL - 2022-04-22 16:29:54 --> Undefined variable $dat_kelas
#0 C:\xampp\htdocs\sistem-presensi\app\Views\admin\buatqr.php(26): CodeIgniter\Debug\Exceptions->errorHandler(2, 'Undefined varia...', 'C:\\xampp\\htdocs...', 26)
#1 C:\xampp\htdocs\sistem-presensi\vendor\codeigniter4\framework\system\View\View.php(214): include('C:\\xampp\\htdocs...')
#2 C:\xampp\htdocs\sistem-presensi\vendor\codeigniter4\framework\system\View\View.php(217): CodeIgniter\View\View->CodeIgniter\View\{closure}()
#3 C:\xampp\htdocs\sistem-presensi\vendor\codeigniter4\framework\system\Common.php(1092): CodeIgniter\View\View->render('admin/buatqr', Array, true)
#4 C:\xampp\htdocs\sistem-presensi\app\Controllers\Admin.php(586): view('admin/buatqr', Array)
#5 C:\xampp\htdocs\sistem-presensi\vendor\codeigniter4\framework\system\CodeIgniter.php(802): App\Controllers\Admin->buatqr()
#6 C:\xampp\htdocs\sistem-presensi\vendor\codeigniter4\framework\system\CodeIgniter.php(399): CodeIgniter\CodeIgniter->runController(Object(App\Controllers\Admin))
#7 C:\xampp\htdocs\sistem-presensi\vendor\codeigniter4\framework\system\CodeIgniter.php(317): CodeIgniter\CodeIgniter->handleRequest(NULL, Object(Config\Cache), false)
#8 C:\xampp\htdocs\sistem-presensi\public\index.php(37): CodeIgniter\CodeIgniter->run()
#9 C:\xampp\htdocs\sistem-presensi\vendor\codeigniter4\framework\system\Commands\Server\rewrite.php(43): require_once('C:\\xampp\\htdocs...')
#10 {main}
CRITICAL - 2022-04-22 16:32:23 --> Undefined variable $title
#0 C:\xampp\htdocs\sistem-presensi\app\Views\templates\index.php(12): CodeIgniter\Debug\Exceptions->errorHandler(2, 'Undefined varia...', 'C:\\xampp\\htdocs...', 12)
#1 C:\xampp\htdocs\sistem-presensi\vendor\codeigniter4\framework\system\View\View.php(214): include('C:\\xampp\\htdocs...')
#2 C:\xampp\htdocs\sistem-presensi\vendor\codeigniter4\framework\system\View\View.php(217): CodeIgniter\View\View->CodeIgniter\View\{closure}()
#3 C:\xampp\htdocs\sistem-presensi\vendor\codeigniter4\framework\system\View\View.php(230): CodeIgniter\View\View->render('templates/index', Array, true)
#4 C:\xampp\htdocs\sistem-presensi\vendor\codeigniter4\framework\system\Common.php(1092): CodeIgniter\View\View->render('admin/buatqr', Array, true)
#5 C:\xampp\htdocs\sistem-presensi\app\Controllers\Admin.php(587): view('admin/buatqr', Array)
#6 C:\xampp\htdocs\sistem-presensi\vendor\codeigniter4\framework\system\CodeIgniter.php(802): App\Controllers\Admin->buatqr()
#7 C:\xampp\htdocs\sistem-presensi\vendor\codeigniter4\framework\system\CodeIgniter.php(399): CodeIgniter\CodeIgniter->runController(Object(App\Controllers\Admin))
#8 C:\xampp\htdocs\sistem-presensi\vendor\codeigniter4\framework\system\CodeIgniter.php(317): CodeIgniter\CodeIgniter->handleRequest(NULL, Object(Config\Cache), false)
#9 C:\xampp\htdocs\sistem-presensi\public\index.php(37): CodeIgniter\CodeIgniter->run()
#10 C:\xampp\htdocs\sistem-presensi\vendor\codeigniter4\framework\system\Commands\Server\rewrite.php(43): require_once('C:\\xampp\\htdocs...')
#11 {main}
CRITICAL - 2022-04-22 17:11:44 --> Undefined variable $url
#0 C:\xampp\htdocs\sistem-presensi\app\Views\admin\buatqr.php(34): CodeIgniter\Debug\Exceptions->errorHandler(2, 'Undefined varia...', 'C:\\xampp\\htdocs...', 34)
#1 C:\xampp\htdocs\sistem-presensi\vendor\codeigniter4\framework\system\View\View.php(214): include('C:\\xampp\\htdocs...')
#2 C:\xampp\htdocs\sistem-presensi\vendor\codeigniter4\framework\system\View\View.php(217): CodeIgniter\View\View->CodeIgniter\View\{closure}()
#3 C:\xampp\htdocs\sistem-presensi\vendor\codeigniter4\framework\system\Common.php(1092): CodeIgniter\View\View->render('admin/buatqr', Array, true)
#4 C:\xampp\htdocs\sistem-presensi\app\Controllers\Admin.php(573): view('admin/buatqr', Array)
#5 C:\xampp\htdocs\sistem-presensi\vendor\codeigniter4\framework\system\CodeIgniter.php(802): App\Controllers\Admin->buatqr()
#6 C:\xampp\htdocs\sistem-presensi\vendor\codeigniter4\framework\system\CodeIgniter.php(399): CodeIgniter\CodeIgniter->runController(Object(App\Controllers\Admin))
#7 C:\xampp\htdocs\sistem-presensi\vendor\codeigniter4\framework\system\CodeIgniter.php(317): CodeIgniter\CodeIgniter->handleRequest(NULL, Object(Config\Cache), false)
#8 C:\xampp\htdocs\sistem-presensi\public\index.php(37): CodeIgniter\CodeIgniter->run()
#9 C:\xampp\htdocs\sistem-presensi\vendor\codeigniter4\framework\system\Commands\Server\rewrite.php(43): require_once('C:\\xampp\\htdocs...')
#10 {main}
