ERROR - 2022-04-13 04:08:08 --> Unknown column 'histori.NIP' in 'on clause'
CRITICAL - 2022-04-13 04:08:08 --> Unknown column 'histori.NIP' in 'on clause'
#0 C:\xampp\htdocs\sistem-presensi\vendor\codeigniter4\framework\system\Database\MySQLi\Connection.php(280): mysqli->query('SELECT COUNT(*)...')
#1 C:\xampp\htdocs\sistem-presensi\vendor\codeigniter4\framework\system\Database\BaseConnection.php(663): CodeIgniter\Database\MySQLi\Connection->execute('SELECT COUNT(*)...')
#2 C:\xampp\htdocs\sistem-presensi\vendor\codeigniter4\framework\system\Database\BaseConnection.php(591): CodeIgniter\Database\BaseConnection->simpleQuery('SELECT COUNT(*)...')
#3 C:\xampp\htdocs\sistem-presensi\vendor\codeigniter4\framework\system\Database\BaseBuilder.php(1512): CodeIgniter\Database\BaseConnection->query('SELECT COUNT(*)...', Array, false)
#4 C:\xampp\htdocs\sistem-presensi\vendor\codeigniter4\framework\system\Model.php(509): CodeIgniter\Database\BaseBuilder->countAllResults(false)
#5 C:\xampp\htdocs\sistem-presensi\vendor\codeigniter4\framework\system\BaseModel.php(1080): CodeIgniter\Model->countAllResults(false)
#6 C:\xampp\htdocs\sistem-presensi\app\Controllers\Admin.php(250): CodeIgniter\BaseModel->paginate(5, 'data_staff')
#7 C:\xampp\htdocs\sistem-presensi\vendor\codeigniter4\framework\system\CodeIgniter.php(802): App\Controllers\Admin->daftar_staff()
#8 C:\xampp\htdocs\sistem-presensi\vendor\codeigniter4\framework\system\CodeIgniter.php(399): CodeIgniter\CodeIgniter->runController(Object(App\Controllers\Admin))
#9 C:\xampp\htdocs\sistem-presensi\vendor\codeigniter4\framework\system\CodeIgniter.php(317): CodeIgniter\CodeIgniter->handleRequest(NULL, Object(Config\Cache), false)
#10 C:\xampp\htdocs\sistem-presensi\public\index.php(37): CodeIgniter\CodeIgniter->run()
#11 C:\xampp\htdocs\sistem-presensi\vendor\codeigniter4\framework\system\Commands\Server\rewrite.php(43): require_once('C:\\xampp\\htdocs...')
#12 {main}
CRITICAL - 2022-04-13 08:00:54 --> Call to undefined method App\Models\SiswaModel::data_siswa
#0 C:\xampp\htdocs\sistem-presensi\app\Controllers\Admin.php(33): CodeIgniter\Model->__call('data_siswa', Array)
#1 C:\xampp\htdocs\sistem-presensi\vendor\codeigniter4\framework\system\CodeIgniter.php(802): App\Controllers\Admin->index()
#2 C:\xampp\htdocs\sistem-presensi\vendor\codeigniter4\framework\system\CodeIgniter.php(399): CodeIgniter\CodeIgniter->runController(Object(App\Controllers\Admin))
#3 C:\xampp\htdocs\sistem-presensi\vendor\codeigniter4\framework\system\CodeIgniter.php(317): CodeIgniter\CodeIgniter->handleRequest(NULL, Object(Config\Cache), false)
#4 C:\xampp\htdocs\sistem-presensi\public\index.php(37): CodeIgniter\CodeIgniter->run()
#5 C:\xampp\htdocs\sistem-presensi\vendor\codeigniter4\framework\system\Commands\Server\rewrite.php(43): require_once('C:\\xampp\\htdocs...')
#6 {main}
CRITICAL - 2022-04-13 08:01:39 --> Call to undefined method App\Models\SiswaModel::data_siswa
#0 C:\xampp\htdocs\sistem-presensi\app\Controllers\Admin.php(33): CodeIgniter\Model->__call('data_siswa', Array)
#1 C:\xampp\htdocs\sistem-presensi\vendor\codeigniter4\framework\system\CodeIgniter.php(802): App\Controllers\Admin->index()
#2 C:\xampp\htdocs\sistem-presensi\vendor\codeigniter4\framework\system\CodeIgniter.php(399): CodeIgniter\CodeIgniter->runController(Object(App\Controllers\Admin))
#3 C:\xampp\htdocs\sistem-presensi\vendor\codeigniter4\framework\system\CodeIgniter.php(317): CodeIgniter\CodeIgniter->handleRequest(NULL, Object(Config\Cache), false)
#4 C:\xampp\htdocs\sistem-presensi\public\index.php(37): CodeIgniter\CodeIgniter->run()
#5 C:\xampp\htdocs\sistem-presensi\vendor\codeigniter4\framework\system\Commands\Server\rewrite.php(43): require_once('C:\\xampp\\htdocs...')
#6 {main}
CRITICAL - 2022-04-13 08:24:17 --> Undefined array key "isn"
#0 C:\xampp\htdocs\sistem-presensi\app\Views\admin\daftar_siswa.php(53): CodeIgniter\Debug\Exceptions->errorHandler(2, 'Undefined array...', 'C:\\xampp\\htdocs...', 53)
#1 C:\xampp\htdocs\sistem-presensi\vendor\codeigniter4\framework\system\View\View.php(214): include('C:\\xampp\\htdocs...')
#2 C:\xampp\htdocs\sistem-presensi\vendor\codeigniter4\framework\system\View\View.php(217): CodeIgniter\View\View->CodeIgniter\View\{closure}()
#3 C:\xampp\htdocs\sistem-presensi\vendor\codeigniter4\framework\system\Common.php(1092): CodeIgniter\View\View->render('admin/daftar_si...', Array, true)
#4 C:\xampp\htdocs\sistem-presensi\app\Controllers\Admin.php(288): view('admin/daftar_si...', Array)
#5 C:\xampp\htdocs\sistem-presensi\vendor\codeigniter4\framework\system\CodeIgniter.php(802): App\Controllers\Admin->daftar_siswa()
#6 C:\xampp\htdocs\sistem-presensi\vendor\codeigniter4\framework\system\CodeIgniter.php(399): CodeIgniter\CodeIgniter->runController(Object(App\Controllers\Admin))
#7 C:\xampp\htdocs\sistem-presensi\vendor\codeigniter4\framework\system\CodeIgniter.php(317): CodeIgniter\CodeIgniter->handleRequest(NULL, Object(Config\Cache), false)
#8 C:\xampp\htdocs\sistem-presensi\public\index.php(37): CodeIgniter\CodeIgniter->run()
#9 C:\xampp\htdocs\sistem-presensi\vendor\codeigniter4\framework\system\Commands\Server\rewrite.php(43): require_once('C:\\xampp\\htdocs...')
#10 {main}
ERROR - 2022-04-13 08:34:08 --> Unknown column 'NIK' in 'NEW'
CRITICAL - 2022-04-13 08:34:08 --> Unknown column 'NIK' in 'NEW'
#0 C:\xampp\htdocs\sistem-presensi\vendor\codeigniter4\framework\system\Database\MySQLi\Connection.php(280): mysqli->query('INSERT INTO `da...')
#1 C:\xampp\htdocs\sistem-presensi\vendor\codeigniter4\framework\system\Database\BaseConnection.php(663): CodeIgniter\Database\MySQLi\Connection->execute('INSERT INTO `da...')
#2 C:\xampp\htdocs\sistem-presensi\vendor\codeigniter4\framework\system\Database\BaseConnection.php(591): CodeIgniter\Database\BaseConnection->simpleQuery('INSERT INTO `da...')
#3 C:\xampp\htdocs\sistem-presensi\vendor\codeigniter4\framework\system\Database\BaseBuilder.php(1733): CodeIgniter\Database\BaseConnection->query('INSERT INTO `da...', Array, false)
#4 C:\xampp\htdocs\sistem-presensi\vendor\codeigniter4\framework\system\Model.php(239): CodeIgniter\Database\BaseBuilder->insert()
#5 C:\xampp\htdocs\sistem-presensi\vendor\codeigniter4\framework\system\BaseModel.php(738): CodeIgniter\Model->doInsert(Array)
#6 C:\xampp\htdocs\sistem-presensi\vendor\codeigniter4\framework\system\Model.php(620): CodeIgniter\BaseModel->insert(Array, false)
#7 C:\xampp\htdocs\sistem-presensi\vendor\codeigniter4\framework\system\BaseModel.php(658): CodeIgniter\Model->insert(Array, false)
#8 C:\xampp\htdocs\sistem-presensi\app\Controllers\Admin.php(118): CodeIgniter\BaseModel->save(Array)
#9 C:\xampp\htdocs\sistem-presensi\vendor\codeigniter4\framework\system\CodeIgniter.php(802): App\Controllers\Admin->save()
#10 C:\xampp\htdocs\sistem-presensi\vendor\codeigniter4\framework\system\CodeIgniter.php(399): CodeIgniter\CodeIgniter->runController(Object(App\Controllers\Admin))
#11 C:\xampp\htdocs\sistem-presensi\vendor\codeigniter4\framework\system\CodeIgniter.php(317): CodeIgniter\CodeIgniter->handleRequest(NULL, Object(Config\Cache), false)
#12 C:\xampp\htdocs\sistem-presensi\public\index.php(37): CodeIgniter\CodeIgniter->run()
#13 C:\xampp\htdocs\sistem-presensi\vendor\codeigniter4\framework\system\Commands\Server\rewrite.php(43): require_once('C:\\xampp\\htdocs...')
#14 {main}
ERROR - 2022-04-13 08:37:18 --> Unknown column 'NIK' in 'NEW'
CRITICAL - 2022-04-13 08:37:18 --> Unknown column 'NIK' in 'NEW'
#0 C:\xampp\htdocs\sistem-presensi\vendor\codeigniter4\framework\system\Database\MySQLi\Connection.php(280): mysqli->query('INSERT INTO `da...')
#1 C:\xampp\htdocs\sistem-presensi\vendor\codeigniter4\framework\system\Database\BaseConnection.php(663): CodeIgniter\Database\MySQLi\Connection->execute('INSERT INTO `da...')
#2 C:\xampp\htdocs\sistem-presensi\vendor\codeigniter4\framework\system\Database\BaseConnection.php(591): CodeIgniter\Database\BaseConnection->simpleQuery('INSERT INTO `da...')
#3 C:\xampp\htdocs\sistem-presensi\vendor\codeigniter4\framework\system\Database\BaseBuilder.php(1733): CodeIgniter\Database\BaseConnection->query('INSERT INTO `da...', Array, false)
#4 C:\xampp\htdocs\sistem-presensi\vendor\codeigniter4\framework\system\Model.php(239): CodeIgniter\Database\BaseBuilder->insert()
#5 C:\xampp\htdocs\sistem-presensi\vendor\codeigniter4\framework\system\BaseModel.php(738): CodeIgniter\Model->doInsert(Array)
#6 C:\xampp\htdocs\sistem-presensi\vendor\codeigniter4\framework\system\Model.php(620): CodeIgniter\BaseModel->insert(Array, false)
#7 C:\xampp\htdocs\sistem-presensi\vendor\codeigniter4\framework\system\BaseModel.php(658): CodeIgniter\Model->insert(Array, false)
#8 C:\xampp\htdocs\sistem-presensi\app\Controllers\Admin.php(118): CodeIgniter\BaseModel->save(Array)
#9 C:\xampp\htdocs\sistem-presensi\vendor\codeigniter4\framework\system\CodeIgniter.php(802): App\Controllers\Admin->save()
#10 C:\xampp\htdocs\sistem-presensi\vendor\codeigniter4\framework\system\CodeIgniter.php(399): CodeIgniter\CodeIgniter->runController(Object(App\Controllers\Admin))
#11 C:\xampp\htdocs\sistem-presensi\vendor\codeigniter4\framework\system\CodeIgniter.php(317): CodeIgniter\CodeIgniter->handleRequest(NULL, Object(Config\Cache), false)
#12 C:\xampp\htdocs\sistem-presensi\public\index.php(37): CodeIgniter\CodeIgniter->run()
#13 C:\xampp\htdocs\sistem-presensi\vendor\codeigniter4\framework\system\Commands\Server\rewrite.php(43): require_once('C:\\xampp\\htdocs...')
#14 {main}
ERROR - 2022-04-13 08:38:50 --> Unknown column 'NIK' in 'NEW'
CRITICAL - 2022-04-13 08:38:50 --> Unknown column 'NIK' in 'NEW'
#0 C:\xampp\htdocs\sistem-presensi\vendor\codeigniter4\framework\system\Database\MySQLi\Connection.php(280): mysqli->query('INSERT INTO `da...')
#1 C:\xampp\htdocs\sistem-presensi\vendor\codeigniter4\framework\system\Database\BaseConnection.php(663): CodeIgniter\Database\MySQLi\Connection->execute('INSERT INTO `da...')
#2 C:\xampp\htdocs\sistem-presensi\vendor\codeigniter4\framework\system\Database\BaseConnection.php(591): CodeIgniter\Database\BaseConnection->simpleQuery('INSERT INTO `da...')
#3 C:\xampp\htdocs\sistem-presensi\vendor\codeigniter4\framework\system\Database\BaseBuilder.php(1733): CodeIgniter\Database\BaseConnection->query('INSERT INTO `da...', Array, false)
#4 C:\xampp\htdocs\sistem-presensi\vendor\codeigniter4\framework\system\Model.php(239): CodeIgniter\Database\BaseBuilder->insert()
#5 C:\xampp\htdocs\sistem-presensi\vendor\codeigniter4\framework\system\BaseModel.php(738): CodeIgniter\Model->doInsert(Array)
#6 C:\xampp\htdocs\sistem-presensi\vendor\codeigniter4\framework\system\Model.php(620): CodeIgniter\BaseModel->insert(Array, false)
#7 C:\xampp\htdocs\sistem-presensi\vendor\codeigniter4\framework\system\BaseModel.php(658): CodeIgniter\Model->insert(Array, false)
#8 C:\xampp\htdocs\sistem-presensi\app\Controllers\Admin.php(118): CodeIgniter\BaseModel->save(Array)
#9 C:\xampp\htdocs\sistem-presensi\vendor\codeigniter4\framework\system\CodeIgniter.php(802): App\Controllers\Admin->save()
#10 C:\xampp\htdocs\sistem-presensi\vendor\codeigniter4\framework\system\CodeIgniter.php(399): CodeIgniter\CodeIgniter->runController(Object(App\Controllers\Admin))
#11 C:\xampp\htdocs\sistem-presensi\vendor\codeigniter4\framework\system\CodeIgniter.php(317): CodeIgniter\CodeIgniter->handleRequest(NULL, Object(Config\Cache), false)
#12 C:\xampp\htdocs\sistem-presensi\public\index.php(37): CodeIgniter\CodeIgniter->run()
#13 C:\xampp\htdocs\sistem-presensi\vendor\codeigniter4\framework\system\Commands\Server\rewrite.php(43): require_once('C:\\xampp\\htdocs...')
#14 {main}
CRITICAL - 2022-04-13 08:41:23 --> Invalid file: admin/mutasi_staff.php
#0 C:\xampp\htdocs\sistem-presensi\vendor\codeigniter4\framework\system\View\View.php(198): CodeIgniter\Exceptions\FrameworkException::forInvalidFile('admin/mutasi_st...')
#1 C:\xampp\htdocs\sistem-presensi\vendor\codeigniter4\framework\system\Common.php(1092): CodeIgniter\View\View->render('admin/mutasi_st...', Array, true)
#2 C:\xampp\htdocs\sistem-presensi\app\Controllers\Admin.php(320): view('admin/mutasi_st...', Array)
#3 C:\xampp\htdocs\sistem-presensi\vendor\codeigniter4\framework\system\CodeIgniter.php(802): App\Controllers\Admin->mutasi_staff()
#4 C:\xampp\htdocs\sistem-presensi\vendor\codeigniter4\framework\system\CodeIgniter.php(399): CodeIgniter\CodeIgniter->runController(Object(App\Controllers\Admin))
#5 C:\xampp\htdocs\sistem-presensi\vendor\codeigniter4\framework\system\CodeIgniter.php(317): CodeIgniter\CodeIgniter->handleRequest(NULL, Object(Config\Cache), false)
#6 C:\xampp\htdocs\sistem-presensi\public\index.php(37): CodeIgniter\CodeIgniter->run()
#7 C:\xampp\htdocs\sistem-presensi\vendor\codeigniter4\framework\system\Commands\Server\rewrite.php(43): require_once('C:\\xampp\\htdocs...')
#8 {main}
CRITICAL - 2022-04-13 08:42:05 --> Invalid file: admin/mutasi_staff.php
#0 C:\xampp\htdocs\sistem-presensi\vendor\codeigniter4\framework\system\View\View.php(198): CodeIgniter\Exceptions\FrameworkException::forInvalidFile('admin/mutasi_st...')
#1 C:\xampp\htdocs\sistem-presensi\vendor\codeigniter4\framework\system\Common.php(1092): CodeIgniter\View\View->render('admin/mutasi_st...', Array, true)
#2 C:\xampp\htdocs\sistem-presensi\app\Controllers\Admin.php(320): view('admin/mutasi_st...', Array)
#3 C:\xampp\htdocs\sistem-presensi\vendor\codeigniter4\framework\system\CodeIgniter.php(802): App\Controllers\Admin->mutasi_staff()
#4 C:\xampp\htdocs\sistem-presensi\vendor\codeigniter4\framework\system\CodeIgniter.php(399): CodeIgniter\CodeIgniter->runController(Object(App\Controllers\Admin))
#5 C:\xampp\htdocs\sistem-presensi\vendor\codeigniter4\framework\system\CodeIgniter.php(317): CodeIgniter\CodeIgniter->handleRequest(NULL, Object(Config\Cache), false)
#6 C:\xampp\htdocs\sistem-presensi\public\index.php(37): CodeIgniter\CodeIgniter->run()
#7 C:\xampp\htdocs\sistem-presensi\vendor\codeigniter4\framework\system\Commands\Server\rewrite.php(43): require_once('C:\\xampp\\htdocs...')
#8 {main}
CRITICAL - 2022-04-13 09:02:08 --> Undefined variable $staff
#0 C:\xampp\htdocs\sistem-presensi\app\Views\admin\edit_histori.php(7): CodeIgniter\Debug\Exceptions->errorHandler(2, 'Undefined varia...', 'C:\\xampp\\htdocs...', 7)
#1 C:\xampp\htdocs\sistem-presensi\vendor\codeigniter4\framework\system\View\View.php(214): include('C:\\xampp\\htdocs...')
#2 C:\xampp\htdocs\sistem-presensi\vendor\codeigniter4\framework\system\View\View.php(217): CodeIgniter\View\View->CodeIgniter\View\{closure}()
#3 C:\xampp\htdocs\sistem-presensi\vendor\codeigniter4\framework\system\Common.php(1092): CodeIgniter\View\View->render('admin/edit_hist...', Array, true)
#4 C:\xampp\htdocs\sistem-presensi\app\Controllers\Admin.php(212): view('admin/edit_hist...', Array)
#5 C:\xampp\htdocs\sistem-presensi\vendor\codeigniter4\framework\system\CodeIgniter.php(802): App\Controllers\Admin->editStatus('99')
#6 C:\xampp\htdocs\sistem-presensi\vendor\codeigniter4\framework\system\CodeIgniter.php(399): CodeIgniter\CodeIgniter->runController(Object(App\Controllers\Admin))
#7 C:\xampp\htdocs\sistem-presensi\vendor\codeigniter4\framework\system\CodeIgniter.php(317): CodeIgniter\CodeIgniter->handleRequest(NULL, Object(Config\Cache), false)
#8 C:\xampp\htdocs\sistem-presensi\public\index.php(37): CodeIgniter\CodeIgniter->run()
#9 C:\xampp\htdocs\sistem-presensi\vendor\codeigniter4\framework\system\Commands\Server\rewrite.php(43): require_once('C:\\xampp\\htdocs...')
#10 {main}
CRITICAL - 2022-04-13 09:03:10 --> Undefined variable $jabat
#0 C:\xampp\htdocs\sistem-presensi\app\Views\admin\edit_histori.php(12): CodeIgniter\Debug\Exceptions->errorHandler(2, 'Undefined varia...', 'C:\\xampp\\htdocs...', 12)
#1 C:\xampp\htdocs\sistem-presensi\vendor\codeigniter4\framework\system\View\View.php(214): include('C:\\xampp\\htdocs...')
#2 C:\xampp\htdocs\sistem-presensi\vendor\codeigniter4\framework\system\View\View.php(217): CodeIgniter\View\View->CodeIgniter\View\{closure}()
#3 C:\xampp\htdocs\sistem-presensi\vendor\codeigniter4\framework\system\Common.php(1092): CodeIgniter\View\View->render('admin/edit_hist...', Array, true)
#4 C:\xampp\htdocs\sistem-presensi\app\Controllers\Admin.php(212): view('admin/edit_hist...', Array)
#5 C:\xampp\htdocs\sistem-presensi\vendor\codeigniter4\framework\system\CodeIgniter.php(802): App\Controllers\Admin->editStatus('99')
#6 C:\xampp\htdocs\sistem-presensi\vendor\codeigniter4\framework\system\CodeIgniter.php(399): CodeIgniter\CodeIgniter->runController(Object(App\Controllers\Admin))
#7 C:\xampp\htdocs\sistem-presensi\vendor\codeigniter4\framework\system\CodeIgniter.php(317): CodeIgniter\CodeIgniter->handleRequest(NULL, Object(Config\Cache), false)
#8 C:\xampp\htdocs\sistem-presensi\public\index.php(37): CodeIgniter\CodeIgniter->run()
#9 C:\xampp\htdocs\sistem-presensi\vendor\codeigniter4\framework\system\Commands\Server\rewrite.php(43): require_once('C:\\xampp\\htdocs...')
#10 {main}
CRITICAL - 2022-04-13 09:08:25 --> Too few arguments to function App\Controllers\Admin::mutasi(), 0 passed in C:\xampp\htdocs\sistem-presensi\vendor\codeigniter4\framework\system\CodeIgniter.php on line 802 and exactly 1 expected
#0 C:\xampp\htdocs\sistem-presensi\vendor\codeigniter4\framework\system\CodeIgniter.php(802): App\Controllers\Admin->mutasi()
#1 C:\xampp\htdocs\sistem-presensi\vendor\codeigniter4\framework\system\CodeIgniter.php(399): CodeIgniter\CodeIgniter->runController(Object(App\Controllers\Admin))
#2 C:\xampp\htdocs\sistem-presensi\vendor\codeigniter4\framework\system\CodeIgniter.php(317): CodeIgniter\CodeIgniter->handleRequest(NULL, Object(Config\Cache), false)
#3 C:\xampp\htdocs\sistem-presensi\public\index.php(37): CodeIgniter\CodeIgniter->run()
#4 C:\xampp\htdocs\sistem-presensi\vendor\codeigniter4\framework\system\Commands\Server\rewrite.php(43): require_once('C:\\xampp\\htdocs...')
#5 {main}
CRITICAL - 2022-04-13 09:09:43 --> Undefined property: App\Controllers\Admin::$jabatanModel
#0 C:\xampp\htdocs\sistem-presensi\app\Controllers\Admin.php(170): CodeIgniter\Debug\Exceptions->errorHandler(2, 'Undefined prope...', 'C:\\xampp\\htdocs...', 170)
#1 C:\xampp\htdocs\sistem-presensi\vendor\codeigniter4\framework\system\CodeIgniter.php(802): App\Controllers\Admin->mutasi('99')
#2 C:\xampp\htdocs\sistem-presensi\vendor\codeigniter4\framework\system\CodeIgniter.php(399): CodeIgniter\CodeIgniter->runController(Object(App\Controllers\Admin))
#3 C:\xampp\htdocs\sistem-presensi\vendor\codeigniter4\framework\system\CodeIgniter.php(317): CodeIgniter\CodeIgniter->handleRequest(NULL, Object(Config\Cache), false)
#4 C:\xampp\htdocs\sistem-presensi\public\index.php(37): CodeIgniter\CodeIgniter->run()
#5 C:\xampp\htdocs\sistem-presensi\vendor\codeigniter4\framework\system\Commands\Server\rewrite.php(43): require_once('C:\\xampp\\htdocs...')
#6 {main}
CRITICAL - 2022-04-13 09:10:24 --> Cannot access offset of type string on string
#0 C:\xampp\htdocs\sistem-presensi\vendor\codeigniter4\framework\system\View\View.php(214): include()
#1 C:\xampp\htdocs\sistem-presensi\vendor\codeigniter4\framework\system\View\View.php(217): CodeIgniter\View\View->CodeIgniter\View\{closure}()
#2 C:\xampp\htdocs\sistem-presensi\vendor\codeigniter4\framework\system\Common.php(1092): CodeIgniter\View\View->render('admin/mutasi', Array, true)
#3 C:\xampp\htdocs\sistem-presensi\app\Controllers\Admin.php(175): view('admin/mutasi', Array)
#4 C:\xampp\htdocs\sistem-presensi\vendor\codeigniter4\framework\system\CodeIgniter.php(802): App\Controllers\Admin->mutasi('99')
#5 C:\xampp\htdocs\sistem-presensi\vendor\codeigniter4\framework\system\CodeIgniter.php(399): CodeIgniter\CodeIgniter->runController(Object(App\Controllers\Admin))
#6 C:\xampp\htdocs\sistem-presensi\vendor\codeigniter4\framework\system\CodeIgniter.php(317): CodeIgniter\CodeIgniter->handleRequest(NULL, Object(Config\Cache), false)
#7 C:\xampp\htdocs\sistem-presensi\public\index.php(37): CodeIgniter\CodeIgniter->run()
#8 C:\xampp\htdocs\sistem-presensi\vendor\codeigniter4\framework\system\Commands\Server\rewrite.php(43): require_once('C:\\xampp\\htdocs...')
#9 {main}
CRITICAL - 2022-04-13 09:16:07 --> Undefined array key "id"
#0 C:\xampp\htdocs\sistem-presensi\app\Views\admin\mutasi.php(7): CodeIgniter\Debug\Exceptions->errorHandler(2, 'Undefined array...', 'C:\\xampp\\htdocs...', 7)
#1 C:\xampp\htdocs\sistem-presensi\vendor\codeigniter4\framework\system\View\View.php(214): include('C:\\xampp\\htdocs...')
#2 C:\xampp\htdocs\sistem-presensi\vendor\codeigniter4\framework\system\View\View.php(217): CodeIgniter\View\View->CodeIgniter\View\{closure}()
#3 C:\xampp\htdocs\sistem-presensi\vendor\codeigniter4\framework\system\Common.php(1092): CodeIgniter\View\View->render('admin/mutasi', Array, true)
#4 C:\xampp\htdocs\sistem-presensi\app\Controllers\Admin.php(175): view('admin/mutasi', Array)
#5 C:\xampp\htdocs\sistem-presensi\vendor\codeigniter4\framework\system\CodeIgniter.php(802): App\Controllers\Admin->mutasi('99')
#6 C:\xampp\htdocs\sistem-presensi\vendor\codeigniter4\framework\system\CodeIgniter.php(399): CodeIgniter\CodeIgniter->runController(Object(App\Controllers\Admin))
#7 C:\xampp\htdocs\sistem-presensi\vendor\codeigniter4\framework\system\CodeIgniter.php(317): CodeIgniter\CodeIgniter->handleRequest(NULL, Object(Config\Cache), false)
#8 C:\xampp\htdocs\sistem-presensi\public\index.php(37): CodeIgniter\CodeIgniter->run()
#9 C:\xampp\htdocs\sistem-presensi\vendor\codeigniter4\framework\system\Commands\Server\rewrite.php(43): require_once('C:\\xampp\\htdocs...')
#10 {main}
CRITICAL - 2022-04-13 09:16:32 --> Cannot access offset of type string on string
#0 C:\xampp\htdocs\sistem-presensi\vendor\codeigniter4\framework\system\View\View.php(214): include()
#1 C:\xampp\htdocs\sistem-presensi\vendor\codeigniter4\framework\system\View\View.php(217): CodeIgniter\View\View->CodeIgniter\View\{closure}()
#2 C:\xampp\htdocs\sistem-presensi\vendor\codeigniter4\framework\system\Common.php(1092): CodeIgniter\View\View->render('admin/mutasi', Array, true)
#3 C:\xampp\htdocs\sistem-presensi\app\Controllers\Admin.php(175): view('admin/mutasi', Array)
#4 C:\xampp\htdocs\sistem-presensi\vendor\codeigniter4\framework\system\CodeIgniter.php(802): App\Controllers\Admin->mutasi('99')
#5 C:\xampp\htdocs\sistem-presensi\vendor\codeigniter4\framework\system\CodeIgniter.php(399): CodeIgniter\CodeIgniter->runController(Object(App\Controllers\Admin))
#6 C:\xampp\htdocs\sistem-presensi\vendor\codeigniter4\framework\system\CodeIgniter.php(317): CodeIgniter\CodeIgniter->handleRequest(NULL, Object(Config\Cache), false)
#7 C:\xampp\htdocs\sistem-presensi\public\index.php(37): CodeIgniter\CodeIgniter->run()
#8 C:\xampp\htdocs\sistem-presensi\vendor\codeigniter4\framework\system\Commands\Server\rewrite.php(43): require_once('C:\\xampp\\htdocs...')
#9 {main}
CRITICAL - 2022-04-13 09:16:46 --> Cannot access offset of type string on string
#0 C:\xampp\htdocs\sistem-presensi\vendor\codeigniter4\framework\system\View\View.php(214): include()
#1 C:\xampp\htdocs\sistem-presensi\vendor\codeigniter4\framework\system\View\View.php(217): CodeIgniter\View\View->CodeIgniter\View\{closure}()
#2 C:\xampp\htdocs\sistem-presensi\vendor\codeigniter4\framework\system\Common.php(1092): CodeIgniter\View\View->render('admin/mutasi', Array, true)
#3 C:\xampp\htdocs\sistem-presensi\app\Controllers\Admin.php(175): view('admin/mutasi', Array)
#4 C:\xampp\htdocs\sistem-presensi\vendor\codeigniter4\framework\system\CodeIgniter.php(802): App\Controllers\Admin->mutasi('99')
#5 C:\xampp\htdocs\sistem-presensi\vendor\codeigniter4\framework\system\CodeIgniter.php(399): CodeIgniter\CodeIgniter->runController(Object(App\Controllers\Admin))
#6 C:\xampp\htdocs\sistem-presensi\vendor\codeigniter4\framework\system\CodeIgniter.php(317): CodeIgniter\CodeIgniter->handleRequest(NULL, Object(Config\Cache), false)
#7 C:\xampp\htdocs\sistem-presensi\public\index.php(37): CodeIgniter\CodeIgniter->run()
#8 C:\xampp\htdocs\sistem-presensi\vendor\codeigniter4\framework\system\Commands\Server\rewrite.php(43): require_once('C:\\xampp\\htdocs...')
#9 {main}
CRITICAL - 2022-04-13 10:54:16 --> Trying to access array offset on value of type null
#0 C:\xampp\htdocs\sistem-presensi\app\Views\admin\edit.php(7): CodeIgniter\Debug\Exceptions->errorHandler(2, 'Trying to acces...', 'C:\\xampp\\htdocs...', 7)
#1 C:\xampp\htdocs\sistem-presensi\vendor\codeigniter4\framework\system\View\View.php(214): include('C:\\xampp\\htdocs...')
#2 C:\xampp\htdocs\sistem-presensi\vendor\codeigniter4\framework\system\View\View.php(217): CodeIgniter\View\View->CodeIgniter\View\{closure}()
#3 C:\xampp\htdocs\sistem-presensi\vendor\codeigniter4\framework\system\Common.php(1092): CodeIgniter\View\View->render('admin/edit', Array, true)
#4 C:\xampp\htdocs\sistem-presensi\app\Controllers\Admin.php(132): view('admin/edit', Array)
#5 C:\xampp\htdocs\sistem-presensi\vendor\codeigniter4\framework\system\CodeIgniter.php(802): App\Controllers\Admin->edit('1')
#6 C:\xampp\htdocs\sistem-presensi\vendor\codeigniter4\framework\system\CodeIgniter.php(399): CodeIgniter\CodeIgniter->runController(Object(App\Controllers\Admin))
#7 C:\xampp\htdocs\sistem-presensi\vendor\codeigniter4\framework\system\CodeIgniter.php(317): CodeIgniter\CodeIgniter->handleRequest(NULL, Object(Config\Cache), false)
#8 C:\xampp\htdocs\sistem-presensi\public\index.php(37): CodeIgniter\CodeIgniter->run()
#9 C:\xampp\htdocs\sistem-presensi\vendor\codeigniter4\framework\system\Commands\Server\rewrite.php(43): require_once('C:\\xampp\\htdocs...')
#10 {main}
